17964 (out of 15920737) words in dict
14957666 training, 963071 testing
1541820 restaurants created
6032.09kB of test data
ITER   0: d0 = 0.353; d1 = 0.676; d2 = 0.675; PPLX 2^6.89 = 119.0
ITER   1: d0 = 0.470; d1 = 0.694; d2 = 0.705; PPLX 2^6.88 = 117.9
ITER   2: d0 = 0.341; d1 = 0.674; d2 = 0.692; PPLX 2^6.88 = 118.1
ITER   3: d0 = 0.326; d1 = 0.692; d2 = 0.684; PPLX 2^6.89 = 118.2
ITER   4: d0 = 0.318; d1 = 0.664; d2 = 0.700; PPLX 2^6.88 = 117.8
ITER   5: d0 = 0.344; d1 = 0.670; d2 = 0.685; PPLX 2^6.88 = 118.2
ITER   6: d0 = 0.355; d1 = 0.659; d2 = 0.683; PPLX 2^6.89 = 118.3
ITER   7: d0 = 0.386; d1 = 0.669; d2 = 0.679; PPLX 2^6.89 = 118.3
ITER   8: d0 = 0.411; d1 = 0.661; d2 = 0.685; PPLX 2^6.89 = 118.2
ITER   9: d0 = 0.287; d1 = 0.695; d2 = 0.658; PPLX 2^6.89 = 118.9
ITER  10: d0 = 0.341; d1 = 0.666; d2 = 0.671; PPLX 2^6.89 = 118.6
ITER  11: d0 = 0.344; d1 = 0.668; d2 = 0.678; PPLX 2^6.89 = 118.4
ITER  12: d0 = 0.356; d1 = 0.660; d2 = 0.681; PPLX 2^6.89 = 118.3
ITER  13: d0 = 0.275; d1 = 0.692; d2 = 0.687; PPLX 2^6.88 = 118.1
ITER  14: d0 = 0.311; d1 = 0.709; d2 = 0.656; PPLX 2^6.89 = 119.0
ITER  15: d0 = 0.320; d1 = 0.692; d2 = 0.698; PPLX 2^6.88 = 117.8
ITER  16: d0 = 0.327; d1 = 0.679; d2 = 0.693; PPLX 2^6.88 = 118.0
ITER  17: d0 = 0.287; d1 = 0.676; d2 = 0.669; PPLX 2^6.89 = 118.7
ITER  18: d0 = 0.337; d1 = 0.656; d2 = 0.678; PPLX 2^6.89 = 118.4
ITER  19: d0 = 0.339; d1 = 0.673; d2 = 0.695; PPLX 2^6.88 = 117.9
ITER  20: d0 = 0.344; d1 = 0.667; d2 = 0.700; PPLX 2^6.88 = 117.8
ITER  21: d0 = 0.274; d1 = 0.657; d2 = 0.669; PPLX 2^6.89 = 118.7
ITER  22: d0 = 0.423; d1 = 0.655; d2 = 0.691; PPLX 2^6.88 = 118.1
ITER  23: d0 = 0.345; d1 = 0.671; d2 = 0.693; PPLX 2^6.88 = 118.0
ITER  24: d0 = 0.301; d1 = 0.664; d2 = 0.665; PPLX 2^6.89 = 118.9
ITER  25: d0 = 0.381; d1 = 0.654; d2 = 0.690; PPLX 2^6.88 = 118.2
ITER  26: d0 = 0.279; d1 = 0.677; d2 = 0.673; PPLX 2^6.89 = 118.6
ITER  27: d0 = 0.412; d1 = 0.656; d2 = 0.690; PPLX 2^6.88 = 118.2
ITER  28: d0 = 0.275; d1 = 0.689; d2 = 0.667; PPLX 2^6.89 = 118.7
ITER  29: d0 = 0.271; d1 = 0.657; d2 = 0.663; PPLX 2^6.89 = 118.9
ITER  30: d0 = 0.280; d1 = 0.689; d2 = 0.670; PPLX 2^6.89 = 118.6
ITER  31: d0 = 0.282; d1 = 0.684; d2 = 0.663; PPLX 2^6.89 = 118.9
ITER  32: d0 = 0.460; d1 = 0.679; d2 = 0.679; PPLX 2^6.89 = 118.4
ITER  33: d0 = 0.377; d1 = 0.636; d2 = 0.669; PPLX 2^6.89 = 118.8
ITER  34: d0 = 0.421; d1 = 0.671; d2 = 0.676; PPLX 2^6.89 = 118.5
ITER  35: d0 = 0.287; d1 = 0.684; d2 = 0.676; PPLX 2^6.89 = 118.5
ITER  36: d0 = 0.406; d1 = 0.664; d2 = 0.665; PPLX 2^6.89 = 118.9
ITER  37: d0 = 0.305; d1 = 0.678; d2 = 0.682; PPLX 2^6.89 = 118.3
ITER  38: d0 = 0.414; d1 = 0.675; d2 = 0.667; PPLX 2^6.89 = 118.8
ITER  39: d0 = 0.430; d1 = 0.683; d2 = 0.674; PPLX 2^6.89 = 118.5
ITER  40: d0 = 0.272; d1 = 0.662; d2 = 0.670; PPLX 2^6.89 = 118.7
ITER  41: d0 = 0.324; d1 = 0.650; d2 = 0.671; PPLX 2^6.89 = 118.7
ITER  42: d0 = 0.317; d1 = 0.659; d2 = 0.676; PPLX 2^6.89 = 118.6
ITER  43: d0 = 0.354; d1 = 0.676; d2 = 0.664; PPLX 2^6.89 = 118.9
ITER  44: d0 = 0.268; d1 = 0.660; d2 = 0.675; PPLX 2^6.89 = 118.6
ITER  45: d0 = 0.289; d1 = 0.656; d2 = 0.668; PPLX 2^6.89 = 118.8
ITER  46: d0 = 0.454; d1 = 0.672; d2 = 0.672; PPLX 2^6.89 = 118.7
ITER  47: d0 = 0.278; d1 = 0.663; d2 = 0.666; PPLX 2^6.89 = 118.8
ITER  48: d0 = 0.278; d1 = 0.701; d2 = 0.698; PPLX 2^6.88 = 117.9
ITER  49: d0 = 0.442; d1 = 0.660; d2 = 0.684; PPLX 2^6.89 = 118.4
ITER  50: d0 = 0.308; d1 = 0.677; d2 = 0.676; PPLX 2^6.89 = 118.5
ITER  51: d0 = 0.403; d1 = 0.692; d2 = 0.664; PPLX 2^6.89 = 118.9
ITER  52: d0 = 0.285; d1 = 0.652; d2 = 0.667; PPLX 2^6.89 = 118.9
ITER  53: d0 = 0.392; d1 = 0.677; d2 = 0.684; PPLX 2^6.89 = 118.3
ITER  54: d0 = 0.285; d1 = 0.688; d2 = 0.669; PPLX 2^6.89 = 118.7
ITER  55: d0 = 0.347; d1 = 0.670; d2 = 0.670; PPLX 2^6.89 = 118.8
ITER  56: d0 = 0.267; d1 = 0.672; d2 = 0.702; PPLX 2^6.88 = 117.8
ITER  57: d0 = 0.330; d1 = 0.672; d2 = 0.681; PPLX 2^6.89 = 118.4
ITER  58: d0 = 0.315; d1 = 0.673; d2 = 0.657; PPLX 2^6.90 = 119.1
ITER  59: d0 = 0.265; d1 = 0.661; d2 = 0.676; PPLX 2^6.89 = 118.5
ITER  60: d0 = 0.455; d1 = 0.688; d2 = 0.680; PPLX 2^6.89 = 118.4
ITER  61: d0 = 0.296; d1 = 0.636; d2 = 0.695; PPLX 2^6.88 = 118.1
ITER  62: d0 = 0.479; d1 = 0.662; d2 = 0.699; PPLX 2^6.88 = 117.9
ITER  63: d0 = 0.299; d1 = 0.657; d2 = 0.680; PPLX 2^6.89 = 118.5
ITER  64: d0 = 0.471; d1 = 0.667; d2 = 0.694; PPLX 2^6.88 = 118.1
ITER  65: d0 = 0.323; d1 = 0.681; d2 = 0.686; PPLX 2^6.89 = 118.3
ITER  66: d0 = 0.328; d1 = 0.662; d2 = 0.672; PPLX 2^6.89 = 118.7
ITER  67: d0 = 0.311; d1 = 0.699; d2 = 0.663; PPLX 2^6.89 = 118.9
ITER  68: d0 = 0.276; d1 = 0.641; d2 = 0.670; PPLX 2^6.89 = 118.8
ITER  69: d0 = 0.279; d1 = 0.642; d2 = 0.659; PPLX 2^6.90 = 119.1
ITER  70: d0 = 0.395; d1 = 0.658; d2 = 0.683; PPLX 2^6.89 = 118.4
ITER  71: d0 = 0.321; d1 = 0.643; d2 = 0.669; PPLX 2^6.89 = 118.8
ITER  72: d0 = 0.343; d1 = 0.657; d2 = 0.678; PPLX 2^6.89 = 118.5
ITER  73: d0 = 0.503; d1 = 0.688; d2 = 0.674; PPLX 2^6.89 = 118.5
ITER  74: d0 = 0.515; d1 = 0.667; d2 = 0.673; PPLX 2^6.89 = 118.6
ITER  75: d0 = 0.283; d1 = 0.675; d2 = 0.678; PPLX 2^6.89 = 118.5
ITER  76: d0 = 0.476; d1 = 0.678; d2 = 0.654; PPLX 2^6.90 = 119.2
ITER  77: d0 = 0.320; d1 = 0.680; d2 = 0.688; PPLX 2^6.89 = 118.2
ITER  78: d0 = 0.281; d1 = 0.662; d2 = 0.686; PPLX 2^6.89 = 118.3
ITER  79: d0 = 0.476; d1 = 0.691; d2 = 0.682; PPLX 2^6.89 = 118.3
ITER  80: d0 = 0.521; d1 = 0.643; d2 = 0.655; PPLX 2^6.90 = 119.3
ITER  81: d0 = 0.388; d1 = 0.667; d2 = 0.676; PPLX 2^6.89 = 118.6
ITER  82: d0 = 0.374; d1 = 0.690; d2 = 0.689; PPLX 2^6.89 = 118.2
ITER  83: d0 = 0.422; d1 = 0.665; d2 = 0.682; PPLX 2^6.89 = 118.4
ITER  84: d0 = 0.379; d1 = 0.689; d2 = 0.654; PPLX 2^6.90 = 119.2
ITER  85: d0 = 0.266; d1 = 0.664; d2 = 0.664; PPLX 2^6.89 = 118.9
ITER  86: d0 = 0.295; d1 = 0.681; d2 = 0.672; PPLX 2^6.89 = 118.7
ITER  87: d0 = 0.323; d1 = 0.658; d2 = 0.696; PPLX 2^6.88 = 118.0
ITER  88: d0 = 0.274; d1 = 0.658; d2 = 0.686; PPLX 2^6.89 = 118.3
ITER  89: d0 = 0.495; d1 = 0.679; d2 = 0.701; PPLX 2^6.88 = 117.9
ITER  90: d0 = 0.270; d1 = 0.667; d2 = 0.657; PPLX 2^6.90 = 119.1
ITER  91: d0 = 0.393; d1 = 0.649; d2 = 0.690; PPLX 2^6.89 = 118.2
ITER  92: d0 = 0.346; d1 = 0.669; d2 = 0.684; PPLX 2^6.89 = 118.3
ITER  93: d0 = 0.400; d1 = 0.651; d2 = 0.669; PPLX 2^6.89 = 118.8
ITER  94: d0 = 0.335; d1 = 0.675; d2 = 0.656; PPLX 2^6.90 = 119.2
ITER  95: d0 = 0.352; d1 = 0.667; d2 = 0.685; PPLX 2^6.89 = 118.3
ITER  96: d0 = 0.330; d1 = 0.687; d2 = 0.679; PPLX 2^6.89 = 118.4
ITER  97: d0 = 0.327; d1 = 0.683; d2 = 0.685; PPLX 2^6.89 = 118.3
ITER  98: d0 = 0.353; d1 = 0.670; d2 = 0.661; PPLX 2^6.89 = 119.0
ITER  99: d0 = 0.286; d1 = 0.636; d2 = 0.671; PPLX 2^6.89 = 118.8
ITER 100: d0 = 0.477; d1 = 0.664; d2 = 0.671; PPLX 2^6.89 = 118.7
ITER 101: d0 = 0.326; d1 = 0.659; d2 = 0.681; PPLX 2^6.89 = 118.5
ITER 102: d0 = 0.284; d1 = 0.648; d2 = 0.671; PPLX 2^6.89 = 118.8
ITER 103: d0 = 0.301; d1 = 0.643; d2 = 0.672; PPLX 2^6.89 = 118.8
ITER 104: d0 = 0.524; d1 = 0.655; d2 = 0.699; PPLX 2^6.88 = 118.0
ITER 105: d0 = 0.314; d1 = 0.635; d2 = 0.695; PPLX 2^6.88 = 118.2
ITER 106: d0 = 0.290; d1 = 0.681; d2 = 0.691; PPLX 2^6.88 = 118.1
ITER 107: d0 = 0.439; d1 = 0.641; d2 = 0.669; PPLX 2^6.89 = 118.9
ITER 108: d0 = 0.473; d1 = 0.669; d2 = 0.666; PPLX 2^6.89 = 118.9
ITER 109: d0 = 0.499; d1 = 0.690; d2 = 0.656; PPLX 2^6.90 = 119.1
ITER 110: d0 = 0.351; d1 = 0.664; d2 = 0.662; PPLX 2^6.89 = 119.0
ITER 111: d0 = 0.317; d1 = 0.650; d2 = 0.697; PPLX 2^6.88 = 118.0
ITER 112: d0 = 0.360; d1 = 0.686; d2 = 0.666; PPLX 2^6.89 = 118.8
ITER 113: d0 = 0.286; d1 = 0.669; d2 = 0.683; PPLX 2^6.89 = 118.4
ITER 114: d0 = 0.307; d1 = 0.647; d2 = 0.673; PPLX 2^6.89 = 118.7
ITER 115: d0 = 0.284; d1 = 0.652; d2 = 0.683; PPLX 2^6.89 = 118.4
ITER 116: d0 = 0.421; d1 = 0.655; d2 = 0.692; PPLX 2^6.88 = 118.2
ITER 117: d0 = 0.366; d1 = 0.655; d2 = 0.666; PPLX 2^6.89 = 118.9
ITER 118: d0 = 0.276; d1 = 0.641; d2 = 0.693; PPLX 2^6.88 = 118.2
ITER 119: d0 = 0.455; d1 = 0.695; d2 = 0.689; PPLX 2^6.88 = 118.2
ITER 120: d0 = 0.270; d1 = 0.633; d2 = 0.686; PPLX 2^6.89 = 118.4
ITER 121: d0 = 0.338; d1 = 0.661; d2 = 0.676; PPLX 2^6.89 = 118.6
ITER 122: d0 = 0.358; d1 = 0.633; d2 = 0.695; PPLX 2^6.88 = 118.2
ITER 123: d0 = 0.366; d1 = 0.671; d2 = 0.668; PPLX 2^6.89 = 118.8
ITER 124: d0 = 0.284; d1 = 0.678; d2 = 0.688; PPLX 2^6.89 = 118.2
ITER 125: d0 = 0.371; d1 = 0.672; d2 = 0.685; PPLX 2^6.89 = 118.3
ITER 126: d0 = 0.301; d1 = 0.643; d2 = 0.666; PPLX 2^6.89 = 118.9
ITER 127: d0 = 0.413; d1 = 0.675; d2 = 0.678; PPLX 2^6.89 = 118.5
ITER 128: d0 = 0.409; d1 = 0.660; d2 = 0.675; PPLX 2^6.89 = 118.6
ITER 129: d0 = 0.520; d1 = 0.702; d2 = 0.683; PPLX 2^6.89 = 118.3
ITER 130: d0 = 0.279; d1 = 0.689; d2 = 0.678; PPLX 2^6.89 = 118.5
ITER 131: d0 = 0.277; d1 = 0.672; d2 = 0.699; PPLX 2^6.88 = 117.9
ITER 132: d0 = 0.330; d1 = 0.662; d2 = 0.690; PPLX 2^6.88 = 118.2
ITER 133: d0 = 0.333; d1 = 0.675; d2 = 0.671; PPLX 2^6.89 = 118.7
ITER 134: d0 = 0.342; d1 = 0.642; d2 = 0.658; PPLX 2^6.90 = 119.2
ITER 135: d0 = 0.299; d1 = 0.684; d2 = 0.685; PPLX 2^6.89 = 118.3
ITER 136: d0 = 0.438; d1 = 0.682; d2 = 0.670; PPLX 2^6.89 = 118.7
ITER 137: d0 = 0.423; d1 = 0.661; d2 = 0.670; PPLX 2^6.89 = 118.8
ITER 138: d0 = 0.267; d1 = 0.680; d2 = 0.664; PPLX 2^6.89 = 118.9
ITER 139: d0 = 0.320; d1 = 0.658; d2 = 0.658; PPLX 2^6.90 = 119.1
ITER 140: d0 = 0.360; d1 = 0.656; d2 = 0.659; PPLX 2^6.90 = 119.1
ITER 141: d0 = 0.341; d1 = 0.660; d2 = 0.659; PPLX 2^6.90 = 119.1
ITER 142: d0 = 0.291; d1 = 0.710; d2 = 0.697; PPLX 2^6.88 = 117.9
ITER 143: d0 = 0.281; d1 = 0.695; d2 = 0.690; PPLX 2^6.88 = 118.1
ITER 144: d0 = 0.292; d1 = 0.656; d2 = 0.686; PPLX 2^6.89 = 118.3
ITER 145: d0 = 0.377; d1 = 0.661; d2 = 0.681; PPLX 2^6.89 = 118.4
ITER 146: d0 = 0.363; d1 = 0.672; d2 = 0.696; PPLX 2^6.88 = 118.0
ITER 147: d0 = 0.308; d1 = 0.661; d2 = 0.699; PPLX 2^6.88 = 118.0
ITER 148: d0 = 0.270; d1 = 0.636; d2 = 0.678; PPLX 2^6.89 = 118.6
ITER 149: d0 = 0.316; d1 = 0.633; d2 = 0.672; PPLX 2^6.89 = 118.8
ITER 150: d0 = 0.443; d1 = 0.666; d2 = 0.682; PPLX 2^6.89 = 118.4
ITER 151: d0 = 0.351; d1 = 0.664; d2 = 0.684; PPLX 2^6.89 = 118.4
ITER 152: d0 = 0.348; d1 = 0.679; d2 = 0.683; PPLX 2^6.89 = 118.4
ITER 153: d0 = 0.346; d1 = 0.676; d2 = 0.688; PPLX 2^6.89 = 118.2
ITER 154: d0 = 0.341; d1 = 0.658; d2 = 0.709; PPLX 2^6.88 = 117.7
ITER 155: d0 = 0.358; d1 = 0.687; d2 = 0.653; PPLX 2^6.90 = 119.2
ITER 156: d0 = 0.354; d1 = 0.672; d2 = 0.673; PPLX 2^6.89 = 118.6
ITER 157: d0 = 0.354; d1 = 0.698; d2 = 0.688; PPLX 2^6.88 = 118.2
ITER 158: d0 = 0.307; d1 = 0.653; d2 = 0.690; PPLX 2^6.89 = 118.2
ITER 159: d0 = 0.430; d1 = 0.667; d2 = 0.664; PPLX 2^6.89 = 118.9
ITER 160: d0 = 0.328; d1 = 0.681; d2 = 0.681; PPLX 2^6.89 = 118.4
ITER 161: d0 = 0.310; d1 = 0.658; d2 = 0.674; PPLX 2^6.89 = 118.6
ITER 162: d0 = 0.283; d1 = 0.666; d2 = 0.671; PPLX 2^6.89 = 118.7
ITER 163: d0 = 0.308; d1 = 0.634; d2 = 0.687; PPLX 2^6.89 = 118.3
ITER 164: d0 = 0.357; d1 = 0.689; d2 = 0.686; PPLX 2^6.89 = 118.2
ITER 165: d0 = 0.333; d1 = 0.633; d2 = 0.693; PPLX 2^6.88 = 118.2
ITER 166: d0 = 0.297; d1 = 0.663; d2 = 0.675; PPLX 2^6.89 = 118.6
ITER 167: d0 = 0.300; d1 = 0.659; d2 = 0.681; PPLX 2^6.89 = 118.5
ITER 168: d0 = 0.321; d1 = 0.667; d2 = 0.687; PPLX 2^6.89 = 118.3
ITER 169: d0 = 0.463; d1 = 0.696; d2 = 0.675; PPLX 2^6.89 = 118.6
ITER 170: d0 = 0.464; d1 = 0.662; d2 = 0.672; PPLX 2^6.89 = 118.7
ITER 171: d0 = 0.306; d1 = 0.687; d2 = 0.682; PPLX 2^6.89 = 118.3
ITER 172: d0 = 0.420; d1 = 0.649; d2 = 0.671; PPLX 2^6.89 = 118.7
ITER 173: d0 = 0.388; d1 = 0.652; d2 = 0.690; PPLX 2^6.89 = 118.2
ITER 174: d0 = 0.284; d1 = 0.655; d2 = 0.687; PPLX 2^6.89 = 118.3
ITER 175: d0 = 0.275; d1 = 0.679; d2 = 0.678; PPLX 2^6.89 = 118.5
ITER 176: d0 = 0.343; d1 = 0.672; d2 = 0.679; PPLX 2^6.89 = 118.5
ITER 177: d0 = 0.278; d1 = 0.668; d2 = 0.649; PPLX 2^6.90 = 119.4
ITER 178: d0 = 0.409; d1 = 0.665; d2 = 0.659; PPLX 2^6.90 = 119.1
ITER 179: d0 = 0.347; d1 = 0.655; d2 = 0.681; PPLX 2^6.89 = 118.4
ITER 180: d0 = 0.428; d1 = 0.672; d2 = 0.686; PPLX 2^6.89 = 118.3
ITER 181: d0 = 0.272; d1 = 0.682; d2 = 0.676; PPLX 2^6.89 = 118.5
ITER 182: d0 = 0.320; d1 = 0.654; d2 = 0.665; PPLX 2^6.89 = 119.0
ITER 183: d0 = 0.392; d1 = 0.643; d2 = 0.671; PPLX 2^6.89 = 118.8
ITER 184: d0 = 0.515; d1 = 0.700; d2 = 0.674; PPLX 2^6.89 = 118.5
ITER 185: d0 = 0.334; d1 = 0.643; d2 = 0.656; PPLX 2^6.90 = 119.3
ITER 186: d0 = 0.300; d1 = 0.647; d2 = 0.662; PPLX 2^6.90 = 119.1
ITER 187: d0 = 0.349; d1 = 0.640; d2 = 0.671; PPLX 2^6.89 = 118.8
ITER 188: d0 = 0.425; d1 = 0.667; d2 = 0.670; PPLX 2^6.89 = 118.8
ITER 189: d0 = 0.357; d1 = 0.641; d2 = 0.673; PPLX 2^6.89 = 118.7
ITER 190: d0 = 0.350; d1 = 0.677; d2 = 0.687; PPLX 2^6.89 = 118.3
ITER 191: d0 = 0.295; d1 = 0.663; d2 = 0.673; PPLX 2^6.89 = 118.7
ITER 192: d0 = 0.262; d1 = 0.697; d2 = 0.678; PPLX 2^6.89 = 118.5
ITER 193: d0 = 0.285; d1 = 0.655; d2 = 0.679; PPLX 2^6.89 = 118.5
ITER 194: d0 = 0.377; d1 = 0.690; d2 = 0.679; PPLX 2^6.89 = 118.5
ITER 195: d0 = 0.265; d1 = 0.668; d2 = 0.696; PPLX 2^6.88 = 118.0
ITER 196: d0 = 0.290; d1 = 0.660; d2 = 0.661; PPLX 2^6.90 = 119.1
ITER 197: d0 = 0.341; d1 = 0.674; d2 = 0.675; PPLX 2^6.89 = 118.6
ITER 198: d0 = 0.367; d1 = 0.672; d2 = 0.683; PPLX 2^6.89 = 118.4
ITER 199: d0 = 0.363; d1 = 0.690; d2 = 0.684; PPLX 2^6.89 = 118.3
ITER 200: d0 = 0.327; d1 = 0.657; d2 = 0.687; PPLX 2^6.89 = 118.2
ITER 201: d0 = 0.422; d1 = 0.656; d2 = 0.678; PPLX 2^6.89 = 118.5
ITER 202: d0 = 0.308; d1 = 0.685; d2 = 0.668; PPLX 2^6.89 = 118.8
ITER 203: d0 = 0.499; d1 = 0.668; d2 = 0.691; PPLX 2^6.88 = 118.1
ITER 204: d0 = 0.286; d1 = 0.671; d2 = 0.688; PPLX 2^6.89 = 118.2
ITER 205: d0 = 0.414; d1 = 0.698; d2 = 0.697; PPLX 2^6.88 = 117.9
ITER 206: d0 = 0.320; d1 = 0.651; d2 = 0.660; PPLX 2^6.90 = 119.1
ITER 207: d0 = 0.274; d1 = 0.664; d2 = 0.659; PPLX 2^6.90 = 119.1
ITER 208: d0 = 0.447; d1 = 0.686; d2 = 0.691; PPLX 2^6.88 = 118.1
ITER 209: d0 = 0.476; d1 = 0.680; d2 = 0.667; PPLX 2^6.89 = 118.8
ITER 210: d0 = 0.409; d1 = 0.654; d2 = 0.659; PPLX 2^6.90 = 119.1
ITER 211: d0 = 0.327; d1 = 0.664; d2 = 0.694; PPLX 2^6.88 = 118.1
ITER 212: d0 = 0.266; d1 = 0.671; d2 = 0.691; PPLX 2^6.88 = 118.2
ITER 213: d0 = 0.329; d1 = 0.642; d2 = 0.690; PPLX 2^6.89 = 118.3
ITER 214: d0 = 0.276; d1 = 0.653; d2 = 0.682; PPLX 2^6.89 = 118.5
ITER 215: d0 = 0.386; d1 = 0.667; d2 = 0.658; PPLX 2^6.90 = 119.1
ITER 216: d0 = 0.433; d1 = 0.661; d2 = 0.673; PPLX 2^6.89 = 118.7
ITER 217: d0 = 0.281; d1 = 0.668; d2 = 0.677; PPLX 2^6.89 = 118.5
ITER 218: d0 = 0.431; d1 = 0.705; d2 = 0.686; PPLX 2^6.89 = 118.2
ITER 219: d0 = 0.316; d1 = 0.681; d2 = 0.669; PPLX 2^6.89 = 118.8
ITER 220: d0 = 0.378; d1 = 0.659; d2 = 0.662; PPLX 2^6.90 = 119.0
ITER 221: d0 = 0.306; d1 = 0.651; d2 = 0.672; PPLX 2^6.89 = 118.7
ITER 222: d0 = 0.278; d1 = 0.650; d2 = 0.695; PPLX 2^6.88 = 118.1
ITER 223: d0 = 0.290; d1 = 0.660; d2 = 0.677; PPLX 2^6.89 = 118.5
ITER 224: d0 = 0.301; d1 = 0.671; d2 = 0.684; PPLX 2^6.89 = 118.3
ITER 225: d0 = 0.277; d1 = 0.673; d2 = 0.669; PPLX 2^6.89 = 118.7
ITER 226: d0 = 0.333; d1 = 0.673; d2 = 0.663; PPLX 2^6.89 = 119.0
ITER 227: d0 = 0.268; d1 = 0.681; d2 = 0.698; PPLX 2^6.88 = 117.9
ITER 228: d0 = 0.306; d1 = 0.675; d2 = 0.696; PPLX 2^6.88 = 118.0
ITER 229: d0 = 0.310; d1 = 0.677; d2 = 0.677; PPLX 2^6.89 = 118.5
ITER 230: d0 = 0.330; d1 = 0.678; d2 = 0.682; PPLX 2^6.89 = 118.4
ITER 231: d0 = 0.276; d1 = 0.664; d2 = 0.684; PPLX 2^6.89 = 118.4
ITER 232: d0 = 0.294; d1 = 0.663; d2 = 0.696; PPLX 2^6.88 = 118.0
ITER 233: d0 = 0.277; d1 = 0.640; d2 = 0.670; PPLX 2^6.89 = 118.8
ITER 234: d0 = 0.297; d1 = 0.663; d2 = 0.671; PPLX 2^6.89 = 118.7
ITER 235: d0 = 0.271; d1 = 0.683; d2 = 0.685; PPLX 2^6.89 = 118.3
ITER 236: d0 = 0.510; d1 = 0.651; d2 = 0.656; PPLX 2^6.90 = 119.2
ITER 237: d0 = 0.269; d1 = 0.664; d2 = 0.675; PPLX 2^6.89 = 118.6
ITER 238: d0 = 0.289; d1 = 0.662; d2 = 0.679; PPLX 2^6.89 = 118.5
ITER 239: d0 = 0.289; d1 = 0.694; d2 = 0.664; PPLX 2^6.89 = 118.9
ITER 240: d0 = 0.300; d1 = 0.647; d2 = 0.674; PPLX 2^6.89 = 118.7
ITER 241: d0 = 0.429; d1 = 0.689; d2 = 0.675; PPLX 2^6.89 = 118.6
ITER 242: d0 = 0.399; d1 = 0.649; d2 = 0.668; PPLX 2^6.89 = 118.9
ITER 243: d0 = 0.481; d1 = 0.668; d2 = 0.685; PPLX 2^6.89 = 118.3
ITER 244: d0 = 0.261; d1 = 0.701; d2 = 0.668; PPLX 2^6.89 = 118.8
ITER 245: d0 = 0.427; d1 = 0.645; d2 = 0.668; PPLX 2^6.89 = 118.9
ITER 246: d0 = 0.373; d1 = 0.670; d2 = 0.664; PPLX 2^6.89 = 118.9
ITER 247: d0 = 0.272; d1 = 0.656; d2 = 0.645; PPLX 2^6.90 = 119.6
ITER 248: d0 = 0.270; d1 = 0.674; d2 = 0.668; PPLX 2^6.89 = 118.8
ITER 249: d0 = 0.323; d1 = 0.680; d2 = 0.651; PPLX 2^6.90 = 119.3
ITER 250: d0 = 0.321; d1 = 0.666; d2 = 0.658; PPLX 2^6.90 = 119.2
ITER 251: d0 = 0.413; d1 = 0.700; d2 = 0.684; PPLX 2^6.89 = 118.3
ITER 252: d0 = 0.293; d1 = 0.688; d2 = 0.689; PPLX 2^6.89 = 118.2
ITER 253: d0 = 0.435; d1 = 0.659; d2 = 0.667; PPLX 2^6.89 = 118.9
ITER 254: d0 = 0.488; d1 = 0.686; d2 = 0.654; PPLX 2^6.90 = 119.2
ITER 255: d0 = 0.471; d1 = 0.684; d2 = 0.697; PPLX 2^6.88 = 118.0
ITER 256: d0 = 0.324; d1 = 0.652; d2 = 0.679; PPLX 2^6.89 = 118.5
ITER 257: d0 = 0.395; d1 = 0.658; d2 = 0.695; PPLX 2^6.88 = 118.1
ITER 258: d0 = 0.265; d1 = 0.684; d2 = 0.689; PPLX 2^6.88 = 118.2
ITER 259: d0 = 0.504; d1 = 0.685; d2 = 0.662; PPLX 2^6.89 = 119.0
ITER 260: d0 = 0.266; d1 = 0.690; d2 = 0.670; PPLX 2^6.89 = 118.7
ITER 261: d0 = 0.415; d1 = 0.658; d2 = 0.687; PPLX 2^6.89 = 118.3
ITER 262: d0 = 0.344; d1 = 0.674; d2 = 0.673; PPLX 2^6.89 = 118.7
ITER 263: d0 = 0.354; d1 = 0.681; d2 = 0.694; PPLX 2^6.88 = 118.0
ITER 264: d0 = 0.402; d1 = 0.685; d2 = 0.690; PPLX 2^6.88 = 118.2
ITER 265: d0 = 0.279; d1 = 0.675; d2 = 0.691; PPLX 2^6.88 = 118.1
ITER 266: d0 = 0.347; d1 = 0.663; d2 = 0.688; PPLX 2^6.89 = 118.3
ITER 267: d0 = 0.291; d1 = 0.663; d2 = 0.696; PPLX 2^6.88 = 118.0
ITER 268: d0 = 0.280; d1 = 0.671; d2 = 0.698; PPLX 2^6.88 = 117.9
ITER 269: d0 = 0.359; d1 = 0.674; d2 = 0.686; PPLX 2^6.89 = 118.3
ITER 270: d0 = 0.514; d1 = 0.673; d2 = 0.666; PPLX 2^6.89 = 118.9
ITER 271: d0 = 0.471; d1 = 0.678; d2 = 0.686; PPLX 2^6.89 = 118.3
ITER 272: d0 = 0.272; d1 = 0.670; d2 = 0.682; PPLX 2^6.89 = 118.4
ITER 273: d0 = 0.280; d1 = 0.667; d2 = 0.686; PPLX 2^6.89 = 118.3
ITER 274: d0 = 0.360; d1 = 0.687; d2 = 0.679; PPLX 2^6.89 = 118.5
ITER 275: d0 = 0.308; d1 = 0.691; d2 = 0.659; PPLX 2^6.90 = 119.0
ITER 276: d0 = 0.352; d1 = 0.662; d2 = 0.670; PPLX 2^6.89 = 118.8
ITER 277: d0 = 0.281; d1 = 0.699; d2 = 0.676; PPLX 2^6.89 = 118.5
ITER 278: d0 = 0.375; d1 = 0.699; d2 = 0.668; PPLX 2^6.89 = 118.8
ITER 279: d0 = 0.309; d1 = 0.661; d2 = 0.702; PPLX 2^6.88 = 117.9
ITER 280: d0 = 0.271; d1 = 0.687; d2 = 0.674; PPLX 2^6.89 = 118.6
ITER 281: d0 = 0.314; d1 = 0.666; d2 = 0.682; PPLX 2^6.89 = 118.4
ITER 282: d0 = 0.358; d1 = 0.686; d2 = 0.677; PPLX 2^6.89 = 118.5
ITER 283: d0 = 0.428; d1 = 0.687; d2 = 0.658; PPLX 2^6.90 = 119.1
ITER 284: d0 = 0.399; d1 = 0.664; d2 = 0.660; PPLX 2^6.90 = 119.0
ITER 285: d0 = 0.406; d1 = 0.670; d2 = 0.674; PPLX 2^6.89 = 118.6
ITER 286: d0 = 0.493; d1 = 0.669; d2 = 0.682; PPLX 2^6.89 = 118.4
ITER 287: d0 = 0.302; d1 = 0.658; d2 = 0.651; PPLX 2^6.90 = 119.4
ITER 288: d0 = 0.264; d1 = 0.663; d2 = 0.677; PPLX 2^6.89 = 118.6
ITER 289: d0 = 0.355; d1 = 0.679; d2 = 0.683; PPLX 2^6.89 = 118.3
ITER 290: d0 = 0.268; d1 = 0.664; d2 = 0.669; PPLX 2^6.89 = 118.8
ITER 291: d0 = 0.435; d1 = 0.678; d2 = 0.691; PPLX 2^6.88 = 118.1
ITER 292: d0 = 0.433; d1 = 0.665; d2 = 0.682; PPLX 2^6.89 = 118.4
ITER 293: d0 = 0.264; d1 = 0.644; d2 = 0.673; PPLX 2^6.89 = 118.7
ITER 294: d0 = 0.281; d1 = 0.669; d2 = 0.692; PPLX 2^6.88 = 118.1
ITER 295: d0 = 0.288; d1 = 0.681; d2 = 0.687; PPLX 2^6.89 = 118.2
ITER 296: d0 = 0.375; d1 = 0.680; d2 = 0.695; PPLX 2^6.88 = 118.0
ITER 297: d0 = 0.293; d1 = 0.692; d2 = 0.673; PPLX 2^6.89 = 118.6
ITER 298: d0 = 0.287; d1 = 0.654; d2 = 0.674; PPLX 2^6.89 = 118.7
ITER 299: d0 = 0.307; d1 = 0.638; d2 = 0.668; PPLX 2^6.89 = 118.9

SUMMARY
Compression ratio: 1.098323 bits/char (13.729043%)
Perplexity: 2^6.879232 = 117.721344

SAMPLE TEXT
... ablaze . the agency has pulled <proper_noun> the most distant cousin , <proper_noun> was treated and released on #$n million damage . in #n . free market <unknown> when the words no against <proper_noun> . . #n #an washington ( <proper_noun> ) - north_korea section is last year . `` all_the president 's son , david <proper_noun> pierce interrupted his phone_calls . `` social order and more on a blue belt in federal funds rate of the <proper_noun> <unknown> dropped_out of high_school students <proper_noun> radio_stations hundreds were injured , police said . . #n #an washington ( <proper_noun> ) - the winning numbers in the hospital has helped around town that_is too fast , <unknown> , talking with the clinton_administration upward revision of the <unknown> women , children 's protective services . `` <proper_noun> . the amendment in the company had made tentative accord reached last year <proper_noun> pressed <proper_noun> service . <proper_noun> law and `` the postman ( il <proper_noun> , a_new division . `` <proper_noun> the trunk took ill and his oldest child , '' and taking a <unknown> <unknown> and harassing phone_calls to include the were dock made tens of thousands imprisoned in virginia and the need to be desired . `` <proper_noun> truly <unknown> to protect patients and i outside obstruction love , jealousy . - `` until <proper_noun> rid characters behind with anything , '' <proper_noun> said : `` to preserve , former president jean <unknown> <proper_noun> , said prosecutor terry <proper_noun> , the only ...
