17964 (out of 15920737) words in dict
14957666 training, 963071 testing
7196429 restaurants created
6032.09kB of test data
ITER   0: d0 = 0.282; d1 = 0.686; d2 = 0.780; d3 = 0.663; PPLX 2^6.80 = 111.7
ITER   1: d0 = 0.298; d1 = 0.711; d2 = 0.780; d3 = 0.674; PPLX 2^6.79 = 111.0
ITER   2: d0 = 0.514; d1 = 0.695; d2 = 0.781; d3 = 0.670; PPLX 2^6.79 = 111.0
ITER   3: d0 = 0.492; d1 = 0.697; d2 = 0.755; d3 = 0.695; PPLX 2^6.79 = 110.6
ITER   4: d0 = 0.313; d1 = 0.678; d2 = 0.754; d3 = 0.676; PPLX 2^6.80 = 111.3
ITER   5: d0 = 0.307; d1 = 0.691; d2 = 0.768; d3 = 0.685; PPLX 2^6.79 = 110.7
ITER   6: d0 = 0.286; d1 = 0.672; d2 = 0.770; d3 = 0.688; PPLX 2^6.79 = 110.5
ITER   7: d0 = 0.504; d1 = 0.675; d2 = 0.760; d3 = 0.685; PPLX 2^6.79 = 110.9
ITER   8: d0 = 0.321; d1 = 0.677; d2 = 0.771; d3 = 0.684; PPLX 2^6.79 = 110.7
ITER   9: d0 = 0.437; d1 = 0.682; d2 = 0.754; d3 = 0.666; PPLX 2^6.80 = 111.7
ITER  10: d0 = 0.378; d1 = 0.694; d2 = 0.742; d3 = 0.682; PPLX 2^6.80 = 111.4
ITER  11: d0 = 0.312; d1 = 0.683; d2 = 0.770; d3 = 0.680; PPLX 2^6.79 = 110.9
ITER  12: d0 = 0.452; d1 = 0.674; d2 = 0.775; d3 = 0.685; PPLX 2^6.79 = 110.6
ITER  13: d0 = 0.320; d1 = 0.670; d2 = 0.762; d3 = 0.681; PPLX 2^6.80 = 111.1
ITER  14: d0 = 0.424; d1 = 0.665; d2 = 0.764; d3 = 0.666; PPLX 2^6.80 = 111.6
ITER  15: d0 = 0.341; d1 = 0.669; d2 = 0.752; d3 = 0.662; PPLX 2^6.81 = 112.0
ITER  16: d0 = 0.418; d1 = 0.685; d2 = 0.765; d3 = 0.680; PPLX 2^6.79 = 111.0
ITER  17: d0 = 0.477; d1 = 0.685; d2 = 0.748; d3 = 0.691; PPLX 2^6.79 = 111.0
ITER  18: d0 = 0.406; d1 = 0.672; d2 = 0.754; d3 = 0.696; PPLX 2^6.79 = 110.7
ITER  19: d0 = 0.356; d1 = 0.677; d2 = 0.764; d3 = 0.692; PPLX 2^6.79 = 110.6
ITER  20: d0 = 0.283; d1 = 0.687; d2 = 0.768; d3 = 0.693; PPLX 2^6.79 = 110.5
ITER  21: d0 = 0.415; d1 = 0.678; d2 = 0.756; d3 = 0.671; PPLX 2^6.80 = 111.5
ITER  22: d0 = 0.327; d1 = 0.648; d2 = 0.768; d3 = 0.672; PPLX 2^6.80 = 111.3
ITER  23: d0 = 0.388; d1 = 0.665; d2 = 0.763; d3 = 0.679; PPLX 2^6.80 = 111.1
ITER  24: d0 = 0.332; d1 = 0.648; d2 = 0.775; d3 = 0.696; PPLX 2^6.79 = 110.4
ITER  25: d0 = 0.307; d1 = 0.692; d2 = 0.764; d3 = 0.683; PPLX 2^6.79 = 111.0
ITER  26: d0 = 0.351; d1 = 0.636; d2 = 0.755; d3 = 0.678; PPLX 2^6.80 = 111.5
ITER  27: d0 = 0.326; d1 = 0.684; d2 = 0.755; d3 = 0.674; PPLX 2^6.80 = 111.5
ITER  28: d0 = 0.373; d1 = 0.691; d2 = 0.765; d3 = 0.668; PPLX 2^6.80 = 111.5
ITER  29: d0 = 0.350; d1 = 0.684; d2 = 0.776; d3 = 0.676; PPLX 2^6.79 = 111.0
ITER  30: d0 = 0.303; d1 = 0.693; d2 = 0.776; d3 = 0.670; PPLX 2^6.80 = 111.3
ITER  31: d0 = 0.287; d1 = 0.668; d2 = 0.750; d3 = 0.687; PPLX 2^6.80 = 111.1
ITER  32: d0 = 0.286; d1 = 0.663; d2 = 0.775; d3 = 0.660; PPLX 2^6.80 = 111.6
ITER  33: d0 = 0.364; d1 = 0.671; d2 = 0.779; d3 = 0.683; PPLX 2^6.79 = 110.7
ITER  34: d0 = 0.356; d1 = 0.671; d2 = 0.763; d3 = 0.668; PPLX 2^6.80 = 111.6
ITER  35: d0 = 0.339; d1 = 0.678; d2 = 0.767; d3 = 0.667; PPLX 2^6.80 = 111.5
ITER  36: d0 = 0.312; d1 = 0.700; d2 = 0.759; d3 = 0.665; PPLX 2^6.80 = 111.7
ITER  37: d0 = 0.297; d1 = 0.665; d2 = 0.769; d3 = 0.672; PPLX 2^6.80 = 111.3
ITER  38: d0 = 0.478; d1 = 0.686; d2 = 0.756; d3 = 0.676; PPLX 2^6.80 = 111.4
ITER  39: d0 = 0.309; d1 = 0.699; d2 = 0.765; d3 = 0.679; PPLX 2^6.79 = 111.0
ITER  40: d0 = 0.271; d1 = 0.672; d2 = 0.773; d3 = 0.663; PPLX 2^6.80 = 111.5
ITER  41: d0 = 0.316; d1 = 0.667; d2 = 0.771; d3 = 0.678; PPLX 2^6.79 = 111.0
ITER  42: d0 = 0.322; d1 = 0.646; d2 = 0.786; d3 = 0.669; PPLX 2^6.80 = 111.2
ITER  43: d0 = 0.496; d1 = 0.689; d2 = 0.758; d3 = 0.659; PPLX 2^6.81 = 112.0
ITER  44: d0 = 0.440; d1 = 0.655; d2 = 0.768; d3 = 0.674; PPLX 2^6.80 = 111.3
ITER  45: d0 = 0.280; d1 = 0.658; d2 = 0.750; d3 = 0.686; PPLX 2^6.80 = 111.2
ITER  46: d0 = 0.317; d1 = 0.668; d2 = 0.752; d3 = 0.664; PPLX 2^6.81 = 112.0
ITER  47: d0 = 0.279; d1 = 0.674; d2 = 0.761; d3 = 0.656; PPLX 2^6.81 = 112.1
ITER  48: d0 = 0.525; d1 = 0.665; d2 = 0.762; d3 = 0.657; PPLX 2^6.81 = 112.1
ITER  49: d0 = 0.441; d1 = 0.673; d2 = 0.755; d3 = 0.661; PPLX 2^6.81 = 112.0
ITER  50: d0 = 0.288; d1 = 0.668; d2 = 0.747; d3 = 0.685; PPLX 2^6.80 = 111.3
ITER  51: d0 = 0.313; d1 = 0.665; d2 = 0.747; d3 = 0.661; PPLX 2^6.81 = 112.2
ITER  52: d0 = 0.355; d1 = 0.664; d2 = 0.768; d3 = 0.665; PPLX 2^6.80 = 111.6
ITER  53: d0 = 0.269; d1 = 0.679; d2 = 0.768; d3 = 0.681; PPLX 2^6.79 = 111.0
ITER  54: d0 = 0.341; d1 = 0.683; d2 = 0.749; d3 = 0.662; PPLX 2^6.81 = 112.1
ITER  55: d0 = 0.435; d1 = 0.649; d2 = 0.759; d3 = 0.684; PPLX 2^6.80 = 111.2
ITER  56: d0 = 0.366; d1 = 0.679; d2 = 0.771; d3 = 0.678; PPLX 2^6.80 = 111.1
ITER  57: d0 = 0.522; d1 = 0.657; d2 = 0.744; d3 = 0.679; PPLX 2^6.80 = 111.7
ITER  58: d0 = 0.355; d1 = 0.681; d2 = 0.769; d3 = 0.666; PPLX 2^6.80 = 111.5
ITER  59: d0 = 0.520; d1 = 0.685; d2 = 0.767; d3 = 0.671; PPLX 2^6.80 = 111.3
ITER  60: d0 = 0.294; d1 = 0.663; d2 = 0.777; d3 = 0.682; PPLX 2^6.79 = 110.8
ITER  61: d0 = 0.526; d1 = 0.652; d2 = 0.767; d3 = 0.691; PPLX 2^6.79 = 110.7
ITER  62: d0 = 0.350; d1 = 0.695; d2 = 0.756; d3 = 0.681; PPLX 2^6.80 = 111.2
ITER  63: d0 = 0.280; d1 = 0.649; d2 = 0.766; d3 = 0.682; PPLX 2^6.80 = 111.1
ITER  64: d0 = 0.308; d1 = 0.659; d2 = 0.773; d3 = 0.655; PPLX 2^6.81 = 111.9
ITER  65: d0 = 0.371; d1 = 0.673; d2 = 0.770; d3 = 0.663; PPLX 2^6.80 = 111.6
ITER  66: d0 = 0.279; d1 = 0.667; d2 = 0.773; d3 = 0.683; PPLX 2^6.79 = 110.9
ITER  67: d0 = 0.385; d1 = 0.693; d2 = 0.758; d3 = 0.664; PPLX 2^6.80 = 111.8
ITER  68: d0 = 0.324; d1 = 0.687; d2 = 0.745; d3 = 0.680; PPLX 2^6.80 = 111.5
ITER  69: d0 = 0.496; d1 = 0.654; d2 = 0.761; d3 = 0.684; PPLX 2^6.80 = 111.1
ITER  70: d0 = 0.354; d1 = 0.682; d2 = 0.774; d3 = 0.669; PPLX 2^6.80 = 111.3
ITER  71: d0 = 0.319; d1 = 0.644; d2 = 0.757; d3 = 0.679; PPLX 2^6.80 = 111.4
ITER  72: d0 = 0.406; d1 = 0.672; d2 = 0.751; d3 = 0.679; PPLX 2^6.80 = 111.4
ITER  73: d0 = 0.412; d1 = 0.680; d2 = 0.744; d3 = 0.673; PPLX 2^6.80 = 111.8
ITER  74: d0 = 0.486; d1 = 0.670; d2 = 0.764; d3 = 0.672; PPLX 2^6.80 = 111.4
ITER  75: d0 = 0.289; d1 = 0.648; d2 = 0.760; d3 = 0.686; PPLX 2^6.79 = 111.0
ITER  76: d0 = 0.484; d1 = 0.674; d2 = 0.778; d3 = 0.666; PPLX 2^6.80 = 111.3
ITER  77: d0 = 0.268; d1 = 0.666; d2 = 0.761; d3 = 0.678; PPLX 2^6.80 = 111.3
ITER  78: d0 = 0.414; d1 = 0.674; d2 = 0.756; d3 = 0.670; PPLX 2^6.80 = 111.7
ITER  79: d0 = 0.274; d1 = 0.655; d2 = 0.768; d3 = 0.650; PPLX 2^6.81 = 112.2
ITER  80: d0 = 0.334; d1 = 0.655; d2 = 0.768; d3 = 0.678; PPLX 2^6.80 = 111.2
ITER  81: d0 = 0.336; d1 = 0.670; d2 = 0.759; d3 = 0.672; PPLX 2^6.80 = 111.5
ITER  82: d0 = 0.425; d1 = 0.658; d2 = 0.756; d3 = 0.665; PPLX 2^6.81 = 111.9
ITER  83: d0 = 0.274; d1 = 0.686; d2 = 0.768; d3 = 0.668; PPLX 2^6.80 = 111.5
ITER  84: d0 = 0.313; d1 = 0.672; d2 = 0.766; d3 = 0.662; PPLX 2^6.80 = 111.8
ITER  85: d0 = 0.287; d1 = 0.681; d2 = 0.760; d3 = 0.665; PPLX 2^6.80 = 111.7
ITER  86: d0 = 0.473; d1 = 0.665; d2 = 0.757; d3 = 0.683; PPLX 2^6.80 = 111.2
ITER  87: d0 = 0.494; d1 = 0.657; d2 = 0.759; d3 = 0.677; PPLX 2^6.80 = 111.4
ITER  88: d0 = 0.289; d1 = 0.672; d2 = 0.765; d3 = 0.666; PPLX 2^6.80 = 111.6
ITER  89: d0 = 0.446; d1 = 0.676; d2 = 0.748; d3 = 0.672; PPLX 2^6.80 = 111.8
ITER  90: d0 = 0.334; d1 = 0.695; d2 = 0.761; d3 = 0.698; PPLX 2^6.79 = 110.5
ITER  91: d0 = 0.333; d1 = 0.668; d2 = 0.767; d3 = 0.669; PPLX 2^6.80 = 111.5
ITER  92: d0 = 0.269; d1 = 0.680; d2 = 0.750; d3 = 0.700; PPLX 2^6.79 = 110.7
ITER  93: d0 = 0.309; d1 = 0.688; d2 = 0.765; d3 = 0.693; PPLX 2^6.79 = 110.6
ITER  94: d0 = 0.329; d1 = 0.658; d2 = 0.766; d3 = 0.687; PPLX 2^6.79 = 110.9
ITER  95: d0 = 0.343; d1 = 0.693; d2 = 0.758; d3 = 0.681; PPLX 2^6.80 = 111.2
ITER  96: d0 = 0.339; d1 = 0.671; d2 = 0.769; d3 = 0.663; PPLX 2^6.80 = 111.7
ITER  97: d0 = 0.367; d1 = 0.662; d2 = 0.752; d3 = 0.651; PPLX 2^6.81 = 112.5
ITER  98: d0 = 0.281; d1 = 0.678; d2 = 0.764; d3 = 0.662; PPLX 2^6.80 = 111.8
ITER  99: d0 = 0.285; d1 = 0.692; d2 = 0.761; d3 = 0.676; PPLX 2^6.80 = 111.3
ITER 100: d0 = 0.331; d1 = 0.700; d2 = 0.775; d3 = 0.677; PPLX 2^6.79 = 111.0
ITER 101: d0 = 0.332; d1 = 0.661; d2 = 0.777; d3 = 0.664; PPLX 2^6.80 = 111.4
ITER 102: d0 = 0.456; d1 = 0.632; d2 = 0.751; d3 = 0.665; PPLX 2^6.81 = 112.1
ITER 103: d0 = 0.413; d1 = 0.657; d2 = 0.758; d3 = 0.657; PPLX 2^6.81 = 112.1
ITER 104: d0 = 0.334; d1 = 0.683; d2 = 0.776; d3 = 0.672; PPLX 2^6.80 = 111.1
ITER 105: d0 = 0.333; d1 = 0.660; d2 = 0.759; d3 = 0.680; PPLX 2^6.80 = 111.3
ITER 106: d0 = 0.489; d1 = 0.681; d2 = 0.780; d3 = 0.663; PPLX 2^6.80 = 111.4
ITER 107: d0 = 0.285; d1 = 0.672; d2 = 0.768; d3 = 0.689; PPLX 2^6.79 = 110.7
ITER 108: d0 = 0.270; d1 = 0.687; d2 = 0.766; d3 = 0.689; PPLX 2^6.79 = 110.7
ITER 109: d0 = 0.436; d1 = 0.656; d2 = 0.779; d3 = 0.664; PPLX 2^6.80 = 111.4
ITER 110: d0 = 0.358; d1 = 0.662; d2 = 0.767; d3 = 0.663; PPLX 2^6.80 = 111.7
ITER 111: d0 = 0.352; d1 = 0.685; d2 = 0.763; d3 = 0.665; PPLX 2^6.80 = 111.7
ITER 112: d0 = 0.315; d1 = 0.661; d2 = 0.756; d3 = 0.675; PPLX 2^6.80 = 111.5
ITER 113: d0 = 0.306; d1 = 0.669; d2 = 0.756; d3 = 0.666; PPLX 2^6.81 = 111.8
ITER 114: d0 = 0.288; d1 = 0.660; d2 = 0.775; d3 = 0.664; PPLX 2^6.80 = 111.5
ITER 115: d0 = 0.356; d1 = 0.674; d2 = 0.756; d3 = 0.702; PPLX 2^6.79 = 110.5
ITER 116: d0 = 0.304; d1 = 0.647; d2 = 0.757; d3 = 0.688; PPLX 2^6.80 = 111.1
ITER 117: d0 = 0.511; d1 = 0.670; d2 = 0.766; d3 = 0.684; PPLX 2^6.79 = 111.0
ITER 118: d0 = 0.290; d1 = 0.671; d2 = 0.766; d3 = 0.680; PPLX 2^6.80 = 111.1
ITER 119: d0 = 0.428; d1 = 0.691; d2 = 0.760; d3 = 0.663; PPLX 2^6.81 = 111.8
ITER 120: d0 = 0.469; d1 = 0.658; d2 = 0.748; d3 = 0.682; PPLX 2^6.80 = 111.5
ITER 121: d0 = 0.269; d1 = 0.667; d2 = 0.765; d3 = 0.672; PPLX 2^6.80 = 111.4
ITER 122: d0 = 0.329; d1 = 0.675; d2 = 0.760; d3 = 0.686; PPLX 2^6.79 = 111.0
ITER 123: d0 = 0.437; d1 = 0.702; d2 = 0.766; d3 = 0.674; PPLX 2^6.80 = 111.3
ITER 124: d0 = 0.366; d1 = 0.675; d2 = 0.772; d3 = 0.681; PPLX 2^6.79 = 110.9
ITER 125: d0 = 0.415; d1 = 0.691; d2 = 0.761; d3 = 0.689; PPLX 2^6.79 = 110.9
ITER 126: d0 = 0.298; d1 = 0.696; d2 = 0.769; d3 = 0.665; PPLX 2^6.80 = 111.5
ITER 127: d0 = 0.274; d1 = 0.677; d2 = 0.754; d3 = 0.673; PPLX 2^6.80 = 111.6
ITER 128: d0 = 0.279; d1 = 0.657; d2 = 0.772; d3 = 0.659; PPLX 2^6.80 = 111.7
ITER 129: d0 = 0.336; d1 = 0.652; d2 = 0.769; d3 = 0.666; PPLX 2^6.80 = 111.6
ITER 130: d0 = 0.339; d1 = 0.674; d2 = 0.753; d3 = 0.662; PPLX 2^6.81 = 112.0
ITER 131: d0 = 0.375; d1 = 0.695; d2 = 0.771; d3 = 0.656; PPLX 2^6.81 = 111.8
ITER 132: d0 = 0.327; d1 = 0.676; d2 = 0.774; d3 = 0.664; PPLX 2^6.80 = 111.5
ITER 133: d0 = 0.335; d1 = 0.662; d2 = 0.769; d3 = 0.676; PPLX 2^6.80 = 111.2
ITER 134: d0 = 0.302; d1 = 0.668; d2 = 0.771; d3 = 0.688; PPLX 2^6.79 = 110.7
ITER 135: d0 = 0.372; d1 = 0.685; d2 = 0.759; d3 = 0.667; PPLX 2^6.80 = 111.7
ITER 136: d0 = 0.385; d1 = 0.658; d2 = 0.766; d3 = 0.679; PPLX 2^6.80 = 111.1
ITER 137: d0 = 0.292; d1 = 0.666; d2 = 0.769; d3 = 0.661; PPLX 2^6.80 = 111.8
ITER 138: d0 = 0.385; d1 = 0.670; d2 = 0.750; d3 = 0.671; PPLX 2^6.80 = 111.8
ITER 139: d0 = 0.329; d1 = 0.686; d2 = 0.750; d3 = 0.671; PPLX 2^6.80 = 111.7
ITER 140: d0 = 0.307; d1 = 0.687; d2 = 0.776; d3 = 0.657; PPLX 2^6.80 = 111.7
ITER 141: d0 = 0.268; d1 = 0.688; d2 = 0.750; d3 = 0.681; PPLX 2^6.80 = 111.4
ITER 142: d0 = 0.273; d1 = 0.650; d2 = 0.772; d3 = 0.666; PPLX 2^6.80 = 111.6
ITER 143: d0 = 0.435; d1 = 0.688; d2 = 0.756; d3 = 0.668; PPLX 2^6.80 = 111.7
ITER 144: d0 = 0.276; d1 = 0.682; d2 = 0.759; d3 = 0.680; PPLX 2^6.80 = 111.2
ITER 145: d0 = 0.349; d1 = 0.682; d2 = 0.767; d3 = 0.675; PPLX 2^6.80 = 111.2
ITER 146: d0 = 0.332; d1 = 0.669; d2 = 0.766; d3 = 0.681; PPLX 2^6.79 = 111.0
ITER 147: d0 = 0.328; d1 = 0.693; d2 = 0.740; d3 = 0.662; PPLX 2^6.81 = 112.3
ITER 148: d0 = 0.284; d1 = 0.651; d2 = 0.751; d3 = 0.662; PPLX 2^6.81 = 112.1
ITER 149: d0 = 0.331; d1 = 0.677; d2 = 0.758; d3 = 0.693; PPLX 2^6.79 = 110.8
ITER 150: d0 = 0.419; d1 = 0.690; d2 = 0.759; d3 = 0.697; PPLX 2^6.79 = 110.6
ITER 151: d0 = 0.320; d1 = 0.674; d2 = 0.771; d3 = 0.687; PPLX 2^6.79 = 110.7
ITER 152: d0 = 0.353; d1 = 0.687; d2 = 0.756; d3 = 0.667; PPLX 2^6.80 = 111.7
ITER 153: d0 = 0.437; d1 = 0.700; d2 = 0.766; d3 = 0.683; PPLX 2^6.79 = 111.0
ITER 154: d0 = 0.336; d1 = 0.646; d2 = 0.754; d3 = 0.669; PPLX 2^6.81 = 111.8
ITER 155: d0 = 0.337; d1 = 0.683; d2 = 0.760; d3 = 0.692; PPLX 2^6.79 = 110.8
ITER 156: d0 = 0.326; d1 = 0.702; d2 = 0.756; d3 = 0.694; PPLX 2^6.79 = 110.8
ITER 157: d0 = 0.497; d1 = 0.665; d2 = 0.772; d3 = 0.675; PPLX 2^6.80 = 111.2
ITER 158: d0 = 0.451; d1 = 0.650; d2 = 0.766; d3 = 0.698; PPLX 2^6.79 = 110.5
ITER 159: d0 = 0.285; d1 = 0.692; d2 = 0.768; d3 = 0.684; PPLX 2^6.79 = 110.9
ITER 160: d0 = 0.412; d1 = 0.686; d2 = 0.771; d3 = 0.679; PPLX 2^6.79 = 111.0
ITER 161: d0 = 0.290; d1 = 0.648; d2 = 0.763; d3 = 0.666; PPLX 2^6.80 = 111.7
ITER 162: d0 = 0.334; d1 = 0.690; d2 = 0.769; d3 = 0.668; PPLX 2^6.80 = 111.4
ITER 163: d0 = 0.279; d1 = 0.656; d2 = 0.765; d3 = 0.673; PPLX 2^6.80 = 111.4
ITER 164: d0 = 0.412; d1 = 0.675; d2 = 0.744; d3 = 0.677; PPLX 2^6.80 = 111.7
ITER 165: d0 = 0.265; d1 = 0.674; d2 = 0.767; d3 = 0.688; PPLX 2^6.79 = 110.7
ITER 166: d0 = 0.377; d1 = 0.650; d2 = 0.745; d3 = 0.690; PPLX 2^6.80 = 111.3
ITER 167: d0 = 0.268; d1 = 0.650; d2 = 0.766; d3 = 0.689; PPLX 2^6.79 = 110.8
ITER 168: d0 = 0.367; d1 = 0.691; d2 = 0.769; d3 = 0.675; PPLX 2^6.80 = 111.2
ITER 169: d0 = 0.267; d1 = 0.707; d2 = 0.766; d3 = 0.668; PPLX 2^6.80 = 111.5
ITER 170: d0 = 0.305; d1 = 0.655; d2 = 0.739; d3 = 0.682; PPLX 2^6.80 = 111.6
ITER 171: d0 = 0.299; d1 = 0.634; d2 = 0.753; d3 = 0.672; PPLX 2^6.80 = 111.8
ITER 172: d0 = 0.387; d1 = 0.690; d2 = 0.765; d3 = 0.663; PPLX 2^6.80 = 111.7
ITER 173: d0 = 0.435; d1 = 0.658; d2 = 0.761; d3 = 0.677; PPLX 2^6.80 = 111.3
ITER 174: d0 = 0.473; d1 = 0.686; d2 = 0.768; d3 = 0.701; PPLX 2^6.79 = 110.3
ITER 175: d0 = 0.288; d1 = 0.707; d2 = 0.774; d3 = 0.655; PPLX 2^6.80 = 111.8
ITER 176: d0 = 0.395; d1 = 0.673; d2 = 0.761; d3 = 0.663; PPLX 2^6.80 = 111.8
ITER 177: d0 = 0.398; d1 = 0.681; d2 = 0.744; d3 = 0.673; PPLX 2^6.81 = 111.8
ITER 178: d0 = 0.509; d1 = 0.690; d2 = 0.750; d3 = 0.672; PPLX 2^6.80 = 111.7
ITER 179: d0 = 0.273; d1 = 0.702; d2 = 0.751; d3 = 0.670; PPLX 2^6.80 = 111.7
ITER 180: d0 = 0.470; d1 = 0.675; d2 = 0.771; d3 = 0.667; PPLX 2^6.80 = 111.5
ITER 181: d0 = 0.429; d1 = 0.668; d2 = 0.766; d3 = 0.678; PPLX 2^6.80 = 111.2
ITER 182: d0 = 0.315; d1 = 0.701; d2 = 0.749; d3 = 0.678; PPLX 2^6.80 = 111.5
ITER 183: d0 = 0.333; d1 = 0.682; d2 = 0.768; d3 = 0.675; PPLX 2^6.80 = 111.2
ITER 184: d0 = 0.342; d1 = 0.674; d2 = 0.776; d3 = 0.672; PPLX 2^6.80 = 111.2
ITER 185: d0 = 0.352; d1 = 0.688; d2 = 0.781; d3 = 0.667; PPLX 2^6.80 = 111.2
ITER 186: d0 = 0.269; d1 = 0.639; d2 = 0.768; d3 = 0.666; PPLX 2^6.80 = 111.6
ITER 187: d0 = 0.365; d1 = 0.699; d2 = 0.773; d3 = 0.678; PPLX 2^6.79 = 111.0
ITER 188: d0 = 0.399; d1 = 0.654; d2 = 0.766; d3 = 0.673; PPLX 2^6.80 = 111.4
ITER 189: d0 = 0.485; d1 = 0.695; d2 = 0.761; d3 = 0.696; PPLX 2^6.79 = 110.6
ITER 190: d0 = 0.277; d1 = 0.667; d2 = 0.765; d3 = 0.664; PPLX 2^6.80 = 111.7
ITER 191: d0 = 0.295; d1 = 0.662; d2 = 0.757; d3 = 0.656; PPLX 2^6.81 = 112.2
ITER 192: d0 = 0.267; d1 = 0.670; d2 = 0.772; d3 = 0.679; PPLX 2^6.79 = 111.0
ITER 193: d0 = 0.429; d1 = 0.699; d2 = 0.749; d3 = 0.686; PPLX 2^6.80 = 111.2
ITER 194: d0 = 0.321; d1 = 0.676; d2 = 0.768; d3 = 0.687; PPLX 2^6.79 = 110.8
ITER 195: d0 = 0.362; d1 = 0.676; d2 = 0.767; d3 = 0.671; PPLX 2^6.80 = 111.4
ITER 196: d0 = 0.269; d1 = 0.663; d2 = 0.768; d3 = 0.674; PPLX 2^6.80 = 111.3
ITER 197: d0 = 0.296; d1 = 0.649; d2 = 0.770; d3 = 0.685; PPLX 2^6.79 = 110.9
ITER 198: d0 = 0.518; d1 = 0.664; d2 = 0.773; d3 = 0.674; PPLX 2^6.80 = 111.2
ITER 199: d0 = 0.478; d1 = 0.676; d2 = 0.768; d3 = 0.669; PPLX 2^6.80 = 111.4
ITER 200: d0 = 0.434; d1 = 0.633; d2 = 0.767; d3 = 0.662; PPLX 2^6.80 = 111.8
ITER 201: d0 = 0.349; d1 = 0.678; d2 = 0.763; d3 = 0.688; PPLX 2^6.79 = 110.9
ITER 202: d0 = 0.316; d1 = 0.681; d2 = 0.753; d3 = 0.665; PPLX 2^6.81 = 111.9
ITER 203: d0 = 0.294; d1 = 0.631; d2 = 0.776; d3 = 0.690; PPLX 2^6.79 = 110.7
ITER 204: d0 = 0.310; d1 = 0.652; d2 = 0.766; d3 = 0.660; PPLX 2^6.81 = 111.9
ITER 205: d0 = 0.291; d1 = 0.653; d2 = 0.759; d3 = 0.659; PPLX 2^6.81 = 112.1
ITER 206: d0 = 0.287; d1 = 0.682; d2 = 0.777; d3 = 0.669; PPLX 2^6.80 = 111.3
ITER 207: d0 = 0.518; d1 = 0.662; d2 = 0.759; d3 = 0.677; PPLX 2^6.80 = 111.4
ITER 208: d0 = 0.398; d1 = 0.657; d2 = 0.759; d3 = 0.680; PPLX 2^6.80 = 111.3
ITER 209: d0 = 0.284; d1 = 0.661; d2 = 0.766; d3 = 0.663; PPLX 2^6.80 = 111.8
ITER 210: d0 = 0.311; d1 = 0.687; d2 = 0.754; d3 = 0.696; PPLX 2^6.79 = 110.8
ITER 211: d0 = 0.298; d1 = 0.647; d2 = 0.748; d3 = 0.676; PPLX 2^6.80 = 111.7
ITER 212: d0 = 0.304; d1 = 0.637; d2 = 0.750; d3 = 0.664; PPLX 2^6.81 = 112.1
ITER 213: d0 = 0.285; d1 = 0.667; d2 = 0.758; d3 = 0.678; PPLX 2^6.80 = 111.3
ITER 214: d0 = 0.267; d1 = 0.650; d2 = 0.755; d3 = 0.678; PPLX 2^6.80 = 111.4
ITER 215: d0 = 0.315; d1 = 0.664; d2 = 0.759; d3 = 0.660; PPLX 2^6.81 = 112.0
ITER 216: d0 = 0.306; d1 = 0.651; d2 = 0.754; d3 = 0.676; PPLX 2^6.80 = 111.5
ITER 217: d0 = 0.501; d1 = 0.659; d2 = 0.771; d3 = 0.674; PPLX 2^6.80 = 111.2
ITER 218: d0 = 0.266; d1 = 0.649; d2 = 0.772; d3 = 0.678; PPLX 2^6.80 = 111.1
ITER 219: d0 = 0.334; d1 = 0.696; d2 = 0.762; d3 = 0.665; PPLX 2^6.80 = 111.6
ITER 220: d0 = 0.325; d1 = 0.674; d2 = 0.761; d3 = 0.667; PPLX 2^6.80 = 111.6
ITER 221: d0 = 0.270; d1 = 0.690; d2 = 0.773; d3 = 0.681; PPLX 2^6.79 = 110.9
ITER 222: d0 = 0.374; d1 = 0.683; d2 = 0.745; d3 = 0.696; PPLX 2^6.79 = 111.0
ITER 223: d0 = 0.364; d1 = 0.655; d2 = 0.757; d3 = 0.684; PPLX 2^6.80 = 111.2
ITER 224: d0 = 0.285; d1 = 0.678; d2 = 0.764; d3 = 0.692; PPLX 2^6.79 = 110.7
ITER 225: d0 = 0.331; d1 = 0.702; d2 = 0.758; d3 = 0.667; PPLX 2^6.80 = 111.7
ITER 226: d0 = 0.322; d1 = 0.674; d2 = 0.763; d3 = 0.686; PPLX 2^6.79 = 111.0
ITER 227: d0 = 0.282; d1 = 0.675; d2 = 0.780; d3 = 0.679; PPLX 2^6.79 = 110.8
ITER 228: d0 = 0.286; d1 = 0.681; d2 = 0.758; d3 = 0.651; PPLX 2^6.81 = 112.3
ITER 229: d0 = 0.271; d1 = 0.666; d2 = 0.762; d3 = 0.665; PPLX 2^6.80 = 111.7
ITER 230: d0 = 0.313; d1 = 0.644; d2 = 0.753; d3 = 0.667; PPLX 2^6.81 = 111.9
ITER 231: d0 = 0.381; d1 = 0.676; d2 = 0.750; d3 = 0.679; PPLX 2^6.80 = 111.5
ITER 232: d0 = 0.514; d1 = 0.688; d2 = 0.773; d3 = 0.665; PPLX 2^6.80 = 111.4
ITER 233: d0 = 0.338; d1 = 0.685; d2 = 0.758; d3 = 0.681; PPLX 2^6.80 = 111.2
ITER 234: d0 = 0.269; d1 = 0.643; d2 = 0.778; d3 = 0.672; PPLX 2^6.80 = 111.2
ITER 235: d0 = 0.423; d1 = 0.656; d2 = 0.750; d3 = 0.666; PPLX 2^6.81 = 112.0
ITER 236: d0 = 0.305; d1 = 0.675; d2 = 0.755; d3 = 0.692; PPLX 2^6.79 = 110.9
ITER 237: d0 = 0.290; d1 = 0.658; d2 = 0.762; d3 = 0.664; PPLX 2^6.80 = 111.8
ITER 238: d0 = 0.368; d1 = 0.668; d2 = 0.770; d3 = 0.649; PPLX 2^6.81 = 112.2
ITER 239: d0 = 0.381; d1 = 0.656; d2 = 0.757; d3 = 0.672; PPLX 2^6.80 = 111.6
ITER 240: d0 = 0.524; d1 = 0.681; d2 = 0.759; d3 = 0.684; PPLX 2^6.80 = 111.1
ITER 241: d0 = 0.353; d1 = 0.678; d2 = 0.765; d3 = 0.675; PPLX 2^6.80 = 111.3
ITER 242: d0 = 0.415; d1 = 0.680; d2 = 0.765; d3 = 0.667; PPLX 2^6.80 = 111.6
ITER 243: d0 = 0.298; d1 = 0.660; d2 = 0.761; d3 = 0.671; PPLX 2^6.80 = 111.6
ITER 244: d0 = 0.279; d1 = 0.686; d2 = 0.776; d3 = 0.670; PPLX 2^6.80 = 111.2
ITER 245: d0 = 0.319; d1 = 0.651; d2 = 0.755; d3 = 0.671; PPLX 2^6.80 = 111.7
ITER 246: d0 = 0.338; d1 = 0.663; d2 = 0.766; d3 = 0.685; PPLX 2^6.79 = 110.9
ITER 247: d0 = 0.276; d1 = 0.705; d2 = 0.767; d3 = 0.663; PPLX 2^6.80 = 111.7
ITER 248: d0 = 0.412; d1 = 0.681; d2 = 0.763; d3 = 0.687; PPLX 2^6.79 = 110.9
ITER 249: d0 = 0.336; d1 = 0.684; d2 = 0.766; d3 = 0.677; PPLX 2^6.80 = 111.2
ITER 250: d0 = 0.371; d1 = 0.677; d2 = 0.773; d3 = 0.685; PPLX 2^6.79 = 110.8
ITER 251: d0 = 0.358; d1 = 0.646; d2 = 0.769; d3 = 0.669; PPLX 2^6.80 = 111.5
ITER 252: d0 = 0.332; d1 = 0.693; d2 = 0.769; d3 = 0.685; PPLX 2^6.79 = 110.8
ITER 253: d0 = 0.492; d1 = 0.676; d2 = 0.759; d3 = 0.693; PPLX 2^6.79 = 110.8
ITER 254: d0 = 0.410; d1 = 0.691; d2 = 0.764; d3 = 0.664; PPLX 2^6.80 = 111.7
ITER 255: d0 = 0.304; d1 = 0.694; d2 = 0.760; d3 = 0.669; PPLX 2^6.80 = 111.6
ITER 256: d0 = 0.326; d1 = 0.679; d2 = 0.764; d3 = 0.696; PPLX 2^6.79 = 110.6
ITER 257: d0 = 0.320; d1 = 0.697; d2 = 0.766; d3 = 0.652; PPLX 2^6.81 = 112.1
ITER 258: d0 = 0.313; d1 = 0.661; d2 = 0.761; d3 = 0.679; PPLX 2^6.80 = 111.3
ITER 259: d0 = 0.321; d1 = 0.671; d2 = 0.765; d3 = 0.681; PPLX 2^6.80 = 111.1
ITER 260: d0 = 0.339; d1 = 0.654; d2 = 0.766; d3 = 0.667; PPLX 2^6.80 = 111.6
ITER 261: d0 = 0.467; d1 = 0.673; d2 = 0.767; d3 = 0.672; PPLX 2^6.80 = 111.4
ITER 262: d0 = 0.268; d1 = 0.666; d2 = 0.763; d3 = 0.686; PPLX 2^6.79 = 111.0
ITER 263: d0 = 0.310; d1 = 0.700; d2 = 0.746; d3 = 0.668; PPLX 2^6.81 = 112.0
ITER 264: d0 = 0.451; d1 = 0.678; d2 = 0.770; d3 = 0.687; PPLX 2^6.79 = 110.7
ITER 265: d0 = 0.290; d1 = 0.654; d2 = 0.767; d3 = 0.693; PPLX 2^6.79 = 110.7
ITER 266: d0 = 0.420; d1 = 0.706; d2 = 0.768; d3 = 0.674; PPLX 2^6.80 = 111.2
ITER 267: d0 = 0.309; d1 = 0.677; d2 = 0.761; d3 = 0.692; PPLX 2^6.79 = 110.8
ITER 268: d0 = 0.351; d1 = 0.648; d2 = 0.773; d3 = 0.684; PPLX 2^6.79 = 110.9
ITER 269: d0 = 0.377; d1 = 0.654; d2 = 0.757; d3 = 0.677; PPLX 2^6.80 = 111.4
ITER 270: d0 = 0.466; d1 = 0.678; d2 = 0.750; d3 = 0.683; PPLX 2^6.80 = 111.3
ITER 271: d0 = 0.286; d1 = 0.664; d2 = 0.758; d3 = 0.670; PPLX 2^6.80 = 111.6
ITER 272: d0 = 0.477; d1 = 0.657; d2 = 0.760; d3 = 0.667; PPLX 2^6.80 = 111.7
ITER 273: d0 = 0.288; d1 = 0.686; d2 = 0.747; d3 = 0.669; PPLX 2^6.81 = 111.9
ITER 274: d0 = 0.308; d1 = 0.681; d2 = 0.773; d3 = 0.682; PPLX 2^6.79 = 110.9
ITER 275: d0 = 0.512; d1 = 0.676; d2 = 0.772; d3 = 0.674; PPLX 2^6.80 = 111.2
ITER 276: d0 = 0.334; d1 = 0.688; d2 = 0.737; d3 = 0.663; PPLX 2^6.81 = 112.3
ITER 277: d0 = 0.434; d1 = 0.667; d2 = 0.758; d3 = 0.682; PPLX 2^6.80 = 111.2
ITER 278: d0 = 0.344; d1 = 0.696; d2 = 0.771; d3 = 0.671; PPLX 2^6.80 = 111.3
ITER 279: d0 = 0.276; d1 = 0.654; d2 = 0.767; d3 = 0.673; PPLX 2^6.80 = 111.3
ITER 280: d0 = 0.317; d1 = 0.682; d2 = 0.758; d3 = 0.663; PPLX 2^6.81 = 111.9
ITER 281: d0 = 0.380; d1 = 0.652; d2 = 0.775; d3 = 0.699; PPLX 2^6.79 = 110.3
ITER 282: d0 = 0.272; d1 = 0.664; d2 = 0.754; d3 = 0.675; PPLX 2^6.80 = 111.5
ITER 283: d0 = 0.505; d1 = 0.679; d2 = 0.770; d3 = 0.667; PPLX 2^6.80 = 111.4
ITER 284: d0 = 0.394; d1 = 0.662; d2 = 0.776; d3 = 0.692; PPLX 2^6.79 = 110.5
ITER 285: d0 = 0.368; d1 = 0.663; d2 = 0.770; d3 = 0.680; PPLX 2^6.79 = 111.0
ITER 286: d0 = 0.407; d1 = 0.659; d2 = 0.766; d3 = 0.660; PPLX 2^6.81 = 111.9
ITER 287: d0 = 0.341; d1 = 0.665; d2 = 0.750; d3 = 0.679; PPLX 2^6.80 = 111.5
ITER 288: d0 = 0.500; d1 = 0.665; d2 = 0.738; d3 = 0.665; PPLX 2^6.81 = 112.3
ITER 289: d0 = 0.272; d1 = 0.698; d2 = 0.737; d3 = 0.696; PPLX 2^6.80 = 111.1
ITER 290: d0 = 0.343; d1 = 0.641; d2 = 0.758; d3 = 0.664; PPLX 2^6.81 = 112.0
ITER 291: d0 = 0.317; d1 = 0.678; d2 = 0.766; d3 = 0.689; PPLX 2^6.79 = 110.8
ITER 292: d0 = 0.303; d1 = 0.682; d2 = 0.773; d3 = 0.682; PPLX 2^6.79 = 110.9
ITER 293: d0 = 0.319; d1 = 0.679; d2 = 0.777; d3 = 0.685; PPLX 2^6.79 = 110.7
ITER 294: d0 = 0.395; d1 = 0.681; d2 = 0.761; d3 = 0.682; PPLX 2^6.80 = 111.1
ITER 295: d0 = 0.378; d1 = 0.674; d2 = 0.773; d3 = 0.672; PPLX 2^6.80 = 111.2
ITER 296: d0 = 0.309; d1 = 0.649; d2 = 0.766; d3 = 0.675; PPLX 2^6.80 = 111.3
ITER 297: d0 = 0.301; d1 = 0.700; d2 = 0.775; d3 = 0.681; PPLX 2^6.79 = 110.9
ITER 298: d0 = 0.337; d1 = 0.649; d2 = 0.756; d3 = 0.677; PPLX 2^6.80 = 111.5
ITER 299: d0 = 0.374; d1 = 0.681; d2 = 0.769; d3 = 0.674; PPLX 2^6.80 = 111.2

SUMMARY
Compression ratio: 1.083301 bits/char (13.541260%)
Perplexity: 2^6.785140 = 110.288577

SAMPLE TEXT
... previously had not appeared <proper_noun> a_gas station in missouri and east knows <proper_noun> as long as infected when <proper_noun> 're sold <proper_noun> year to a lawsuit was over whether <proper_noun> 's `` hysteria , to the new_york ; and saying <proper_noun> coach , <unknown> <unknown> of <unknown> a partner to help ourselves is diminished drew sharp criticism <proper_noun> other countries like plea allied signal - the right to make the payments , and the banks would keep the city would_be <unknown> came_in a san_francisco hospital , said the revamped sort and identify the employees made the altar breach in the number of people living_in the area , wrapped in #n . the resolution was <unknown> belt known_as the <unknown> sick and tired_of <proper_noun> advises house . the house took the embattled central_bank searched for the group 's legislative conference last november , short of lifting the_ban on how the groups said . liver cells memorial_day weekend , for the past #n to justify his failed <unknown> . whether <proper_noun> 's law . . #n #an bad sunset limited only to `` <unknown> the <unknown> <proper_noun> the commission of a company is `` totally burned mon <proper_noun> trampled over the economy '' . de la <proper_noun> , <proper_noun> felt <proper_noun> <proper_noun> without security or public safety question . and <proper_noun> 're <unknown> that_is an agreement , the <proper_noun> of 4_1 years ; now or later against a backdrop of france 's contribution to the vatican has paid_for <proper_noun> . ' i ...
