[    0.0s] starting
[   12.7s] read 15920737 words (17964 unique)
[   12.7s] 963071 test words, (300 - 125) iterations
[   67.3s] finished training (14957666 words)

[   67.3s] iteration 1/300
[   83.2s] resampling h with 1 CRPs:
[   83.2s] 	a = 0.982662, d = 0.520846
[   83.2s] resampling h with 17964 CRPs:
[   83.5s] 	a = 1.40066, d = 0.649562
[   83.5s] resampling h with 1523856 CRPs:
[   85.4s] 	a = 1.15567, d = 0.648084
[   86.5s] perplexity = 117.022

[   86.5s] iteration 2/300
[  103.7s] resampling h with 1 CRPs:
[  103.7s] 	a = 0.879006, d = 0.536344
[  103.7s] resampling h with 17964 CRPs:
[  104.1s] 	a = 1.56803, d = 0.688723
[  104.1s] resampling h with 1523856 CRPs:
[  105.9s] 	a = 1.15431, d = 0.69158
[  107.0s] perplexity = 115.794

[  107.0s] iteration 3/300
[  125.0s] resampling h with 1 CRPs:
[  125.1s] 	a = 0.871054, d = 0.546749
[  125.1s] resampling h with 17964 CRPs:
[  125.4s] 	a = 1.67814, d = 0.704929
[  125.4s] resampling h with 1523856 CRPs:
[  127.3s] 	a = 1.12372, d = 0.712336
[  128.4s] perplexity = 115.248

[  128.4s] iteration 4/300
[  147.2s] resampling h with 1 CRPs:
[  147.3s] 	a = 0.633157, d = 0.55994
[  147.3s] resampling h with 17964 CRPs:
[  147.6s] 	a = 1.74971, d = 0.712226
[  147.6s] resampling h with 1523856 CRPs:
[  149.5s] 	a = 1.08514, d = 0.725176
[  150.5s] perplexity = 114.965

[  150.5s] iteration 5/300
[  170.3s] resampling h with 1 CRPs:
[  170.3s] 	a = 0.705799, d = 0.567234
[  170.3s] resampling h with 17964 CRPs:
[  170.7s] 	a = 1.8071, d = 0.714854
[  170.7s] resampling h with 1523856 CRPs:
[  172.6s] 	a = 1.0387, d = 0.73386
[  173.7s] perplexity = 114.773

[  173.7s] iteration 6/300
[  194.1s] resampling h with 1 CRPs:
[  194.1s] 	a = 0.695211, d = 0.57575
[  194.1s] resampling h with 17964 CRPs:
[  194.4s] 	a = 1.85881, d = 0.717602
[  194.4s] resampling h with 1523856 CRPs:
[  196.3s] 	a = 0.991134, d = 0.739823
[  197.4s] perplexity = 114.666

[  197.4s] iteration 7/300
[  218.5s] resampling h with 1 CRPs:
[  218.5s] 	a = 0.779294, d = 0.58426
[  218.5s] resampling h with 17964 CRPs:
[  218.9s] 	a = 1.91114, d = 0.718856
[  218.9s] resampling h with 1523856 CRPs:
[  220.8s] 	a = 0.949205, d = 0.745133
[  221.8s] perplexity = 114.548

[  221.8s] iteration 8/300
[  243.4s] resampling h with 1 CRPs:
[  243.5s] 	a = 1.84794, d = 0.589215
[  243.5s] resampling h with 17964 CRPs:
[  243.8s] 	a = 1.95605, d = 0.719114
[  243.8s] resampling h with 1523856 CRPs:
[  245.7s] 	a = 0.909129, d = 0.748721
[  246.8s] perplexity = 114.49

[  246.8s] iteration 9/300
[  268.9s] resampling h with 1 CRPs:
[  269.0s] 	a = 3.25392, d = 0.595712
[  269.0s] resampling h with 17964 CRPs:
[  269.3s] 	a = 2.00619, d = 0.719637
[  269.3s] resampling h with 1523856 CRPs:
[  271.2s] 	a = 0.868037, d = 0.752046
[  272.3s] perplexity = 114.449

[  272.3s] iteration 10/300
[  295.0s] resampling h with 1 CRPs:
[  295.0s] 	a = 4.77574, d = 0.604027
[  295.0s] resampling h with 17964 CRPs:
[  295.4s] 	a = 2.0467, d = 0.719544
[  295.4s] resampling h with 1523856 CRPs:
[  297.3s] 	a = 0.832736, d = 0.754862
[  298.4s] perplexity = 114.404

[  298.4s] iteration 11/300
[  321.8s] resampling h with 1 CRPs:
[  321.8s] 	a = 6.26615, d = 0.609662
[  321.8s] resampling h with 17964 CRPs:
[  322.1s] 	a = 2.08783, d = 0.719418
[  322.1s] resampling h with 1523856 CRPs:
[  324.0s] 	a = 0.796115, d = 0.757279
[  325.1s] perplexity = 114.391

[  325.1s] iteration 12/300
[  348.9s] resampling h with 1 CRPs:
[  348.9s] 	a = 6.76005, d = 0.615694
[  348.9s] resampling h with 17964 CRPs:
[  349.2s] 	a = 2.13367, d = 0.719435
[  349.2s] resampling h with 1523856 CRPs:
[  351.1s] 	a = 0.764518, d = 0.75926
[  352.2s] perplexity = 114.354

[  352.2s] iteration 13/300
[  377.1s] resampling h with 1 CRPs:
[  377.1s] 	a = 6.5472, d = 0.621988
[  377.1s] resampling h with 17964 CRPs:
[  377.5s] 	a = 2.15092, d = 0.719424
[  377.5s] resampling h with 1523856 CRPs:
[  379.5s] 	a = 0.733335, d = 0.761204
[  380.6s] perplexity = 114.331

[  380.6s] iteration 14/300
[  405.8s] resampling h with 1 CRPs:
[  405.8s] 	a = 9.60311, d = 0.626076
[  405.8s] resampling h with 17964 CRPs:
[  406.1s] 	a = 2.17231, d = 0.718915
[  406.1s] resampling h with 1523856 CRPs:
[  408.1s] 	a = 0.70336, d = 0.762565
[  409.2s] perplexity = 114.363

[  409.2s] iteration 15/300
[  434.9s] resampling h with 1 CRPs:
[  434.9s] 	a = 9.09379, d = 0.631619
[  434.9s] resampling h with 17964 CRPs:
[  435.3s] 	a = 2.20171, d = 0.718978
[  435.3s] resampling h with 1523856 CRPs:
[  437.2s] 	a = 0.673761, d = 0.763611
[  438.4s] perplexity = 114.331

[  438.4s] iteration 16/300
[  464.7s] resampling h with 1 CRPs:
[  464.8s] 	a = 10.5035, d = 0.636887
[  464.8s] resampling h with 17964 CRPs:
[  465.1s] 	a = 2.22451, d = 0.71848
[  465.1s] resampling h with 1523856 CRPs:
[  467.0s] 	a = 0.646258, d = 0.765032
[  468.1s] perplexity = 114.307

[  468.1s] iteration 17/300
[  494.8s] resampling h with 1 CRPs:
[  494.8s] 	a = 13.562, d = 0.640208
[  494.8s] resampling h with 17964 CRPs:
[  495.1s] 	a = 2.2679, d = 0.717971
[  495.1s] resampling h with 1523856 CRPs:
[  497.0s] 	a = 0.622239, d = 0.766169
[  498.0s] perplexity = 114.309

[  498.0s] iteration 18/300
[  525.0s] resampling h with 1 CRPs:
[  525.1s] 	a = 14.5611, d = 0.643413
[  525.1s] resampling h with 17964 CRPs:
[  525.4s] 	a = 2.30251, d = 0.718327
[  525.4s] resampling h with 1523856 CRPs:
[  527.4s] 	a = 0.599247, d = 0.767251
[  528.4s] perplexity = 114.314

[  528.4s] iteration 19/300
[  555.9s] resampling h with 1 CRPs:
[  556.0s] 	a = 14.7803, d = 0.647547
[  556.0s] resampling h with 17964 CRPs:
[  556.3s] 	a = 2.33041, d = 0.717794
[  556.3s] resampling h with 1523856 CRPs:
[  558.2s] 	a = 0.576886, d = 0.768337
[  559.3s] perplexity = 114.28

[  559.3s] iteration 20/300
[  586.7s] resampling h with 1 CRPs:
[  586.7s] 	a = 17.4911, d = 0.652094
[  586.7s] resampling h with 17964 CRPs:
[  587.1s] 	a = 2.34254, d = 0.718076
[  587.1s] resampling h with 1523856 CRPs:
[  589.0s] 	a = 0.554434, d = 0.769512
[  590.0s] perplexity = 114.316

[  590.0s] iteration 21/300
[  617.5s] resampling h with 1 CRPs:
[  617.6s] 	a = 21.072, d = 0.655969
[  617.6s] resampling h with 17964 CRPs:
[  617.9s] 	a = 2.36946, d = 0.717967
[  617.9s] resampling h with 1523856 CRPs:
[  619.8s] 	a = 0.534261, d = 0.770484
[  620.9s] perplexity = 114.313

[  620.9s] iteration 22/300
[  649.0s] resampling h with 1 CRPs:
[  649.0s] 	a = 22.4954, d = 0.658591
[  649.0s] resampling h with 17964 CRPs:
[  649.4s] 	a = 2.38771, d = 0.717683
[  649.4s] resampling h with 1523856 CRPs:
[  651.2s] 	a = 0.514561, d = 0.771173
[  652.3s] perplexity = 114.307

[  652.3s] iteration 23/300
[  681.0s] resampling h with 1 CRPs:
[  681.1s] 	a = 22.107, d = 0.663614
[  681.1s] resampling h with 17964 CRPs:
[  681.4s] 	a = 2.41767, d = 0.716809
[  681.4s] resampling h with 1523856 CRPs:
[  683.3s] 	a = 0.496757, d = 0.771712
[  684.4s] perplexity = 114.293

[  684.4s] iteration 24/300
[  713.9s] resampling h with 1 CRPs:
[  713.9s] 	a = 24.6209, d = 0.664318
[  713.9s] resampling h with 17964 CRPs:
[  714.3s] 	a = 2.46002, d = 0.716782
[  714.3s] resampling h with 1523856 CRPs:
[  716.2s] 	a = 0.479597, d = 0.772482
[  717.2s] perplexity = 114.308

[  717.2s] iteration 25/300
[  747.2s] resampling h with 1 CRPs:
[  747.2s] 	a = 25.7569, d = 0.667947
[  747.2s] resampling h with 17964 CRPs:
[  747.6s] 	a = 2.48417, d = 0.717134
[  747.6s] resampling h with 1523856 CRPs:
[  749.5s] 	a = 0.465156, d = 0.773177
[  750.5s] perplexity = 114.307

[  750.5s] iteration 26/300
[  779.9s] resampling h with 1 CRPs:
[  780.0s] 	a = 29.1294, d = 0.671783
[  780.0s] resampling h with 17964 CRPs:
[  780.3s] 	a = 2.50293, d = 0.716651
[  780.3s] resampling h with 1523856 CRPs:
[  782.2s] 	a = 0.450359, d = 0.773915
[  783.3s] perplexity = 114.271

[  783.3s] iteration 27/300
[  812.7s] resampling h with 1 CRPs:
[  812.7s] 	a = 32.0873, d = 0.672766
[  812.7s] resampling h with 17964 CRPs:
[  813.1s] 	a = 2.50388, d = 0.716025
[  813.1s] resampling h with 1523856 CRPs:
[  815.0s] 	a = 0.43539, d = 0.774736
[  816.0s] perplexity = 114.303

[  816.0s] iteration 28/300
[  845.6s] resampling h with 1 CRPs:
[  845.6s] 	a = 32.3589, d = 0.674054
[  845.6s] resampling h with 17964 CRPs:
[  846.0s] 	a = 2.52434, d = 0.716489
[  846.0s] resampling h with 1523856 CRPs:
[  847.9s] 	a = 0.42132, d = 0.775452
[  848.9s] perplexity = 114.264

[  848.9s] iteration 29/300
[  878.4s] resampling h with 1 CRPs:
[  878.5s] 	a = 33.762, d = 0.67552
[  878.5s] resampling h with 17964 CRPs:
[  878.8s] 	a = 2.54413, d = 0.715672
[  878.8s] resampling h with 1523856 CRPs:
[  880.7s] 	a = 0.408138, d = 0.77609
[  881.8s] perplexity = 114.284

[  881.8s] iteration 30/300
[  912.0s] resampling h with 1 CRPs:
[  912.0s] 	a = 35.5746, d = 0.677226
[  912.0s] resampling h with 17964 CRPs:
[  912.4s] 	a = 2.55527, d = 0.715857
[  912.4s] resampling h with 1523856 CRPs:
[  914.2s] 	a = 0.396743, d = 0.77693
[  915.3s] perplexity = 114.309

[  915.3s] iteration 31/300
[  946.5s] resampling h with 1 CRPs:
[  946.5s] 	a = 32.7956, d = 0.67949
[  946.5s] resampling h with 17964 CRPs:
[  946.9s] 	a = 2.57502, d = 0.715904
[  946.9s] resampling h with 1523856 CRPs:
[  948.8s] 	a = 0.385305, d = 0.777182
[  949.9s] perplexity = 114.282

[  949.9s] iteration 32/300
[  980.9s] resampling h with 1 CRPs:
[  980.9s] 	a = 30.5147, d = 0.679401
[  980.9s] resampling h with 17964 CRPs:
[  981.2s] 	a = 2.57797, d = 0.71577
[  981.2s] resampling h with 1523856 CRPs:
[  983.2s] 	a = 0.372596, d = 0.777665
[  984.2s] perplexity = 114.338

[  984.2s] iteration 33/300
[ 1015.3s] resampling h with 1 CRPs:
[ 1015.3s] 	a = 32.2355, d = 0.68013
[ 1015.3s] resampling h with 17964 CRPs:
[ 1015.7s] 	a = 2.5804, d = 0.715636
[ 1015.7s] resampling h with 1523856 CRPs:
[ 1017.6s] 	a = 0.362099, d = 0.778146
[ 1018.6s] perplexity = 114.335

[ 1018.6s] iteration 34/300
[ 1049.8s] resampling h with 1 CRPs:
[ 1049.9s] 	a = 33.4745, d = 0.680816
[ 1049.9s] resampling h with 17964 CRPs:
[ 1050.2s] 	a = 2.59696, d = 0.715431
[ 1050.2s] resampling h with 1523856 CRPs:
[ 1052.1s] 	a = 0.351313, d = 0.778586
[ 1053.2s] perplexity = 114.329

[ 1053.2s] iteration 35/300
[ 1084.7s] resampling h with 1 CRPs:
[ 1084.8s] 	a = 33.9911, d = 0.682494
[ 1084.8s] resampling h with 17964 CRPs:
[ 1085.1s] 	a = 2.601, d = 0.715259
[ 1085.1s] resampling h with 1523856 CRPs:
[ 1087.0s] 	a = 0.342086, d = 0.778855
[ 1088.1s] perplexity = 114.297

[ 1088.1s] iteration 36/300
[ 1120.0s] resampling h with 1 CRPs:
[ 1120.0s] 	a = 34.3489, d = 0.684388
[ 1120.0s] resampling h with 17964 CRPs:
[ 1120.3s] 	a = 2.62565, d = 0.715239
[ 1120.3s] resampling h with 1523856 CRPs:
[ 1122.3s] 	a = 0.332452, d = 0.779172
[ 1123.3s] perplexity = 114.317

[ 1123.3s] iteration 37/300
[ 1155.2s] resampling h with 1 CRPs:
[ 1155.2s] 	a = 37.2775, d = 0.686368
[ 1155.2s] resampling h with 17964 CRPs:
[ 1155.6s] 	a = 2.62725, d = 0.715235
[ 1155.6s] resampling h with 1523856 CRPs:
[ 1157.5s] 	a = 0.322919, d = 0.779759
[ 1158.6s] perplexity = 114.308

[ 1158.6s] iteration 38/300
[ 1190.9s] resampling h with 1 CRPs:
[ 1190.9s] 	a = 38.2597, d = 0.686492
[ 1190.9s] resampling h with 17964 CRPs:
[ 1191.3s] 	a = 2.6443, d = 0.714823
[ 1191.3s] resampling h with 1523856 CRPs:
[ 1193.2s] 	a = 0.314397, d = 0.780104
[ 1194.2s] perplexity = 114.321

[ 1194.2s] iteration 39/300
[ 1227.2s] resampling h with 1 CRPs:
[ 1227.2s] 	a = 39.4008, d = 0.685287
[ 1227.2s] resampling h with 17964 CRPs:
[ 1227.6s] 	a = 2.66272, d = 0.71468
[ 1227.6s] resampling h with 1523856 CRPs:
[ 1229.5s] 	a = 0.305617, d = 0.780192
[ 1230.5s] perplexity = 114.315

[ 1230.5s] iteration 40/300
[ 1263.4s] resampling h with 1 CRPs:
[ 1263.5s] 	a = 43.9198, d = 0.6879
[ 1263.5s] resampling h with 17964 CRPs:
[ 1263.8s] 	a = 2.68523, d = 0.714597
[ 1263.8s] resampling h with 1523856 CRPs:
[ 1265.7s] 	a = 0.298197, d = 0.780647
[ 1266.8s] perplexity = 114.301

[ 1266.8s] iteration 41/300
[ 1300.2s] resampling h with 1 CRPs:
[ 1300.3s] 	a = 48.5114, d = 0.687996
[ 1300.3s] resampling h with 17964 CRPs:
[ 1300.6s] 	a = 2.69515, d = 0.714587
[ 1300.6s] resampling h with 1523856 CRPs:
[ 1302.5s] 	a = 0.291415, d = 0.780851
[ 1303.6s] perplexity = 114.304

[ 1303.6s] iteration 42/300
[ 1337.0s] resampling h with 1 CRPs:
[ 1337.0s] 	a = 50.3437, d = 0.68803
[ 1337.0s] resampling h with 17964 CRPs:
[ 1337.4s] 	a = 2.72348, d = 0.714318
[ 1337.4s] resampling h with 1523856 CRPs:
[ 1339.3s] 	a = 0.283538, d = 0.781241
[ 1340.3s] perplexity = 114.319

[ 1340.3s] iteration 43/300
[ 1373.6s] resampling h with 1 CRPs:
[ 1373.6s] 	a = 56.7242, d = 0.69024
[ 1373.6s] resampling h with 17964 CRPs:
[ 1374.0s] 	a = 2.73294, d = 0.714462
[ 1374.0s] resampling h with 1523856 CRPs:
[ 1375.9s] 	a = 0.277458, d = 0.781586
[ 1376.9s] perplexity = 114.339

[ 1376.9s] iteration 44/300
[ 1410.6s] resampling h with 1 CRPs:
[ 1410.6s] 	a = 59.265, d = 0.688984
[ 1410.6s] resampling h with 17964 CRPs:
[ 1411.0s] 	a = 2.73597, d = 0.71419
[ 1411.0s] resampling h with 1523856 CRPs:
[ 1412.9s] 	a = 0.270648, d = 0.781995
[ 1414.0s] perplexity = 114.308

[ 1414.0s] iteration 45/300
[ 1447.7s] resampling h with 1 CRPs:
[ 1447.7s] 	a = 58.3567, d = 0.690384
[ 1447.7s] resampling h with 17964 CRPs:
[ 1448.1s] 	a = 2.7521, d = 0.713908
[ 1448.1s] resampling h with 1523856 CRPs:
[ 1450.0s] 	a = 0.264111, d = 0.782135
[ 1451.1s] perplexity = 114.323

[ 1451.1s] iteration 46/300
[ 1485.3s] resampling h with 1 CRPs:
[ 1485.3s] 	a = 62.3852, d = 0.691795
[ 1485.3s] resampling h with 17964 CRPs:
[ 1485.7s] 	a = 2.77739, d = 0.713585
[ 1485.7s] resampling h with 1523856 CRPs:
[ 1487.6s] 	a = 0.259042, d = 0.782596
[ 1488.6s] perplexity = 114.333

[ 1488.6s] iteration 47/300
[ 1523.1s] resampling h with 1 CRPs:
[ 1523.1s] 	a = 59.075, d = 0.692926
[ 1523.1s] resampling h with 17964 CRPs:
[ 1523.5s] 	a = 2.78594, d = 0.713377
[ 1523.5s] resampling h with 1523856 CRPs:
[ 1525.4s] 	a = 0.253769, d = 0.783312
[ 1526.4s] perplexity = 114.34

[ 1526.4s] iteration 48/300
[ 1560.8s] resampling h with 1 CRPs:
[ 1560.8s] 	a = 62.9633, d = 0.691701
[ 1560.8s] resampling h with 17964 CRPs:
[ 1561.2s] 	a = 2.77844, d = 0.713566
[ 1561.2s] resampling h with 1523856 CRPs:
[ 1563.1s] 	a = 0.248247, d = 0.783377
[ 1564.2s] perplexity = 114.328

[ 1564.2s] iteration 49/300
[ 1598.7s] resampling h with 1 CRPs:
[ 1598.7s] 	a = 57.8402, d = 0.690736
[ 1598.7s] resampling h with 17964 CRPs:
[ 1599.1s] 	a = 2.77482, d = 0.713928
[ 1599.1s] resampling h with 1523856 CRPs:
[ 1601.0s] 	a = 0.242989, d = 0.783317
[ 1602.1s] perplexity = 114.309

[ 1602.1s] iteration 50/300
[ 1637.0s] resampling h with 1 CRPs:
[ 1637.0s] 	a = 61.3015, d = 0.690764
[ 1637.0s] resampling h with 17964 CRPs:
[ 1637.4s] 	a = 2.77464, d = 0.713647
[ 1637.4s] resampling h with 1523856 CRPs:
[ 1639.3s] 	a = 0.237836, d = 0.783836
[ 1640.3s] perplexity = 114.33

[ 1640.3s] iteration 51/300
[ 1675.0s] resampling h with 1 CRPs:
[ 1675.0s] 	a = 65.0988, d = 0.69165
[ 1675.0s] resampling h with 17964 CRPs:
[ 1675.4s] 	a = 2.78357, d = 0.713765
[ 1675.4s] resampling h with 1523856 CRPs:
[ 1677.3s] 	a = 0.232774, d = 0.784116
[ 1678.3s] perplexity = 114.349

[ 1678.3s] iteration 52/300
[ 1713.2s] resampling h with 1 CRPs:
[ 1713.2s] 	a = 64.9784, d = 0.691624
[ 1713.2s] resampling h with 17964 CRPs:
[ 1713.5s] 	a = 2.77643, d = 0.713606
[ 1713.5s] resampling h with 1523856 CRPs:
[ 1715.4s] 	a = 0.228202, d = 0.784305
[ 1716.5s] perplexity = 114.347

[ 1716.5s] iteration 53/300
[ 1751.7s] resampling h with 1 CRPs:
[ 1751.7s] 	a = 63.6886, d = 0.689393
[ 1751.7s] resampling h with 17964 CRPs:
[ 1752.1s] 	a = 2.77717, d = 0.71325
[ 1752.1s] resampling h with 1523856 CRPs:
[ 1754.0s] 	a = 0.224225, d = 0.784355
[ 1755.1s] perplexity = 114.315

[ 1755.1s] iteration 54/300
[ 1790.2s] resampling h with 1 CRPs:
[ 1790.2s] 	a = 58.27, d = 0.690869
[ 1790.2s] resampling h with 17964 CRPs:
[ 1790.6s] 	a = 2.79387, d = 0.712826
[ 1790.6s] resampling h with 1523856 CRPs:
[ 1792.5s] 	a = 0.219507, d = 0.785069
[ 1793.5s] perplexity = 114.319

[ 1793.5s] iteration 55/300
[ 1829.0s] resampling h with 1 CRPs:
[ 1829.0s] 	a = 57.5188, d = 0.690298
[ 1829.0s] resampling h with 17964 CRPs:
[ 1829.4s] 	a = 2.79774, d = 0.713395
[ 1829.4s] resampling h with 1523856 CRPs:
[ 1831.3s] 	a = 0.215093, d = 0.784835
[ 1832.4s] perplexity = 114.306

[ 1832.4s] iteration 56/300
[ 1868.1s] resampling h with 1 CRPs:
[ 1868.2s] 	a = 55.0106, d = 0.690207
[ 1868.2s] resampling h with 17964 CRPs:
[ 1868.5s] 	a = 2.7981, d = 0.713404
[ 1868.5s] resampling h with 1523856 CRPs:
[ 1870.4s] 	a = 0.210179, d = 0.785287
[ 1871.5s] perplexity = 114.334

[ 1871.5s] iteration 57/300
[ 1906.7s] resampling h with 1 CRPs:
[ 1906.8s] 	a = 60.7552, d = 0.69105
[ 1906.8s] resampling h with 17964 CRPs:
[ 1907.1s] 	a = 2.81506, d = 0.712839
[ 1907.1s] resampling h with 1523856 CRPs:
[ 1909.0s] 	a = 0.206386, d = 0.785375
[ 1910.1s] perplexity = 114.351

[ 1910.1s] iteration 58/300
[ 1945.7s] resampling h with 1 CRPs:
[ 1945.7s] 	a = 64.3207, d = 0.690013
[ 1945.7s] resampling h with 17964 CRPs:
[ 1946.1s] 	a = 2.81836, d = 0.713506
[ 1946.1s] resampling h with 1523856 CRPs:
[ 1948.0s] 	a = 0.203239, d = 0.785419
[ 1949.1s] perplexity = 114.333

[ 1949.1s] iteration 59/300
[ 1985.1s] resampling h with 1 CRPs:
[ 1985.1s] 	a = 63.0015, d = 0.6905
[ 1985.1s] resampling h with 17964 CRPs:
[ 1985.5s] 	a = 2.81517, d = 0.71302
[ 1985.5s] resampling h with 1523856 CRPs:
[ 1987.4s] 	a = 0.19978, d = 0.785761
[ 1988.4s] perplexity = 114.355

[ 1988.4s] iteration 60/300
[ 2025.3s] resampling h with 1 CRPs:
[ 2025.3s] 	a = 62.3981, d = 0.690276
[ 2025.3s] resampling h with 17964 CRPs:
[ 2025.7s] 	a = 2.81478, d = 0.713047
[ 2025.7s] resampling h with 1523856 CRPs:
[ 2027.5s] 	a = 0.195235, d = 0.785789
[ 2028.6s] perplexity = 114.351

[ 2028.6s] iteration 61/300
[ 2065.9s] resampling h with 1 CRPs:
[ 2065.9s] 	a = 60.3091, d = 0.690559
[ 2065.9s] resampling h with 17964 CRPs:
[ 2066.3s] 	a = 2.83439, d = 0.713253
[ 2066.3s] resampling h with 1523856 CRPs:
[ 2068.2s] 	a = 0.192209, d = 0.7859
[ 2069.2s] perplexity = 114.349

[ 2069.2s] iteration 62/300
[ 2106.1s] resampling h with 1 CRPs:
[ 2106.1s] 	a = 54.3108, d = 0.692097
[ 2106.1s] resampling h with 17964 CRPs:
[ 2106.5s] 	a = 2.85047, d = 0.713027
[ 2106.5s] resampling h with 1523856 CRPs:
[ 2108.4s] 	a = 0.188408, d = 0.786247
[ 2109.5s] perplexity = 114.354

[ 2109.5s] iteration 63/300
[ 2146.2s] resampling h with 1 CRPs:
[ 2146.3s] 	a = 65.3674, d = 0.692431
[ 2146.3s] resampling h with 17964 CRPs:
[ 2146.6s] 	a = 2.8647, d = 0.712835
[ 2146.6s] resampling h with 1523856 CRPs:
[ 2148.6s] 	a = 0.185606, d = 0.786313
[ 2149.6s] perplexity = 114.351

[ 2149.6s] iteration 64/300
[ 2187.2s] resampling h with 1 CRPs:
[ 2187.2s] 	a = 64.8754, d = 0.691778
[ 2187.2s] resampling h with 17964 CRPs:
[ 2187.6s] 	a = 2.88, d = 0.713144
[ 2187.6s] resampling h with 1523856 CRPs:
[ 2189.4s] 	a = 0.182821, d = 0.786437
[ 2190.5s] perplexity = 114.36

[ 2190.5s] iteration 65/300
[ 2228.1s] resampling h with 1 CRPs:
[ 2228.2s] 	a = 64.466, d = 0.692259
[ 2228.2s] resampling h with 17964 CRPs:
[ 2228.5s] 	a = 2.88232, d = 0.71303
[ 2228.5s] resampling h with 1523856 CRPs:
[ 2230.4s] 	a = 0.180198, d = 0.786402
[ 2231.5s] perplexity = 114.359

[ 2231.5s] iteration 66/300
[ 2269.4s] resampling h with 1 CRPs:
[ 2269.4s] 	a = 63.745, d = 0.691376
[ 2269.4s] resampling h with 17964 CRPs:
[ 2269.8s] 	a = 2.86677, d = 0.713137
[ 2269.8s] resampling h with 1523856 CRPs:
[ 2271.7s] 	a = 0.177956, d = 0.786534
[ 2272.7s] perplexity = 114.334

[ 2272.7s] iteration 67/300
[ 2310.2s] resampling h with 1 CRPs:
[ 2310.3s] 	a = 60.3183, d = 0.691121
[ 2310.3s] resampling h with 17964 CRPs:
[ 2310.6s] 	a = 2.87575, d = 0.71256
[ 2310.6s] resampling h with 1523856 CRPs:
[ 2312.6s] 	a = 0.174992, d = 0.78674
[ 2313.6s] perplexity = 114.332

[ 2313.6s] iteration 68/300
[ 2351.1s] resampling h with 1 CRPs:
[ 2351.2s] 	a = 53.9716, d = 0.690592
[ 2351.2s] resampling h with 17964 CRPs:
[ 2351.5s] 	a = 2.86959, d = 0.712651
[ 2351.5s] resampling h with 1523856 CRPs:
[ 2353.4s] 	a = 0.172067, d = 0.786654
[ 2354.4s] perplexity = 114.346

[ 2354.4s] iteration 69/300
[ 2391.3s] resampling h with 1 CRPs:
[ 2391.4s] 	a = 52.0731, d = 0.692124
[ 2391.4s] resampling h with 17964 CRPs:
[ 2391.7s] 	a = 2.8746, d = 0.712467
[ 2391.7s] resampling h with 1523856 CRPs:
[ 2393.7s] 	a = 0.168739, d = 0.78705
[ 2394.7s] perplexity = 114.362

[ 2394.7s] iteration 70/300
[ 2431.8s] resampling h with 1 CRPs:
[ 2431.8s] 	a = 51.6026, d = 0.694373
[ 2431.8s] resampling h with 17964 CRPs:
[ 2432.1s] 	a = 2.88304, d = 0.712448
[ 2432.1s] resampling h with 1523856 CRPs:
[ 2434.1s] 	a = 0.16514, d = 0.787267
[ 2435.1s] perplexity = 114.335

[ 2435.1s] iteration 71/300
[ 2472.4s] resampling h with 1 CRPs:
[ 2472.4s] 	a = 51.1615, d = 0.693938
[ 2472.4s] resampling h with 17964 CRPs:
[ 2472.8s] 	a = 2.88054, d = 0.712797
[ 2472.8s] resampling h with 1523856 CRPs:
[ 2474.7s] 	a = 0.162305, d = 0.787573
[ 2475.8s] perplexity = 114.319

[ 2475.8s] iteration 72/300
[ 2513.4s] resampling h with 1 CRPs:
[ 2513.5s] 	a = 48.8646, d = 0.694049
[ 2513.5s] resampling h with 17964 CRPs:
[ 2513.8s] 	a = 2.86558, d = 0.713017
[ 2513.8s] resampling h with 1523856 CRPs:
[ 2515.7s] 	a = 0.159964, d = 0.787435
[ 2516.8s] perplexity = 114.318

[ 2516.8s] iteration 73/300
[ 2554.9s] resampling h with 1 CRPs:
[ 2555.0s] 	a = 45.8427, d = 0.694937
[ 2555.0s] resampling h with 17964 CRPs:
[ 2555.3s] 	a = 2.87399, d = 0.712723
[ 2555.3s] resampling h with 1523856 CRPs:
[ 2557.2s] 	a = 0.158215, d = 0.78753
[ 2558.3s] perplexity = 114.321

[ 2558.3s] iteration 74/300
[ 2597.0s] resampling h with 1 CRPs:
[ 2597.1s] 	a = 45.5839, d = 0.695124
[ 2597.1s] resampling h with 17964 CRPs:
[ 2597.4s] 	a = 2.87152, d = 0.712779
[ 2597.4s] resampling h with 1523856 CRPs:
[ 2599.3s] 	a = 0.155984, d = 0.787693
[ 2600.4s] perplexity = 114.302

[ 2600.4s] iteration 75/300
[ 2639.8s] resampling h with 1 CRPs:
[ 2639.9s] 	a = 50.8373, d = 0.693876
[ 2639.9s] resampling h with 17964 CRPs:
[ 2640.2s] 	a = 2.88096, d = 0.712822
[ 2640.2s] resampling h with 1523856 CRPs:
[ 2642.1s] 	a = 0.153755, d = 0.787814
[ 2643.2s] perplexity = 114.339

[ 2643.2s] iteration 76/300
[ 2682.4s] resampling h with 1 CRPs:
[ 2682.5s] 	a = 53.28, d = 0.695227
[ 2682.5s] resampling h with 17964 CRPs:
[ 2682.8s] 	a = 2.86894, d = 0.71262
[ 2682.8s] resampling h with 1523856 CRPs:
[ 2684.8s] 	a = 0.151404, d = 0.788044
[ 2685.8s] perplexity = 114.308

[ 2685.8s] iteration 77/300
[ 2725.5s] resampling h with 1 CRPs:
[ 2725.5s] 	a = 52.6018, d = 0.693449
[ 2725.5s] resampling h with 17964 CRPs:
[ 2725.9s] 	a = 2.86899, d = 0.712708
[ 2725.9s] resampling h with 1523856 CRPs:
[ 2727.8s] 	a = 0.149619, d = 0.787956
[ 2728.8s] perplexity = 114.339

[ 2728.8s] iteration 78/300
[ 2768.6s] resampling h with 1 CRPs:
[ 2768.6s] 	a = 48.8255, d = 0.695773
[ 2768.6s] resampling h with 17964 CRPs:
[ 2769.0s] 	a = 2.89149, d = 0.713106
[ 2769.0s] resampling h with 1523856 CRPs:
[ 2770.9s] 	a = 0.148246, d = 0.787938
[ 2771.9s] perplexity = 114.336

[ 2771.9s] iteration 79/300
[ 2811.9s] resampling h with 1 CRPs:
[ 2811.9s] 	a = 53.1701, d = 0.694262
[ 2811.9s] resampling h with 17964 CRPs:
[ 2812.3s] 	a = 2.90263, d = 0.712525
[ 2812.3s] resampling h with 1523856 CRPs:
[ 2814.2s] 	a = 0.146182, d = 0.788107
[ 2815.2s] perplexity = 114.334

[ 2815.2s] iteration 80/300
[ 2855.3s] resampling h with 1 CRPs:
[ 2855.3s] 	a = 54.4659, d = 0.694362
[ 2855.3s] resampling h with 17964 CRPs:
[ 2855.7s] 	a = 2.91, d = 0.712588
[ 2855.7s] resampling h with 1523856 CRPs:
[ 2857.6s] 	a = 0.144762, d = 0.788411
[ 2858.7s] perplexity = 114.361

[ 2858.7s] iteration 81/300
[ 2898.8s] resampling h with 1 CRPs:
[ 2898.8s] 	a = 61.5358, d = 0.694051
[ 2898.8s] resampling h with 17964 CRPs:
[ 2899.2s] 	a = 2.90413, d = 0.712664
[ 2899.2s] resampling h with 1523856 CRPs:
[ 2901.1s] 	a = 0.142726, d = 0.788362
[ 2902.2s] perplexity = 114.347

[ 2902.2s] iteration 82/300
[ 2942.8s] resampling h with 1 CRPs:
[ 2942.8s] 	a = 59.1631, d = 0.69482
[ 2942.8s] resampling h with 17964 CRPs:
[ 2943.2s] 	a = 2.9173, d = 0.712551
[ 2943.2s] resampling h with 1523856 CRPs:
[ 2945.1s] 	a = 0.140987, d = 0.788466
[ 2946.1s] perplexity = 114.308

[ 2946.1s] iteration 83/300
[ 2986.1s] resampling h with 1 CRPs:
[ 2986.2s] 	a = 58.6095, d = 0.693476
[ 2986.2s] resampling h with 17964 CRPs:
[ 2986.5s] 	a = 2.91357, d = 0.71227
[ 2986.5s] resampling h with 1523856 CRPs:
[ 2988.4s] 	a = 0.138837, d = 0.788752
[ 2989.5s] perplexity = 114.284

[ 2989.5s] iteration 84/300
[ 3029.4s] resampling h with 1 CRPs:
[ 3029.4s] 	a = 56.5707, d = 0.693976
[ 3029.4s] resampling h with 17964 CRPs:
[ 3029.8s] 	a = 2.92082, d = 0.712123
[ 3029.8s] resampling h with 1523856 CRPs:
[ 3031.7s] 	a = 0.136781, d = 0.789105
[ 3032.8s] perplexity = 114.323

[ 3032.8s] iteration 85/300
[ 3073.5s] resampling h with 1 CRPs:
[ 3073.5s] 	a = 52.3604, d = 0.692697
[ 3073.5s] resampling h with 17964 CRPs:
[ 3073.9s] 	a = 2.92156, d = 0.712111
[ 3073.9s] resampling h with 1523856 CRPs:
[ 3075.8s] 	a = 0.13492, d = 0.789006
[ 3076.8s] perplexity = 114.312

[ 3076.8s] iteration 86/300
[ 3117.3s] resampling h with 1 CRPs:
[ 3117.4s] 	a = 52.8038, d = 0.693973
[ 3117.4s] resampling h with 17964 CRPs:
[ 3117.7s] 	a = 2.92816, d = 0.711962
[ 3117.7s] resampling h with 1523856 CRPs:
[ 3119.6s] 	a = 0.13267, d = 0.78901
[ 3120.7s] perplexity = 114.336

[ 3120.7s] iteration 87/300
[ 3162.0s] resampling h with 1 CRPs:
[ 3162.0s] 	a = 54.9813, d = 0.693689
[ 3162.0s] resampling h with 17964 CRPs:
[ 3162.4s] 	a = 2.91289, d = 0.712018
[ 3162.4s] resampling h with 1523856 CRPs:
[ 3164.3s] 	a = 0.131145, d = 0.788914
[ 3165.3s] perplexity = 114.342

[ 3165.3s] iteration 88/300
[ 3206.9s] resampling h with 1 CRPs:
[ 3206.9s] 	a = 52.6363, d = 0.694859
[ 3206.9s] resampling h with 17964 CRPs:
[ 3207.3s] 	a = 2.92145, d = 0.711547
[ 3207.3s] resampling h with 1523856 CRPs:
[ 3209.2s] 	a = 0.129151, d = 0.788947
[ 3210.3s] perplexity = 114.34

[ 3210.3s] iteration 89/300
[ 3251.3s] resampling h with 1 CRPs:
[ 3251.4s] 	a = 52.5992, d = 0.695121
[ 3251.4s] resampling h with 17964 CRPs:
[ 3251.7s] 	a = 2.93311, d = 0.712006
[ 3251.7s] resampling h with 1523856 CRPs:
[ 3253.6s] 	a = 0.128279, d = 0.788982
[ 3254.7s] perplexity = 114.367

[ 3254.7s] iteration 90/300
[ 3295.4s] resampling h with 1 CRPs:
[ 3295.5s] 	a = 52.7604, d = 0.694328
[ 3295.5s] resampling h with 17964 CRPs:
[ 3295.8s] 	a = 2.92753, d = 0.712589
[ 3295.8s] resampling h with 1523856 CRPs:
[ 3297.8s] 	a = 0.126618, d = 0.788988
[ 3298.8s] perplexity = 114.355

[ 3298.8s] iteration 91/300
[ 3338.9s] resampling h with 1 CRPs:
[ 3339.0s] 	a = 53.0924, d = 0.693765
[ 3339.0s] resampling h with 17964 CRPs:
[ 3339.3s] 	a = 2.9159, d = 0.711637
[ 3339.3s] resampling h with 1523856 CRPs:
[ 3341.2s] 	a = 0.12531, d = 0.789173
[ 3342.3s] perplexity = 114.306

[ 3342.3s] iteration 92/300
[ 3383.3s] resampling h with 1 CRPs:
[ 3383.4s] 	a = 50.674, d = 0.69308
[ 3383.4s] resampling h with 17964 CRPs:
[ 3383.7s] 	a = 2.91335, d = 0.712145
[ 3383.7s] resampling h with 1523856 CRPs:
[ 3385.6s] 	a = 0.124608, d = 0.789593
[ 3386.7s] perplexity = 114.34

[ 3386.7s] iteration 93/300
[ 3427.8s] resampling h with 1 CRPs:
[ 3427.9s] 	a = 54.5417, d = 0.69178
[ 3427.9s] resampling h with 17964 CRPs:
[ 3428.2s] 	a = 2.92141, d = 0.712292
[ 3428.2s] resampling h with 1523856 CRPs:
[ 3430.1s] 	a = 0.123524, d = 0.789293
[ 3431.2s] perplexity = 114.368

[ 3431.2s] iteration 94/300
[ 3472.6s] resampling h with 1 CRPs:
[ 3472.6s] 	a = 52.1469, d = 0.692506
[ 3472.6s] resampling h with 17964 CRPs:
[ 3473.0s] 	a = 2.93192, d = 0.712096
[ 3473.0s] resampling h with 1523856 CRPs:
[ 3474.9s] 	a = 0.122254, d = 0.789502
[ 3475.9s] perplexity = 114.359

[ 3475.9s] iteration 95/300
[ 3517.4s] resampling h with 1 CRPs:
[ 3517.5s] 	a = 48.7089, d = 0.690422
[ 3517.5s] resampling h with 17964 CRPs:
[ 3517.8s] 	a = 2.93381, d = 0.712623
[ 3517.8s] resampling h with 1523856 CRPs:
[ 3519.7s] 	a = 0.121268, d = 0.789612
[ 3520.8s] perplexity = 114.344

[ 3520.8s] iteration 96/300
[ 3562.0s] resampling h with 1 CRPs:
[ 3562.1s] 	a = 51.6195, d = 0.691558
[ 3562.1s] resampling h with 17964 CRPs:
[ 3562.4s] 	a = 2.93835, d = 0.712464
[ 3562.4s] resampling h with 1523856 CRPs:
[ 3564.3s] 	a = 0.120176, d = 0.789434
[ 3565.4s] perplexity = 114.379

[ 3565.4s] iteration 97/300
[ 3607.6s] resampling h with 1 CRPs:
[ 3607.7s] 	a = 50.6061, d = 0.692561
[ 3607.7s] resampling h with 17964 CRPs:
[ 3608.0s] 	a = 2.94093, d = 0.711545
[ 3608.0s] resampling h with 1523856 CRPs:
[ 3609.9s] 	a = 0.118644, d = 0.789777
[ 3610.9s] perplexity = 114.383

[ 3610.9s] iteration 98/300
[ 3652.7s] resampling h with 1 CRPs:
[ 3652.8s] 	a = 52.2243, d = 0.692847
[ 3652.8s] resampling h with 17964 CRPs:
[ 3653.1s] 	a = 2.94719, d = 0.712155
[ 3653.1s] resampling h with 1523856 CRPs:
[ 3655.0s] 	a = 0.117283, d = 0.789378
[ 3656.1s] perplexity = 114.37

[ 3656.1s] iteration 99/300
[ 3697.3s] resampling h with 1 CRPs:
[ 3697.3s] 	a = 51.7353, d = 0.692596
[ 3697.3s] resampling h with 17964 CRPs:
[ 3697.7s] 	a = 2.94514, d = 0.712097
[ 3697.7s] resampling h with 1523856 CRPs:
[ 3699.6s] 	a = 0.116394, d = 0.789731
[ 3700.7s] perplexity = 114.359

[ 3700.7s] iteration 100/300
[ 3741.5s] resampling h with 1 CRPs:
[ 3741.6s] 	a = 57.0462, d = 0.693221
[ 3741.6s] resampling h with 17964 CRPs:
[ 3741.9s] 	a = 2.9328, d = 0.712058
[ 3741.9s] resampling h with 1523856 CRPs:
[ 3743.8s] 	a = 0.115106, d = 0.789273
[ 3744.9s] perplexity = 114.37

[ 3744.9s] iteration 101/300
[ 3785.3s] resampling h with 1 CRPs:
[ 3785.3s] 	a = 58.6607, d = 0.692652
[ 3785.3s] resampling h with 17964 CRPs:
[ 3785.7s] 	a = 2.94195, d = 0.712205
[ 3785.7s] resampling h with 1523856 CRPs:
[ 3787.6s] 	a = 0.11334, d = 0.78937
[ 3788.7s] perplexity = 114.379

[ 3788.7s] iteration 102/300
[ 3829.6s] resampling h with 1 CRPs:
[ 3829.7s] 	a = 57.4344, d = 0.692353
[ 3829.7s] resampling h with 17964 CRPs:
[ 3830.0s] 	a = 2.93536, d = 0.711667
[ 3830.0s] resampling h with 1523856 CRPs:
[ 3832.0s] 	a = 0.112058, d = 0.789466
[ 3833.0s] perplexity = 114.366

[ 3833.0s] iteration 103/300
[ 3873.4s] resampling h with 1 CRPs:
[ 3873.4s] 	a = 58.9114, d = 0.692456
[ 3873.4s] resampling h with 17964 CRPs:
[ 3873.8s] 	a = 2.95811, d = 0.712427
[ 3873.8s] resampling h with 1523856 CRPs:
[ 3875.7s] 	a = 0.11091, d = 0.790036
[ 3876.7s] perplexity = 114.373

[ 3876.7s] iteration 104/300
[ 3917.1s] resampling h with 1 CRPs:
[ 3917.1s] 	a = 58.045, d = 0.692633
[ 3917.1s] resampling h with 17964 CRPs:
[ 3917.5s] 	a = 2.96772, d = 0.712441
[ 3917.5s] resampling h with 1523856 CRPs:
[ 3919.4s] 	a = 0.109985, d = 0.789673
[ 3920.4s] perplexity = 114.345

[ 3920.4s] iteration 105/300
[ 3961.2s] resampling h with 1 CRPs:
[ 3961.3s] 	a = 60.147, d = 0.692807
[ 3961.3s] resampling h with 17964 CRPs:
[ 3961.6s] 	a = 2.96608, d = 0.711899
[ 3961.6s] resampling h with 1523856 CRPs:
[ 3963.5s] 	a = 0.108858, d = 0.789956
[ 3964.6s] perplexity = 114.353

[ 3964.6s] iteration 106/300
[ 4005.4s] resampling h with 1 CRPs:
[ 4005.4s] 	a = 57.8498, d = 0.693842
[ 4005.4s] resampling h with 17964 CRPs:
[ 4005.8s] 	a = 2.96306, d = 0.712433
[ 4005.8s] resampling h with 1523856 CRPs:
[ 4007.7s] 	a = 0.108182, d = 0.78991
[ 4008.8s] perplexity = 114.37

[ 4008.8s] iteration 107/300
[ 4050.2s] resampling h with 1 CRPs:
[ 4050.3s] 	a = 60.6963, d = 0.692647
[ 4050.3s] resampling h with 17964 CRPs:
[ 4050.6s] 	a = 2.97857, d = 0.712114
[ 4050.6s] resampling h with 1523856 CRPs:
[ 4052.5s] 	a = 0.10754, d = 0.790219
[ 4053.6s] perplexity = 114.362

[ 4053.6s] iteration 108/300
[ 4094.4s] resampling h with 1 CRPs:
[ 4094.5s] 	a = 61.8131, d = 0.691939
[ 4094.5s] resampling h with 17964 CRPs:
[ 4094.8s] 	a = 2.97573, d = 0.711895
[ 4094.8s] resampling h with 1523856 CRPs:
[ 4096.8s] 	a = 0.106286, d = 0.789872
[ 4097.8s] perplexity = 114.371

[ 4097.8s] iteration 109/300
[ 4138.4s] resampling h with 1 CRPs:
[ 4138.5s] 	a = 62.9283, d = 0.691731
[ 4138.5s] resampling h with 17964 CRPs:
[ 4138.8s] 	a = 2.96855, d = 0.711991
[ 4138.8s] resampling h with 1523856 CRPs:
[ 4140.8s] 	a = 0.104764, d = 0.789983
[ 4141.8s] perplexity = 114.33

[ 4141.8s] iteration 110/300
[ 4183.1s] resampling h with 1 CRPs:
[ 4183.1s] 	a = 59.9846, d = 0.69117
[ 4183.1s] resampling h with 17964 CRPs:
[ 4183.5s] 	a = 2.97707, d = 0.712756
[ 4183.5s] resampling h with 1523856 CRPs:
[ 4185.4s] 	a = 0.103845, d = 0.790164
[ 4186.5s] perplexity = 114.39

[ 4186.5s] iteration 111/300
[ 4227.8s] resampling h with 1 CRPs:
[ 4227.8s] 	a = 60.0989, d = 0.692486
[ 4227.8s] resampling h with 17964 CRPs:
[ 4228.2s] 	a = 2.9744, d = 0.712694
[ 4228.2s] resampling h with 1523856 CRPs:
[ 4230.1s] 	a = 0.102619, d = 0.790316
[ 4231.1s] perplexity = 114.38

[ 4231.1s] iteration 112/300
[ 4273.2s] resampling h with 1 CRPs:
[ 4273.2s] 	a = 60.4338, d = 0.691238
[ 4273.2s] resampling h with 17964 CRPs:
[ 4273.6s] 	a = 2.97185, d = 0.711908
[ 4273.6s] resampling h with 1523856 CRPs:
[ 4275.4s] 	a = 0.101566, d = 0.790368
[ 4276.5s] perplexity = 114.359

[ 4276.5s] iteration 113/300
[ 4318.4s] resampling h with 1 CRPs:
[ 4318.4s] 	a = 59.1783, d = 0.691515
[ 4318.4s] resampling h with 17964 CRPs:
[ 4318.8s] 	a = 2.95496, d = 0.712219
[ 4318.8s] resampling h with 1523856 CRPs:
[ 4320.7s] 	a = 0.10056, d = 0.790461
[ 4321.7s] perplexity = 114.331

[ 4321.7s] iteration 114/300
[ 4363.3s] resampling h with 1 CRPs:
[ 4363.3s] 	a = 57.8396, d = 0.691685
[ 4363.3s] resampling h with 17964 CRPs:
[ 4363.6s] 	a = 2.95504, d = 0.712784
[ 4363.6s] resampling h with 1523856 CRPs:
[ 4365.5s] 	a = 0.0996925, d = 0.790552
[ 4366.6s] perplexity = 114.386

[ 4366.6s] iteration 115/300
[ 4408.3s] resampling h with 1 CRPs:
[ 4408.3s] 	a = 55.1172, d = 0.691983
[ 4408.3s] resampling h with 17964 CRPs:
[ 4408.7s] 	a = 2.97023, d = 0.712044
[ 4408.7s] resampling h with 1523856 CRPs:
[ 4410.6s] 	a = 0.0992938, d = 0.790529
[ 4411.6s] perplexity = 114.342

[ 4411.6s] iteration 116/300
[ 4453.6s] resampling h with 1 CRPs:
[ 4453.7s] 	a = 57.5603, d = 0.691024
[ 4453.7s] resampling h with 17964 CRPs:
[ 4454.1s] 	a = 2.94797, d = 0.711776
[ 4454.1s] resampling h with 1523856 CRPs:
[ 4456.0s] 	a = 0.0979271, d = 0.790849
[ 4457.0s] perplexity = 114.357

[ 4457.0s] iteration 117/300
[ 4499.2s] resampling h with 1 CRPs:
[ 4499.3s] 	a = 54.4923, d = 0.692297
[ 4499.3s] resampling h with 17964 CRPs:
[ 4499.6s] 	a = 2.95166, d = 0.711702
[ 4499.6s] resampling h with 1523856 CRPs:
[ 4501.6s] 	a = 0.0969248, d = 0.790553
[ 4502.6s] perplexity = 114.349

[ 4502.6s] iteration 118/300
[ 4544.4s] resampling h with 1 CRPs:
[ 4544.5s] 	a = 58.3751, d = 0.691634
[ 4544.5s] resampling h with 17964 CRPs:
[ 4544.9s] 	a = 2.93772, d = 0.712354
[ 4544.9s] resampling h with 1523856 CRPs:
[ 4546.8s] 	a = 0.0957032, d = 0.790301
[ 4547.9s] perplexity = 114.362

[ 4547.9s] iteration 119/300
[ 4590.8s] resampling h with 1 CRPs:
[ 4590.8s] 	a = 57.587, d = 0.691838
[ 4590.8s] resampling h with 17964 CRPs:
[ 4591.1s] 	a = 2.94537, d = 0.711852
[ 4591.1s] resampling h with 1523856 CRPs:
[ 4593.1s] 	a = 0.0946134, d = 0.790386
[ 4594.1s] perplexity = 114.397

[ 4594.1s] iteration 120/300
[ 4636.7s] resampling h with 1 CRPs:
[ 4636.7s] 	a = 56.6283, d = 0.690849
[ 4636.7s] resampling h with 17964 CRPs:
[ 4637.1s] 	a = 2.94611, d = 0.712375
[ 4637.1s] resampling h with 1523856 CRPs:
[ 4639.0s] 	a = 0.0930126, d = 0.790703
[ 4640.1s] perplexity = 114.358

[ 4640.1s] iteration 121/300
[ 4682.4s] resampling h with 1 CRPs:
[ 4682.5s] 	a = 58.9821, d = 0.692529
[ 4682.5s] resampling h with 17964 CRPs:
[ 4682.8s] 	a = 2.95416, d = 0.712168
[ 4682.8s] resampling h with 1523856 CRPs:
[ 4684.7s] 	a = 0.0920507, d = 0.790697
[ 4685.8s] perplexity = 114.401

[ 4685.8s] iteration 122/300
[ 4728.6s] resampling h with 1 CRPs:
[ 4728.7s] 	a = 66.4756, d = 0.691321
[ 4728.7s] resampling h with 17964 CRPs:
[ 4729.1s] 	a = 2.95686, d = 0.711689
[ 4729.1s] resampling h with 1523856 CRPs:
[ 4730.9s] 	a = 0.0908129, d = 0.790847
[ 4732.0s] perplexity = 114.367

[ 4732.0s] iteration 123/300
[ 4774.6s] resampling h with 1 CRPs:
[ 4774.6s] 	a = 71.1618, d = 0.692182
[ 4774.6s] resampling h with 17964 CRPs:
[ 4774.9s] 	a = 2.96325, d = 0.711801
[ 4774.9s] resampling h with 1523856 CRPs:
[ 4776.9s] 	a = 0.0902937, d = 0.790861
[ 4777.9s] perplexity = 114.396

[ 4777.9s] iteration 124/300
[ 4820.7s] resampling h with 1 CRPs:
[ 4820.7s] 	a = 65.3919, d = 0.690762
[ 4820.7s] resampling h with 17964 CRPs:
[ 4821.1s] 	a = 2.98917, d = 0.711563
[ 4821.1s] resampling h with 1523856 CRPs:
[ 4823.0s] 	a = 0.0895966, d = 0.790843
[ 4824.0s] perplexity = 114.379

[ 4824.0s] iteration 125/300
[ 4866.6s] resampling h with 1 CRPs:
[ 4866.6s] 	a = 66.95, d = 0.691066
[ 4866.6s] resampling h with 17964 CRPs:
[ 4867.0s] 	a = 3.00224, d = 0.711662
[ 4867.0s] resampling h with 1523856 CRPs:
[ 4868.9s] 	a = 0.0880978, d = 0.791099
[ 4869.9s] perplexity = 114.373

[ 4869.9s] iteration 126/300
[ 4911.9s] resampling h with 1 CRPs:
[ 4911.9s] 	a = 64.7904, d = 0.690789
[ 4911.9s] resampling h with 17964 CRPs:
[ 4912.3s] 	a = 3.01135, d = 0.711542
[ 4912.3s] resampling h with 1523856 CRPs:
[ 4914.2s] 	a = 0.0870595, d = 0.791289
[ 4915.3s] perplexity = 114.358

[ 4915.3s] iteration 127/300
[ 4958.3s] resampling h with 1 CRPs:
[ 4958.3s] 	a = 63.9902, d = 0.690235
[ 4958.3s] resampling h with 17964 CRPs:
[ 4958.7s] 	a = 3.01076, d = 0.710552
[ 4958.7s] resampling h with 1523856 CRPs:
[ 4960.6s] 	a = 0.0864293, d = 0.791491
[ 4961.6s] perplexity = 114.343

[ 4961.6s] iteration 128/300
[ 5004.7s] resampling h with 1 CRPs:
[ 5004.8s] 	a = 60.553, d = 0.691325
[ 5004.8s] resampling h with 17964 CRPs:
[ 5005.1s] 	a = 2.99628, d = 0.71097
[ 5005.1s] resampling h with 1523856 CRPs:
[ 5007.0s] 	a = 0.085413, d = 0.791512
[ 5008.1s] perplexity = 114.372

[ 5008.1s] iteration 129/300
[ 5051.0s] resampling h with 1 CRPs:
[ 5051.0s] 	a = 59.2549, d = 0.692552
[ 5051.0s] resampling h with 17964 CRPs:
[ 5051.4s] 	a = 3.01371, d = 0.711611
[ 5051.4s] resampling h with 1523856 CRPs:
[ 5053.3s] 	a = 0.0842626, d = 0.791338
[ 5054.4s] perplexity = 114.377

[ 5054.4s] iteration 130/300
[ 5097.1s] resampling h with 1 CRPs:
[ 5097.1s] 	a = 54.4184, d = 0.69186
[ 5097.1s] resampling h with 17964 CRPs:
[ 5097.4s] 	a = 3.0057, d = 0.712012
[ 5097.4s] resampling h with 1523856 CRPs:
[ 5099.4s] 	a = 0.0835649, d = 0.791624
[ 5100.4s] perplexity = 114.357

[ 5100.4s] iteration 131/300
[ 5144.6s] resampling h with 1 CRPs:
[ 5144.6s] 	a = 54.5879, d = 0.691418
[ 5144.6s] resampling h with 17964 CRPs:
[ 5145.0s] 	a = 3.00101, d = 0.711284
[ 5145.0s] resampling h with 1523856 CRPs:
[ 5146.9s] 	a = 0.0821538, d = 0.791559
[ 5147.9s] perplexity = 114.378

[ 5147.9s] iteration 132/300
[ 5191.7s] resampling h with 1 CRPs:
[ 5191.8s] 	a = 54.0793, d = 0.692186
[ 5191.8s] resampling h with 17964 CRPs:
[ 5192.1s] 	a = 2.99858, d = 0.711012
[ 5192.1s] resampling h with 1523856 CRPs:
[ 5194.0s] 	a = 0.0810487, d = 0.7915
[ 5195.1s] perplexity = 114.397

[ 5195.1s] iteration 133/300
[ 5240.4s] resampling h with 1 CRPs:
[ 5240.4s] 	a = 54.9121, d = 0.691651
[ 5240.4s] resampling h with 17964 CRPs:
[ 5240.8s] 	a = 3.00087, d = 0.711169
[ 5240.8s] resampling h with 1523856 CRPs:
[ 5243.0s] 	a = 0.0802849, d = 0.79153
[ 5244.3s] perplexity = 114.346

[ 5244.3s] iteration 134/300
[ 5290.1s] resampling h with 1 CRPs:
[ 5290.1s] 	a = 54.1097, d = 0.690513
[ 5290.1s] resampling h with 17964 CRPs:
[ 5290.5s] 	a = 3.00622, d = 0.711241
[ 5290.5s] resampling h with 1523856 CRPs:
[ 5292.4s] 	a = 0.0796489, d = 0.791545
[ 5293.4s] perplexity = 114.358

[ 5293.4s] iteration 135/300
[ 5337.8s] resampling h with 1 CRPs:
[ 5337.8s] 	a = 52.7116, d = 0.689931
[ 5337.8s] resampling h with 17964 CRPs:
[ 5338.2s] 	a = 3.00652, d = 0.711491
[ 5338.2s] resampling h with 1523856 CRPs:
[ 5340.1s] 	a = 0.0796318, d = 0.791716
[ 5341.1s] perplexity = 114.362

[ 5341.1s] iteration 136/300
[ 5386.1s] resampling h with 1 CRPs:
[ 5386.1s] 	a = 53.9925, d = 0.688823
[ 5386.1s] resampling h with 17964 CRPs:
[ 5386.5s] 	a = 2.9898, d = 0.711777
[ 5386.5s] resampling h with 1523856 CRPs:
[ 5388.5s] 	a = 0.0790036, d = 0.792022
[ 5389.6s] perplexity = 114.352

[ 5389.6s] iteration 137/300
[ 5434.6s] resampling h with 1 CRPs:
[ 5434.6s] 	a = 55.0725, d = 0.688908
[ 5434.6s] resampling h with 17964 CRPs:
[ 5435.0s] 	a = 2.991, d = 0.71132
[ 5435.0s] resampling h with 1523856 CRPs:
[ 5437.1s] 	a = 0.0786158, d = 0.791833
[ 5438.3s] perplexity = 114.39

[ 5438.3s] iteration 138/300
[ 5483.1s] resampling h with 1 CRPs:
[ 5483.1s] 	a = 56.9962, d = 0.689882
[ 5483.1s] resampling h with 17964 CRPs:
[ 5483.4s] 	a = 3.00177, d = 0.711205
[ 5483.4s] resampling h with 1523856 CRPs:
[ 5485.4s] 	a = 0.0777323, d = 0.79178
[ 5486.5s] perplexity = 114.387

[ 5486.5s] iteration 139/300
[ 5531.2s] resampling h with 1 CRPs:
[ 5531.3s] 	a = 54.4779, d = 0.688093
[ 5531.3s] resampling h with 17964 CRPs:
[ 5531.6s] 	a = 2.99853, d = 0.711727
[ 5531.6s] resampling h with 1523856 CRPs:
[ 5533.5s] 	a = 0.0762816, d = 0.791665
[ 5534.6s] perplexity = 114.406

[ 5534.6s] iteration 140/300
[ 5581.2s] resampling h with 1 CRPs:
[ 5581.2s] 	a = 53.2715, d = 0.687055
[ 5581.2s] resampling h with 17964 CRPs:
[ 5581.6s] 	a = 2.99974, d = 0.711479
[ 5581.6s] resampling h with 1523856 CRPs:
[ 5583.4s] 	a = 0.0760397, d = 0.791697
[ 5584.5s] perplexity = 114.402

[ 5584.5s] iteration 141/300
[ 5632.4s] resampling h with 1 CRPs:
[ 5632.4s] 	a = 53.6757, d = 0.688319
[ 5632.4s] resampling h with 17964 CRPs:
[ 5632.8s] 	a = 3.00763, d = 0.711482
[ 5632.8s] resampling h with 1523856 CRPs:
[ 5634.8s] 	a = 0.0757841, d = 0.79173
[ 5636.0s] perplexity = 114.349

[ 5636.0s] iteration 142/300
[ 5682.1s] resampling h with 1 CRPs:
[ 5682.1s] 	a = 58.484, d = 0.686977
[ 5682.1s] resampling h with 17964 CRPs:
[ 5682.5s] 	a = 2.9965, d = 0.711341
[ 5682.5s] resampling h with 1523856 CRPs:
[ 5684.4s] 	a = 0.075305, d = 0.791807
[ 5685.6s] perplexity = 114.378

[ 5685.6s] iteration 143/300
[ 5730.9s] resampling h with 1 CRPs:
[ 5730.9s] 	a = 62.552, d = 0.688172
[ 5730.9s] resampling h with 17964 CRPs:
[ 5731.3s] 	a = 2.98999, d = 0.71136
[ 5731.3s] resampling h with 1523856 CRPs:
[ 5733.2s] 	a = 0.0745742, d = 0.791839
[ 5734.3s] perplexity = 114.41

[ 5734.3s] iteration 144/300
[ 5779.1s] resampling h with 1 CRPs:
[ 5779.2s] 	a = 59.2215, d = 0.687274
[ 5779.2s] resampling h with 17964 CRPs:
[ 5779.5s] 	a = 2.99456, d = 0.711757
[ 5779.5s] resampling h with 1523856 CRPs:
[ 5781.4s] 	a = 0.0741649, d = 0.791825
[ 5782.5s] perplexity = 114.412

[ 5782.5s] iteration 145/300
[ 5826.3s] resampling h with 1 CRPs:
[ 5826.3s] 	a = 59.4852, d = 0.688373
[ 5826.3s] resampling h with 17964 CRPs:
[ 5826.7s] 	a = 2.98913, d = 0.711952
[ 5826.7s] resampling h with 1523856 CRPs:
[ 5828.6s] 	a = 0.0728057, d = 0.791737
[ 5829.6s] perplexity = 114.39

[ 5829.6s] iteration 146/300
[ 5873.1s] resampling h with 1 CRPs:
[ 5873.1s] 	a = 55.6602, d = 0.688016
[ 5873.1s] resampling h with 17964 CRPs:
[ 5873.5s] 	a = 2.97553, d = 0.711697
[ 5873.5s] resampling h with 1523856 CRPs:
[ 5875.4s] 	a = 0.07254, d = 0.792181
[ 5876.4s] perplexity = 114.369

[ 5876.4s] iteration 147/300
[ 5920.2s] resampling h with 1 CRPs:
[ 5920.2s] 	a = 53.077, d = 0.688935
[ 5920.2s] resampling h with 17964 CRPs:
[ 5920.6s] 	a = 2.96742, d = 0.711687
[ 5920.6s] resampling h with 1523856 CRPs:
[ 5922.5s] 	a = 0.0714008, d = 0.792082
[ 5923.5s] perplexity = 114.365

[ 5923.5s] iteration 148/300
[ 5967.1s] resampling h with 1 CRPs:
[ 5967.1s] 	a = 51.6626, d = 0.688711
[ 5967.1s] resampling h with 17964 CRPs:
[ 5967.5s] 	a = 2.96946, d = 0.71189
[ 5967.5s] resampling h with 1523856 CRPs:
[ 5969.4s] 	a = 0.0709239, d = 0.791657
[ 5970.4s] perplexity = 114.401

[ 5970.4s] iteration 149/300
[ 6013.9s] resampling h with 1 CRPs:
[ 6013.9s] 	a = 52.2228, d = 0.689823
[ 6013.9s] resampling h with 17964 CRPs:
[ 6014.3s] 	a = 2.96762, d = 0.711939
[ 6014.3s] resampling h with 1523856 CRPs:
[ 6016.1s] 	a = 0.0703215, d = 0.791792
[ 6017.2s] perplexity = 114.398

[ 6017.2s] iteration 150/300
[ 6060.5s] resampling h with 1 CRPs:
[ 6060.6s] 	a = 55.2489, d = 0.690767
[ 6060.6s] resampling h with 17964 CRPs:
[ 6060.9s] 	a = 2.96137, d = 0.711797
[ 6060.9s] resampling h with 1523856 CRPs:
[ 6062.8s] 	a = 0.069975, d = 0.791811
[ 6063.9s] perplexity = 114.384

[ 6063.9s] iteration 151/300
[ 6107.7s] resampling h with 1 CRPs:
[ 6107.7s] 	a = 54.1256, d = 0.690604
[ 6107.7s] resampling h with 17964 CRPs:
[ 6108.1s] 	a = 2.95328, d = 0.711838
[ 6108.1s] resampling h with 1523856 CRPs:
[ 6110.0s] 	a = 0.0689813, d = 0.792207
[ 6111.0s] perplexity = 114.363

[ 6111.0s] iteration 152/300
[ 6154.8s] resampling h with 1 CRPs:
[ 6154.8s] 	a = 56.4602, d = 0.69079
[ 6154.8s] resampling h with 17964 CRPs:
[ 6155.2s] 	a = 2.95521, d = 0.712044
[ 6155.2s] resampling h with 1523856 CRPs:
[ 6157.1s] 	a = 0.0683501, d = 0.791903
[ 6158.1s] perplexity = 114.335

[ 6158.1s] iteration 153/300
[ 6202.8s] resampling h with 1 CRPs:
[ 6202.9s] 	a = 58.6038, d = 0.690122
[ 6202.9s] resampling h with 17964 CRPs:
[ 6203.2s] 	a = 2.95376, d = 0.711953
[ 6203.2s] resampling h with 1523856 CRPs:
[ 6205.1s] 	a = 0.0677114, d = 0.792138
[ 6206.2s] perplexity = 114.347

[ 6206.2s] iteration 154/300
[ 6250.2s] resampling h with 1 CRPs:
[ 6250.2s] 	a = 53.9891, d = 0.689745
[ 6250.2s] resampling h with 17964 CRPs:
[ 6250.6s] 	a = 2.96122, d = 0.711806
[ 6250.6s] resampling h with 1523856 CRPs:
[ 6252.4s] 	a = 0.0669301, d = 0.792098
[ 6253.5s] perplexity = 114.362

[ 6253.5s] iteration 155/300
[ 6297.3s] resampling h with 1 CRPs:
[ 6297.4s] 	a = 53.7497, d = 0.690357
[ 6297.4s] resampling h with 17964 CRPs:
[ 6297.7s] 	a = 2.95461, d = 0.711839
[ 6297.7s] resampling h with 1523856 CRPs:
[ 6299.6s] 	a = 0.0661241, d = 0.792372
[ 6300.6s] perplexity = 114.347

[ 6300.6s] iteration 156/300
[ 6344.8s] resampling h with 1 CRPs:
[ 6344.9s] 	a = 50.8753, d = 0.689561
[ 6344.9s] resampling h with 17964 CRPs:
[ 6345.2s] 	a = 2.97446, d = 0.712083
[ 6345.2s] resampling h with 1523856 CRPs:
[ 6347.1s] 	a = 0.0653423, d = 0.792226
[ 6348.2s] perplexity = 114.379

[ 6348.2s] iteration 157/300
[ 6393.1s] resampling h with 1 CRPs:
[ 6393.1s] 	a = 46.0475, d = 0.689255
[ 6393.1s] resampling h with 17964 CRPs:
[ 6393.5s] 	a = 2.97364, d = 0.712107
[ 6393.5s] resampling h with 1523856 CRPs:
[ 6395.3s] 	a = 0.0652832, d = 0.792188
[ 6396.4s] perplexity = 114.379

[ 6396.4s] iteration 158/300
[ 6441.8s] resampling h with 1 CRPs:
[ 6441.8s] 	a = 48.2577, d = 0.690041
[ 6441.8s] resampling h with 17964 CRPs:
[ 6442.1s] 	a = 2.96814, d = 0.712438
[ 6442.1s] resampling h with 1523856 CRPs:
[ 6444.0s] 	a = 0.0646476, d = 0.792465
[ 6445.0s] perplexity = 114.399

[ 6445.0s] iteration 159/300
[ 6490.0s] resampling h with 1 CRPs:
[ 6490.0s] 	a = 49.6249, d = 0.688935
[ 6490.0s] resampling h with 17964 CRPs:
[ 6490.4s] 	a = 2.96296, d = 0.711567
[ 6490.4s] resampling h with 1523856 CRPs:
[ 6492.2s] 	a = 0.0637558, d = 0.792431
[ 6493.3s] perplexity = 114.365

[ 6493.3s] iteration 160/300
[ 6538.1s] resampling h with 1 CRPs:
[ 6538.1s] 	a = 52.5863, d = 0.688651
[ 6538.1s] resampling h with 17964 CRPs:
[ 6538.5s] 	a = 2.96527, d = 0.711696
[ 6538.5s] resampling h with 1523856 CRPs:
[ 6540.3s] 	a = 0.0635617, d = 0.792573
[ 6541.3s] perplexity = 114.405

[ 6541.3s] iteration 161/300
[ 6586.5s] resampling h with 1 CRPs:
[ 6586.6s] 	a = 56.893, d = 0.690522
[ 6586.6s] resampling h with 17964 CRPs:
[ 6586.9s] 	a = 2.95463, d = 0.71198
[ 6586.9s] resampling h with 1523856 CRPs:
[ 6588.7s] 	a = 0.062873, d = 0.792275
[ 6589.8s] perplexity = 114.394

[ 6589.8s] iteration 162/300
[ 6634.4s] resampling h with 1 CRPs:
[ 6634.4s] 	a = 56.6012, d = 0.690582
[ 6634.4s] resampling h with 17964 CRPs:
[ 6634.8s] 	a = 2.96406, d = 0.712379
[ 6634.8s] resampling h with 1523856 CRPs:
[ 6636.6s] 	a = 0.0624896, d = 0.792712
[ 6637.7s] perplexity = 114.373

[ 6637.7s] iteration 163/300
[ 6683.4s] resampling h with 1 CRPs:
[ 6683.4s] 	a = 54.6283, d = 0.688693
[ 6683.4s] resampling h with 17964 CRPs:
[ 6683.8s] 	a = 2.9619, d = 0.711356
[ 6683.8s] resampling h with 1523856 CRPs:
[ 6685.6s] 	a = 0.062324, d = 0.792347
[ 6686.6s] perplexity = 114.344

[ 6686.6s] iteration 164/300
[ 6732.2s] resampling h with 1 CRPs:
[ 6732.2s] 	a = 52.8559, d = 0.689199
[ 6732.2s] resampling h with 17964 CRPs:
[ 6732.6s] 	a = 2.95128, d = 0.71098
[ 6732.6s] resampling h with 1523856 CRPs:
[ 6734.4s] 	a = 0.06184, d = 0.792447
[ 6735.4s] perplexity = 114.368

[ 6735.4s] iteration 165/300
[ 6780.9s] resampling h with 1 CRPs:
[ 6780.9s] 	a = 52.6606, d = 0.69023
[ 6780.9s] resampling h with 17964 CRPs:
[ 6781.3s] 	a = 2.94385, d = 0.711636
[ 6781.3s] resampling h with 1523856 CRPs:
[ 6783.1s] 	a = 0.061118, d = 0.792332
[ 6784.1s] perplexity = 114.399

[ 6784.1s] iteration 166/300
[ 6830.7s] resampling h with 1 CRPs:
[ 6830.7s] 	a = 47.9747, d = 0.689913
[ 6830.7s] resampling h with 17964 CRPs:
[ 6831.1s] 	a = 2.93337, d = 0.711776
[ 6831.1s] resampling h with 1523856 CRPs:
[ 6832.9s] 	a = 0.0602911, d = 0.792317
[ 6833.9s] perplexity = 114.387

[ 6833.9s] iteration 167/300
[ 6879.7s] resampling h with 1 CRPs:
[ 6879.8s] 	a = 44.7598, d = 0.690566
[ 6879.8s] resampling h with 17964 CRPs:
[ 6880.1s] 	a = 2.94247, d = 0.711681
[ 6880.1s] resampling h with 1523856 CRPs:
[ 6881.9s] 	a = 0.0599968, d = 0.792264
[ 6883.0s] perplexity = 114.382

[ 6883.0s] iteration 168/300
[ 6928.1s] resampling h with 1 CRPs:
[ 6928.2s] 	a = 44.3269, d = 0.68895
[ 6928.2s] resampling h with 17964 CRPs:
[ 6928.5s] 	a = 2.9749, d = 0.712033
[ 6928.5s] resampling h with 1523856 CRPs:
[ 6930.4s] 	a = 0.0595168, d = 0.79266
[ 6931.4s] perplexity = 114.386

[ 6931.4s] iteration 169/300
[ 6976.0s] resampling h with 1 CRPs:
[ 6976.1s] 	a = 41.2673, d = 0.688462
[ 6976.1s] resampling h with 17964 CRPs:
[ 6976.4s] 	a = 2.98189, d = 0.712099
[ 6976.4s] resampling h with 1523856 CRPs:
[ 6978.2s] 	a = 0.0586126, d = 0.792511
[ 6979.3s] perplexity = 114.387

[ 6979.3s] iteration 170/300
[ 7024.5s] resampling h with 1 CRPs:
[ 7024.5s] 	a = 39.7818, d = 0.689892
[ 7024.5s] resampling h with 17964 CRPs:
[ 7024.9s] 	a = 2.97084, d = 0.711998
[ 7024.9s] resampling h with 1523856 CRPs:
[ 7026.7s] 	a = 0.0583282, d = 0.792764
[ 7027.8s] perplexity = 114.394

[ 7027.8s] iteration 171/300
[ 7073.0s] resampling h with 1 CRPs:
[ 7073.0s] 	a = 37.9319, d = 0.689966
[ 7073.0s] resampling h with 17964 CRPs:
[ 7073.4s] 	a = 2.96612, d = 0.71164
[ 7073.4s] resampling h with 1523856 CRPs:
[ 7075.2s] 	a = 0.0580651, d = 0.792956
[ 7076.2s] perplexity = 114.383

[ 7076.2s] iteration 172/300
[ 7121.7s] resampling h with 1 CRPs:
[ 7121.8s] 	a = 36.2102, d = 0.689664
[ 7121.8s] resampling h with 17964 CRPs:
[ 7122.1s] 	a = 2.94765, d = 0.711882
[ 7122.1s] resampling h with 1523856 CRPs:
[ 7124.0s] 	a = 0.0572977, d = 0.792759
[ 7125.0s] perplexity = 114.353

[ 7125.0s] iteration 173/300
[ 7171.1s] resampling h with 1 CRPs:
[ 7171.1s] 	a = 40.0813, d = 0.688952
[ 7171.1s] resampling h with 17964 CRPs:
[ 7171.5s] 	a = 2.96219, d = 0.711883
[ 7171.5s] resampling h with 1523856 CRPs:
[ 7173.3s] 	a = 0.0567442, d = 0.792827
[ 7174.4s] perplexity = 114.356

[ 7174.4s] iteration 174/300
[ 7220.3s] resampling h with 1 CRPs:
[ 7220.3s] 	a = 42.9605, d = 0.690972
[ 7220.3s] resampling h with 17964 CRPs:
[ 7220.7s] 	a = 2.96256, d = 0.71195
[ 7220.7s] resampling h with 1523856 CRPs:
[ 7222.5s] 	a = 0.0560819, d = 0.79267
[ 7223.6s] perplexity = 114.383

[ 7223.6s] iteration 175/300
[ 7269.4s] resampling h with 1 CRPs:
[ 7269.4s] 	a = 46.3043, d = 0.693557
[ 7269.4s] resampling h with 17964 CRPs:
[ 7269.8s] 	a = 2.95635, d = 0.711757
[ 7269.8s] resampling h with 1523856 CRPs:
[ 7271.6s] 	a = 0.0558537, d = 0.792687
[ 7272.7s] perplexity = 114.378

[ 7272.7s] iteration 176/300
[ 7319.3s] resampling h with 1 CRPs:
[ 7319.3s] 	a = 47.7727, d = 0.694329
[ 7319.3s] resampling h with 17964 CRPs:
[ 7319.7s] 	a = 2.95345, d = 0.711781
[ 7319.7s] resampling h with 1523856 CRPs:
[ 7321.5s] 	a = 0.0549248, d = 0.792719
[ 7322.5s] perplexity = 114.366

[ 7322.5s] iteration 177/300
[ 7369.2s] resampling h with 1 CRPs:
[ 7369.3s] 	a = 47.1211, d = 0.694181
[ 7369.3s] resampling h with 17964 CRPs:
[ 7369.6s] 	a = 2.94518, d = 0.711809
[ 7369.6s] resampling h with 1523856 CRPs:
[ 7371.5s] 	a = 0.0541029, d = 0.792793
[ 7372.5s] perplexity = 114.361

[ 7372.5s] iteration 178/300
[ 7419.5s] resampling h with 1 CRPs:
[ 7419.5s] 	a = 50.2327, d = 0.694599
[ 7419.5s] resampling h with 17964 CRPs:
[ 7419.9s] 	a = 2.94902, d = 0.712173
[ 7419.9s] resampling h with 1523856 CRPs:
[ 7421.7s] 	a = 0.0541032, d = 0.792679
[ 7422.7s] perplexity = 114.349

[ 7422.7s] iteration 179/300
[ 7469.3s] resampling h with 1 CRPs:
[ 7469.4s] 	a = 52.4975, d = 0.694046
[ 7469.4s] resampling h with 17964 CRPs:
[ 7469.7s] 	a = 2.95543, d = 0.71219
[ 7469.7s] resampling h with 1523856 CRPs:
[ 7471.6s] 	a = 0.0540011, d = 0.792981
[ 7472.6s] perplexity = 114.368

[ 7472.6s] iteration 180/300
[ 7519.6s] resampling h with 1 CRPs:
[ 7519.6s] 	a = 56.0516, d = 0.694115
[ 7519.6s] resampling h with 17964 CRPs:
[ 7520.0s] 	a = 2.95025, d = 0.712036
[ 7520.0s] resampling h with 1523856 CRPs:
[ 7521.8s] 	a = 0.0537921, d = 0.793127
[ 7522.9s] perplexity = 114.344

[ 7522.9s] iteration 181/300
[ 7568.9s] resampling h with 1 CRPs:
[ 7568.9s] 	a = 56.037, d = 0.693734
[ 7568.9s] resampling h with 17964 CRPs:
[ 7569.3s] 	a = 2.97001, d = 0.711667
[ 7569.3s] resampling h with 1523856 CRPs:
[ 7571.1s] 	a = 0.0532015, d = 0.792949
[ 7572.1s] perplexity = 114.34

[ 7572.1s] iteration 182/300
[ 7617.8s] resampling h with 1 CRPs:
[ 7617.8s] 	a = 58.1849, d = 0.694836
[ 7617.8s] resampling h with 17964 CRPs:
[ 7618.2s] 	a = 2.9634, d = 0.71213
[ 7618.2s] resampling h with 1523856 CRPs:
[ 7620.0s] 	a = 0.053264, d = 0.792884
[ 7621.1s] perplexity = 114.389

[ 7621.1s] iteration 183/300
[ 7667.1s] resampling h with 1 CRPs:
[ 7667.1s] 	a = 57.0575, d = 0.694571
[ 7667.1s] resampling h with 17964 CRPs:
[ 7667.4s] 	a = 2.96062, d = 0.711594
[ 7667.4s] resampling h with 1523856 CRPs:
[ 7669.3s] 	a = 0.0526601, d = 0.793203
[ 7670.3s] perplexity = 114.399

[ 7670.3s] iteration 184/300
[ 7717.1s] resampling h with 1 CRPs:
[ 7717.2s] 	a = 58.7399, d = 0.696558
[ 7717.2s] resampling h with 17964 CRPs:
[ 7717.5s] 	a = 2.98569, d = 0.711161
[ 7717.5s] resampling h with 1523856 CRPs:
[ 7719.4s] 	a = 0.0523259, d = 0.792992
[ 7720.4s] perplexity = 114.387

[ 7720.4s] iteration 185/300
[ 7767.1s] resampling h with 1 CRPs:
[ 7767.2s] 	a = 57.9361, d = 0.695858
[ 7767.2s] resampling h with 17964 CRPs:
[ 7767.5s] 	a = 2.99872, d = 0.711677
[ 7767.5s] resampling h with 1523856 CRPs:
[ 7769.4s] 	a = 0.0522804, d = 0.793361
[ 7770.4s] perplexity = 114.361

[ 7770.4s] iteration 186/300
[ 7816.2s] resampling h with 1 CRPs:
[ 7816.2s] 	a = 52.4091, d = 0.694735
[ 7816.2s] resampling h with 17964 CRPs:
[ 7816.6s] 	a = 3.02645, d = 0.711368
[ 7816.6s] resampling h with 1523856 CRPs:
[ 7818.4s] 	a = 0.0521503, d = 0.793172
[ 7819.4s] perplexity = 114.402

[ 7819.4s] iteration 187/300
[ 7865.4s] resampling h with 1 CRPs:
[ 7865.4s] 	a = 54.0775, d = 0.6946
[ 7865.4s] resampling h with 17964 CRPs:
[ 7865.8s] 	a = 3.02473, d = 0.711406
[ 7865.8s] resampling h with 1523856 CRPs:
[ 7867.6s] 	a = 0.0515419, d = 0.793055
[ 7868.6s] perplexity = 114.387

[ 7868.6s] iteration 188/300
[ 7914.8s] resampling h with 1 CRPs:
[ 7914.8s] 	a = 55.967, d = 0.692507
[ 7914.8s] resampling h with 17964 CRPs:
[ 7915.1s] 	a = 3.01945, d = 0.711467
[ 7915.1s] resampling h with 1523856 CRPs:
[ 7917.0s] 	a = 0.0516789, d = 0.79253
[ 7918.0s] perplexity = 114.376

[ 7918.0s] iteration 189/300
[ 7965.0s] resampling h with 1 CRPs:
[ 7965.0s] 	a = 52.9786, d = 0.692642
[ 7965.0s] resampling h with 17964 CRPs:
[ 7965.4s] 	a = 3.00417, d = 0.711355
[ 7965.4s] resampling h with 1523856 CRPs:
[ 7967.2s] 	a = 0.0513554, d = 0.792976
[ 7968.2s] perplexity = 114.348

[ 7968.2s] iteration 190/300
[ 8015.2s] resampling h with 1 CRPs:
[ 8015.2s] 	a = 60.5563, d = 0.691896
[ 8015.2s] resampling h with 17964 CRPs:
[ 8015.6s] 	a = 3.02051, d = 0.711893
[ 8015.6s] resampling h with 1523856 CRPs:
[ 8017.4s] 	a = 0.0515342, d = 0.793013
[ 8018.4s] perplexity = 114.403

[ 8018.4s] iteration 191/300
[ 8065.3s] resampling h with 1 CRPs:
[ 8065.4s] 	a = 58.0297, d = 0.692944
[ 8065.4s] resampling h with 17964 CRPs:
[ 8065.7s] 	a = 3.01117, d = 0.712121
[ 8065.7s] resampling h with 1523856 CRPs:
[ 8067.6s] 	a = 0.0510461, d = 0.792922
[ 8068.6s] perplexity = 114.382

[ 8068.6s] iteration 192/300
[ 8115.4s] resampling h with 1 CRPs:
[ 8115.4s] 	a = 55.2011, d = 0.692616
[ 8115.4s] resampling h with 17964 CRPs:
[ 8115.8s] 	a = 3.00542, d = 0.711869
[ 8115.8s] resampling h with 1523856 CRPs:
[ 8117.6s] 	a = 0.0509196, d = 0.793179
[ 8118.6s] perplexity = 114.351

[ 8118.6s] iteration 193/300
[ 8165.2s] resampling h with 1 CRPs:
[ 8165.2s] 	a = 51.8787, d = 0.692812
[ 8165.2s] resampling h with 17964 CRPs:
[ 8165.6s] 	a = 3.01198, d = 0.711741
[ 8165.6s] resampling h with 1523856 CRPs:
[ 8167.4s] 	a = 0.0506999, d = 0.792786
[ 8168.5s] perplexity = 114.376

[ 8168.5s] iteration 194/300
[ 8214.8s] resampling h with 1 CRPs:
[ 8214.8s] 	a = 56.9085, d = 0.694075
[ 8214.8s] resampling h with 17964 CRPs:
[ 8215.1s] 	a = 3.01186, d = 0.711946
[ 8215.1s] resampling h with 1523856 CRPs:
[ 8217.0s] 	a = 0.0501506, d = 0.793136
[ 8218.0s] perplexity = 114.379

[ 8218.0s] iteration 195/300
[ 8264.4s] resampling h with 1 CRPs:
[ 8264.4s] 	a = 58.0834, d = 0.693495
[ 8264.4s] resampling h with 17964 CRPs:
[ 8264.8s] 	a = 3.01174, d = 0.711253
[ 8264.8s] resampling h with 1523856 CRPs:
[ 8266.6s] 	a = 0.0494543, d = 0.793345
[ 8267.6s] perplexity = 114.337

[ 8267.6s] iteration 196/300
[ 8314.5s] resampling h with 1 CRPs:
[ 8314.6s] 	a = 50.5902, d = 0.691426
[ 8314.6s] resampling h with 17964 CRPs:
[ 8314.9s] 	a = 3.0028, d = 0.711507
[ 8314.9s] resampling h with 1523856 CRPs:
[ 8316.8s] 	a = 0.0493832, d = 0.793559
[ 8317.8s] perplexity = 114.378

[ 8317.8s] iteration 197/300
[ 8363.3s] resampling h with 1 CRPs:
[ 8363.3s] 	a = 47.2553, d = 0.691966
[ 8363.3s] resampling h with 17964 CRPs:
[ 8363.7s] 	a = 3.02689, d = 0.711326
[ 8363.7s] resampling h with 1523856 CRPs:
[ 8365.5s] 	a = 0.048949, d = 0.79368
[ 8366.5s] perplexity = 114.354

[ 8366.5s] iteration 198/300
[ 8412.0s] resampling h with 1 CRPs:
[ 8412.0s] 	a = 42.9979, d = 0.693355
[ 8412.0s] resampling h with 17964 CRPs:
[ 8412.4s] 	a = 3.01332, d = 0.711707
[ 8412.4s] resampling h with 1523856 CRPs:
[ 8414.2s] 	a = 0.0485595, d = 0.793126
[ 8415.2s] perplexity = 114.397

[ 8415.2s] iteration 199/300
[ 8462.1s] resampling h with 1 CRPs:
[ 8462.1s] 	a = 38.8685, d = 0.692874
[ 8462.1s] resampling h with 17964 CRPs:
[ 8462.5s] 	a = 3.00697, d = 0.71192
[ 8462.5s] resampling h with 1523856 CRPs:
[ 8464.3s] 	a = 0.0481978, d = 0.793492
[ 8465.4s] perplexity = 114.382

[ 8465.4s] iteration 200/300
[ 8512.5s] resampling h with 1 CRPs:
[ 8512.6s] 	a = 36.4408, d = 0.692095
[ 8512.6s] resampling h with 17964 CRPs:
[ 8512.9s] 	a = 3.01687, d = 0.711781
[ 8512.9s] resampling h with 1523856 CRPs:
[ 8514.8s] 	a = 0.0479159, d = 0.793366
[ 8515.8s] perplexity = 114.365

[ 8515.8s] iteration 201/300
[ 8562.4s] resampling h with 1 CRPs:
[ 8562.4s] 	a = 35.6238, d = 0.693484
[ 8562.4s] resampling h with 17964 CRPs:
[ 8562.8s] 	a = 3.02, d = 0.711656
[ 8562.8s] resampling h with 1523856 CRPs:
[ 8564.6s] 	a = 0.0474126, d = 0.793786
[ 8565.6s] perplexity = 114.343

[ 8565.6s] iteration 202/300
[ 8611.9s] resampling h with 1 CRPs:
[ 8611.9s] 	a = 33.8534, d = 0.693231
[ 8611.9s] resampling h with 17964 CRPs:
[ 8612.3s] 	a = 3.01596, d = 0.711284
[ 8612.3s] resampling h with 1523856 CRPs:
[ 8614.1s] 	a = 0.0471513, d = 0.793673
[ 8615.2s] perplexity = 114.377

[ 8615.2s] iteration 203/300
[ 8661.7s] resampling h with 1 CRPs:
[ 8661.7s] 	a = 34.4212, d = 0.693139
[ 8661.7s] resampling h with 17964 CRPs:
[ 8662.0s] 	a = 3.01112, d = 0.711102
[ 8662.0s] resampling h with 1523856 CRPs:
[ 8663.9s] 	a = 0.0467678, d = 0.793657
[ 8664.9s] perplexity = 114.369

[ 8664.9s] iteration 204/300
[ 8711.2s] resampling h with 1 CRPs:
[ 8711.2s] 	a = 30.9871, d = 0.693021
[ 8711.2s] resampling h with 17964 CRPs:
[ 8711.6s] 	a = 3.01258, d = 0.71122
[ 8711.6s] resampling h with 1523856 CRPs:
[ 8713.4s] 	a = 0.0459929, d = 0.79376
[ 8714.4s] perplexity = 114.381

[ 8714.4s] iteration 205/300
[ 8761.8s] resampling h with 1 CRPs:
[ 8761.8s] 	a = 28.7106, d = 0.693105
[ 8761.8s] resampling h with 17964 CRPs:
[ 8762.2s] 	a = 3.02662, d = 0.711546
[ 8762.2s] resampling h with 1523856 CRPs:
[ 8764.0s] 	a = 0.0456754, d = 0.793485
[ 8765.1s] perplexity = 114.377

[ 8765.1s] iteration 206/300
[ 8812.6s] resampling h with 1 CRPs:
[ 8812.7s] 	a = 30.2418, d = 0.691727
[ 8812.7s] resampling h with 17964 CRPs:
[ 8813.0s] 	a = 2.99503, d = 0.711932
[ 8813.0s] resampling h with 1523856 CRPs:
[ 8814.9s] 	a = 0.0454318, d = 0.793538
[ 8815.9s] perplexity = 114.378

[ 8815.9s] iteration 207/300
[ 8863.6s] resampling h with 1 CRPs:
[ 8863.6s] 	a = 28.1908, d = 0.693661
[ 8863.6s] resampling h with 17964 CRPs:
[ 8864.0s] 	a = 3.00193, d = 0.711651
[ 8864.0s] resampling h with 1523856 CRPs:
[ 8865.8s] 	a = 0.0451822, d = 0.793519
[ 8866.9s] perplexity = 114.428

[ 8866.9s] iteration 208/300
[ 8914.7s] resampling h with 1 CRPs:
[ 8914.8s] 	a = 27.7337, d = 0.692751
[ 8914.8s] resampling h with 17964 CRPs:
[ 8915.1s] 	a = 2.98268, d = 0.711577
[ 8915.1s] resampling h with 1523856 CRPs:
[ 8917.0s] 	a = 0.0448623, d = 0.793489
[ 8918.0s] perplexity = 114.409

[ 8918.0s] iteration 209/300
[ 8965.9s] resampling h with 1 CRPs:
[ 8965.9s] 	a = 25.4983, d = 0.693153
[ 8965.9s] resampling h with 17964 CRPs:
[ 8966.3s] 	a = 2.98469, d = 0.711397
[ 8966.3s] resampling h with 1523856 CRPs:
[ 8968.1s] 	a = 0.0452792, d = 0.79342
[ 8969.1s] perplexity = 114.353

[ 8969.1s] iteration 210/300
[ 9017.2s] resampling h with 1 CRPs:
[ 9017.2s] 	a = 29.437, d = 0.692685
[ 9017.2s] resampling h with 17964 CRPs:
[ 9017.6s] 	a = 2.97856, d = 0.711634
[ 9017.6s] resampling h with 1523856 CRPs:
[ 9019.4s] 	a = 0.0450832, d = 0.793351
[ 9020.5s] perplexity = 114.394

[ 9020.5s] iteration 211/300
[ 9068.7s] resampling h with 1 CRPs:
[ 9068.8s] 	a = 34.0462, d = 0.691547
[ 9068.8s] resampling h with 17964 CRPs:
[ 9069.1s] 	a = 2.98539, d = 0.711628
[ 9069.1s] resampling h with 1523856 CRPs:
[ 9070.9s] 	a = 0.0447971, d = 0.793347
[ 9072.0s] perplexity = 114.376

[ 9072.0s] iteration 212/300
[ 9120.0s] resampling h with 1 CRPs:
[ 9120.1s] 	a = 38.592, d = 0.691867
[ 9120.1s] resampling h with 17964 CRPs:
[ 9120.4s] 	a = 2.99223, d = 0.711717
[ 9120.4s] resampling h with 1523856 CRPs:
[ 9122.3s] 	a = 0.0443012, d = 0.793475
[ 9123.3s] perplexity = 114.364

[ 9123.3s] iteration 213/300
[ 9171.4s] resampling h with 1 CRPs:
[ 9171.4s] 	a = 34.9768, d = 0.69348
[ 9171.4s] resampling h with 17964 CRPs:
[ 9171.8s] 	a = 2.99041, d = 0.711563
[ 9171.8s] resampling h with 1523856 CRPs:
[ 9173.6s] 	a = 0.04409, d = 0.793482
[ 9174.6s] perplexity = 114.389

[ 9174.6s] iteration 214/300
[ 9222.7s] resampling h with 1 CRPs:
[ 9222.8s] 	a = 34.697, d = 0.695006
[ 9222.8s] resampling h with 17964 CRPs:
[ 9223.1s] 	a = 2.98856, d = 0.711652
[ 9223.1s] resampling h with 1523856 CRPs:
[ 9225.0s] 	a = 0.0435981, d = 0.793254
[ 9226.0s] perplexity = 114.374

[ 9226.0s] iteration 215/300
[ 9274.3s] resampling h with 1 CRPs:
[ 9274.4s] 	a = 32.5906, d = 0.694228
[ 9274.4s] resampling h with 17964 CRPs:
[ 9274.7s] 	a = 2.9907, d = 0.711968
[ 9274.7s] resampling h with 1523856 CRPs:
[ 9276.5s] 	a = 0.0430578, d = 0.793237
[ 9277.5s] perplexity = 114.382

[ 9277.5s] iteration 216/300
[ 9324.4s] resampling h with 1 CRPs:
[ 9324.5s] 	a = 36.9651, d = 0.695242
[ 9324.5s] resampling h with 17964 CRPs:
[ 9324.8s] 	a = 3.00432, d = 0.711228
[ 9324.8s] resampling h with 1523856 CRPs:
[ 9326.6s] 	a = 0.0425509, d = 0.793185
[ 9327.7s] perplexity = 114.409

[ 9327.7s] iteration 217/300
[ 9374.6s] resampling h with 1 CRPs:
[ 9374.6s] 	a = 36.7067, d = 0.695818
[ 9374.6s] resampling h with 17964 CRPs:
[ 9375.0s] 	a = 3.00362, d = 0.71201
[ 9375.0s] resampling h with 1523856 CRPs:
[ 9376.8s] 	a = 0.0426295, d = 0.793386
[ 9377.9s] perplexity = 114.393

[ 9377.9s] iteration 218/300
[ 9424.9s] resampling h with 1 CRPs:
[ 9425.0s] 	a = 36.7742, d = 0.695746
[ 9425.0s] resampling h with 17964 CRPs:
[ 9425.3s] 	a = 3.00213, d = 0.711391
[ 9425.3s] resampling h with 1523856 CRPs:
[ 9427.2s] 	a = 0.0426997, d = 0.793364
[ 9428.2s] perplexity = 114.441

[ 9428.2s] iteration 219/300
[ 9475.6s] resampling h with 1 CRPs:
[ 9475.7s] 	a = 34.409, d = 0.696634
[ 9475.7s] resampling h with 17964 CRPs:
[ 9476.0s] 	a = 3.00103, d = 0.711448
[ 9476.0s] resampling h with 1523856 CRPs:
[ 9477.9s] 	a = 0.0423636, d = 0.793332
[ 9478.9s] perplexity = 114.399

[ 9478.9s] iteration 220/300
[ 9527.4s] resampling h with 1 CRPs:
[ 9527.4s] 	a = 34.892, d = 0.696587
[ 9527.4s] resampling h with 17964 CRPs:
[ 9527.8s] 	a = 2.99372, d = 0.711443
[ 9527.8s] resampling h with 1523856 CRPs:
[ 9529.6s] 	a = 0.0422859, d = 0.793117
[ 9530.7s] perplexity = 114.383

[ 9530.7s] iteration 221/300
[ 9579.4s] resampling h with 1 CRPs:
[ 9579.5s] 	a = 37.421, d = 0.697275
[ 9579.5s] resampling h with 17964 CRPs:
[ 9579.8s] 	a = 2.99624, d = 0.711071
[ 9579.8s] resampling h with 1523856 CRPs:
[ 9581.7s] 	a = 0.0419432, d = 0.793543
[ 9582.7s] perplexity = 114.42

[ 9582.7s] iteration 222/300
[ 9631.7s] resampling h with 1 CRPs:
[ 9631.7s] 	a = 39.747, d = 0.69609
[ 9631.7s] resampling h with 17964 CRPs:
[ 9632.0s] 	a = 2.99919, d = 0.711174
[ 9632.0s] resampling h with 1523856 CRPs:
[ 9633.9s] 	a = 0.0413908, d = 0.793406
[ 9634.9s] perplexity = 114.386

[ 9634.9s] iteration 223/300
[ 9683.8s] resampling h with 1 CRPs:
[ 9683.9s] 	a = 41.336, d = 0.696854
[ 9683.9s] resampling h with 17964 CRPs:
[ 9684.2s] 	a = 3.00401, d = 0.711324
[ 9684.2s] resampling h with 1523856 CRPs:
[ 9686.1s] 	a = 0.04144, d = 0.793468
[ 9687.1s] perplexity = 114.402

[ 9687.1s] iteration 224/300
[ 9736.2s] resampling h with 1 CRPs:
[ 9736.3s] 	a = 42.712, d = 0.69639
[ 9736.3s] resampling h with 17964 CRPs:
[ 9736.6s] 	a = 3.01795, d = 0.710773
[ 9736.6s] resampling h with 1523856 CRPs:
[ 9738.4s] 	a = 0.041103, d = 0.793495
[ 9739.5s] perplexity = 114.391

[ 9739.5s] iteration 225/300
[ 9789.2s] resampling h with 1 CRPs:
[ 9789.2s] 	a = 37.4087, d = 0.69573
[ 9789.2s] resampling h with 17964 CRPs:
[ 9789.6s] 	a = 3.01458, d = 0.711099
[ 9789.6s] resampling h with 1523856 CRPs:
[ 9791.4s] 	a = 0.0406157, d = 0.793989
[ 9792.5s] perplexity = 114.374

[ 9792.5s] iteration 226/300
[ 9842.1s] resampling h with 1 CRPs:
[ 9842.2s] 	a = 36.2732, d = 0.697859
[ 9842.2s] resampling h with 17964 CRPs:
[ 9842.5s] 	a = 3.01165, d = 0.711264
[ 9842.5s] resampling h with 1523856 CRPs:
[ 9844.4s] 	a = 0.0403128, d = 0.793762
[ 9845.4s] perplexity = 114.379

[ 9845.4s] iteration 227/300
[ 9894.9s] resampling h with 1 CRPs:
[ 9894.9s] 	a = 33.5831, d = 0.696283
[ 9894.9s] resampling h with 17964 CRPs:
[ 9895.3s] 	a = 3.01183, d = 0.71103
[ 9895.3s] resampling h with 1523856 CRPs:
[ 9897.1s] 	a = 0.0400307, d = 0.793645
[ 9898.1s] perplexity = 114.367

[ 9898.1s] iteration 228/300
[ 9947.4s] resampling h with 1 CRPs:
[ 9947.4s] 	a = 36.6147, d = 0.699112
[ 9947.4s] resampling h with 17964 CRPs:
[ 9947.8s] 	a = 3.0104, d = 0.710381
[ 9947.8s] resampling h with 1523856 CRPs:
[ 9949.6s] 	a = 0.0397781, d = 0.794153
[ 9950.6s] perplexity = 114.367

[ 9950.6s] iteration 229/300
[10000.5s] resampling h with 1 CRPs:
[10000.5s] 	a = 37.865, d = 0.698792
[10000.5s] resampling h with 17964 CRPs:
[10000.9s] 	a = 3.01196, d = 0.711554
[10000.9s] resampling h with 1523856 CRPs:
[10002.7s] 	a = 0.0394442, d = 0.794195
[10003.8s] perplexity = 114.364

[10003.8s] iteration 230/300
[10053.5s] resampling h with 1 CRPs:
[10053.6s] 	a = 38.2337, d = 0.699312
[10053.6s] resampling h with 17964 CRPs:
[10053.9s] 	a = 3.01361, d = 0.711737
[10053.9s] resampling h with 1523856 CRPs:
[10055.8s] 	a = 0.0394716, d = 0.79389
[10056.8s] perplexity = 114.357

[10056.8s] iteration 231/300
[10106.3s] resampling h with 1 CRPs:
[10106.4s] 	a = 38.359, d = 0.697502
[10106.4s] resampling h with 17964 CRPs:
[10106.7s] 	a = 3.0365, d = 0.71161
[10106.7s] resampling h with 1523856 CRPs:
[10108.6s] 	a = 0.0395088, d = 0.793777
[10109.6s] perplexity = 114.383

[10109.6s] iteration 232/300
[10158.3s] resampling h with 1 CRPs:
[10158.4s] 	a = 41.6706, d = 0.697485
[10158.4s] resampling h with 17964 CRPs:
[10158.7s] 	a = 3.02393, d = 0.711476
[10158.7s] resampling h with 1523856 CRPs:
[10160.5s] 	a = 0.039397, d = 0.793729
[10161.6s] perplexity = 114.411

[10161.6s] iteration 233/300
[10211.0s] resampling h with 1 CRPs:
[10211.1s] 	a = 44.3962, d = 0.696792
[10211.1s] resampling h with 17964 CRPs:
[10211.4s] 	a = 2.99912, d = 0.71179
[10211.4s] resampling h with 1523856 CRPs:
[10213.2s] 	a = 0.0391827, d = 0.793763
[10214.3s] perplexity = 114.4

[10214.3s] iteration 234/300
[10264.1s] resampling h with 1 CRPs:
[10264.2s] 	a = 40.1326, d = 0.696102
[10264.2s] resampling h with 17964 CRPs:
[10264.5s] 	a = 3.00091, d = 0.711183
[10264.5s] resampling h with 1523856 CRPs:
[10266.4s] 	a = 0.0392154, d = 0.793649
[10267.4s] perplexity = 114.37

[10267.4s] iteration 235/300
[10317.0s] resampling h with 1 CRPs:
[10317.1s] 	a = 39.1099, d = 0.697054
[10317.1s] resampling h with 17964 CRPs:
[10317.4s] 	a = 2.9729, d = 0.711329
[10317.4s] resampling h with 1523856 CRPs:
[10319.3s] 	a = 0.03907, d = 0.793723
[10320.3s] perplexity = 114.412

[10320.3s] iteration 236/300
[10370.1s] resampling h with 1 CRPs:
[10370.1s] 	a = 43.087, d = 0.696105
[10370.1s] resampling h with 17964 CRPs:
[10370.5s] 	a = 2.98042, d = 0.712372
[10370.5s] resampling h with 1523856 CRPs:
[10372.3s] 	a = 0.0387889, d = 0.793706
[10373.3s] perplexity = 114.405

[10373.3s] iteration 237/300
[10422.9s] resampling h with 1 CRPs:
[10422.9s] 	a = 41.8439, d = 0.697703
[10422.9s] resampling h with 17964 CRPs:
[10423.3s] 	a = 2.97246, d = 0.712195
[10423.3s] resampling h with 1523856 CRPs:
[10425.1s] 	a = 0.0386148, d = 0.793971
[10426.2s] perplexity = 114.403

[10426.2s] iteration 238/300
[10475.5s] resampling h with 1 CRPs:
[10475.5s] 	a = 43.0241, d = 0.696211
[10475.5s] resampling h with 17964 CRPs:
[10475.9s] 	a = 2.95928, d = 0.712459
[10475.9s] resampling h with 1523856 CRPs:
[10477.7s] 	a = 0.0385552, d = 0.793972
[10478.8s] perplexity = 114.401

[10478.8s] iteration 239/300
[10528.2s] resampling h with 1 CRPs:
[10528.2s] 	a = 45.3042, d = 0.696288
[10528.2s] resampling h with 17964 CRPs:
[10528.6s] 	a = 2.96382, d = 0.712005
[10528.6s] resampling h with 1523856 CRPs:
[10530.4s] 	a = 0.0384234, d = 0.793954
[10531.5s] perplexity = 114.383

[10531.5s] iteration 240/300
[10581.2s] resampling h with 1 CRPs:
[10581.3s] 	a = 47.3147, d = 0.69606
[10581.3s] resampling h with 17964 CRPs:
[10581.6s] 	a = 2.96877, d = 0.711981
[10581.6s] resampling h with 1523856 CRPs:
[10583.5s] 	a = 0.0381648, d = 0.793655
[10584.5s] perplexity = 114.397

[10584.5s] iteration 241/300
[10633.8s] resampling h with 1 CRPs:
[10633.8s] 	a = 49.1264, d = 0.696343
[10633.8s] resampling h with 17964 CRPs:
[10634.2s] 	a = 2.96079, d = 0.712498
[10634.2s] resampling h with 1523856 CRPs:
[10636.0s] 	a = 0.0376534, d = 0.793606
[10637.0s] perplexity = 114.413

[10637.0s] iteration 242/300
[10687.2s] resampling h with 1 CRPs:
[10687.3s] 	a = 47.2022, d = 0.697176
[10687.3s] resampling h with 17964 CRPs:
[10687.6s] 	a = 2.96016, d = 0.712368
[10687.6s] resampling h with 1523856 CRPs:
[10689.5s] 	a = 0.0376852, d = 0.793548
[10690.5s] perplexity = 114.434

[10690.5s] iteration 243/300
[10740.4s] resampling h with 1 CRPs:
[10740.4s] 	a = 46.5613, d = 0.697626
[10740.4s] resampling h with 17964 CRPs:
[10740.8s] 	a = 2.97165, d = 0.712222
[10740.8s] resampling h with 1523856 CRPs:
[10742.6s] 	a = 0.0380899, d = 0.793797
[10743.7s] perplexity = 114.397

[10743.7s] iteration 244/300
[10793.6s] resampling h with 1 CRPs:
[10793.7s] 	a = 46.9819, d = 0.697042
[10793.7s] resampling h with 17964 CRPs:
[10794.0s] 	a = 2.95866, d = 0.712285
[10794.0s] resampling h with 1523856 CRPs:
[10795.9s] 	a = 0.0376229, d = 0.793841
[10796.9s] perplexity = 114.403

[10796.9s] iteration 245/300
[10847.1s] resampling h with 1 CRPs:
[10847.1s] 	a = 46.5405, d = 0.695395
[10847.1s] resampling h with 17964 CRPs:
[10847.5s] 	a = 2.95679, d = 0.711937
[10847.5s] resampling h with 1523856 CRPs:
[10849.3s] 	a = 0.0373201, d = 0.794145
[10850.3s] perplexity = 114.378

[10850.3s] iteration 246/300
[10902.0s] resampling h with 1 CRPs:
[10902.0s] 	a = 47.9142, d = 0.69363
[10902.0s] resampling h with 17964 CRPs:
[10902.4s] 	a = 2.96453, d = 0.711573
[10902.4s] resampling h with 1523856 CRPs:
[10904.2s] 	a = 0.0376199, d = 0.793836
[10905.2s] perplexity = 114.417

[10905.2s] iteration 247/300
[10956.7s] resampling h with 1 CRPs:
[10956.8s] 	a = 48.4361, d = 0.693241
[10956.8s] resampling h with 17964 CRPs:
[10957.1s] 	a = 2.95937, d = 0.711202
[10957.1s] resampling h with 1523856 CRPs:
[10959.0s] 	a = 0.0371649, d = 0.793698
[10960.0s] perplexity = 114.372

[10960.0s] iteration 248/300
[11011.5s] resampling h with 1 CRPs:
[11011.6s] 	a = 44.1141, d = 0.694013
[11011.6s] resampling h with 17964 CRPs:
[11011.9s] 	a = 2.96255, d = 0.711977
[11011.9s] resampling h with 1523856 CRPs:
[11013.8s] 	a = 0.0368383, d = 0.793592
[11014.8s] perplexity = 114.367

[11014.8s] iteration 249/300
[11066.0s] resampling h with 1 CRPs:
[11066.0s] 	a = 44.8412, d = 0.695697
[11066.0s] resampling h with 17964 CRPs:
[11066.4s] 	a = 2.96293, d = 0.711717
[11066.4s] resampling h with 1523856 CRPs:
[11068.2s] 	a = 0.036364, d = 0.793818
[11069.2s] perplexity = 114.393

[11069.2s] iteration 250/300
[11119.9s] resampling h with 1 CRPs:
[11119.9s] 	a = 42.797, d = 0.693898
[11119.9s] resampling h with 17964 CRPs:
[11120.3s] 	a = 2.95429, d = 0.711386
[11120.3s] resampling h with 1523856 CRPs:
[11122.1s] 	a = 0.0360334, d = 0.793803
[11123.1s] perplexity = 114.37

[11123.1s] iteration 251/300
[11173.0s] resampling h with 1 CRPs:
[11173.0s] 	a = 45.1274, d = 0.693057
[11173.0s] resampling h with 17964 CRPs:
[11173.4s] 	a = 2.95222, d = 0.711884
[11173.4s] resampling h with 1523856 CRPs:
[11175.2s] 	a = 0.0360268, d = 0.794001
[11176.3s] perplexity = 114.392

[11176.3s] iteration 252/300
[11226.9s] resampling h with 1 CRPs:
[11227.0s] 	a = 47.9217, d = 0.69379
[11227.0s] resampling h with 17964 CRPs:
[11227.3s] 	a = 2.94681, d = 0.711519
[11227.3s] resampling h with 1523856 CRPs:
[11229.1s] 	a = 0.03586, d = 0.793823
[11230.2s] perplexity = 114.378

[11230.2s] iteration 253/300
[11281.1s] resampling h with 1 CRPs:
[11281.2s] 	a = 44.261, d = 0.693984
[11281.2s] resampling h with 17964 CRPs:
[11281.5s] 	a = 2.95613, d = 0.711348
[11281.5s] resampling h with 1523856 CRPs:
[11283.4s] 	a = 0.0357682, d = 0.794097
[11284.4s] perplexity = 114.42

[11284.4s] iteration 254/300
[11335.3s] resampling h with 1 CRPs:
[11335.3s] 	a = 43.3805, d = 0.693867
[11335.3s] resampling h with 17964 CRPs:
[11335.7s] 	a = 2.95787, d = 0.711637
[11335.7s] resampling h with 1523856 CRPs:
[11337.5s] 	a = 0.0357706, d = 0.793744
[11338.6s] perplexity = 114.371

[11338.6s] iteration 255/300
[11390.4s] resampling h with 1 CRPs:
[11390.4s] 	a = 42.2801, d = 0.69346
[11390.4s] resampling h with 17964 CRPs:
[11390.8s] 	a = 2.94431, d = 0.712052
[11390.8s] resampling h with 1523856 CRPs:
[11392.6s] 	a = 0.0361117, d = 0.79393
[11393.6s] perplexity = 114.395

[11393.6s] iteration 256/300
[11445.2s] resampling h with 1 CRPs:
[11445.3s] 	a = 41.7886, d = 0.694083
[11445.3s] resampling h with 17964 CRPs:
[11445.6s] 	a = 2.93461, d = 0.711887
[11445.6s] resampling h with 1523856 CRPs:
[11447.5s] 	a = 0.0358891, d = 0.794001
[11448.5s] perplexity = 114.399

[11448.5s] iteration 257/300
[11500.4s] resampling h with 1 CRPs:
[11500.5s] 	a = 42.6695, d = 0.695021
[11500.5s] resampling h with 17964 CRPs:
[11500.8s] 	a = 2.94812, d = 0.711986
[11500.8s] resampling h with 1523856 CRPs:
[11502.7s] 	a = 0.035575, d = 0.794403
[11503.7s] perplexity = 114.39

[11503.7s] iteration 258/300
[11556.0s] resampling h with 1 CRPs:
[11556.0s] 	a = 41.5752, d = 0.695512
[11556.0s] resampling h with 17964 CRPs:
[11556.4s] 	a = 2.94235, d = 0.711804
[11556.4s] resampling h with 1523856 CRPs:
[11558.2s] 	a = 0.0355301, d = 0.793961
[11559.3s] perplexity = 114.391

[11559.3s] iteration 259/300
[11610.9s] resampling h with 1 CRPs:
[11611.0s] 	a = 41.3164, d = 0.695558
[11611.0s] resampling h with 17964 CRPs:
[11611.3s] 	a = 2.94347, d = 0.7115
[11611.3s] resampling h with 1523856 CRPs:
[11613.1s] 	a = 0.0357984, d = 0.793961
[11614.2s] perplexity = 114.391

[11614.2s] iteration 260/300
[11665.1s] resampling h with 1 CRPs:
[11665.1s] 	a = 42.5681, d = 0.694496
[11665.1s] resampling h with 17964 CRPs:
[11665.5s] 	a = 2.94977, d = 0.712268
[11665.5s] resampling h with 1523856 CRPs:
[11667.3s] 	a = 0.0358733, d = 0.794149
[11668.3s] perplexity = 114.392

[11668.3s] iteration 261/300
[11718.4s] resampling h with 1 CRPs:
[11718.4s] 	a = 47.5006, d = 0.693639
[11718.4s] resampling h with 17964 CRPs:
[11718.8s] 	a = 2.95634, d = 0.712464
[11718.8s] resampling h with 1523856 CRPs:
[11720.6s] 	a = 0.0358476, d = 0.794102
[11721.6s] perplexity = 114.401

[11721.6s] iteration 262/300
[11771.5s] resampling h with 1 CRPs:
[11771.6s] 	a = 49.7118, d = 0.693675
[11771.6s] resampling h with 17964 CRPs:
[11771.9s] 	a = 2.95385, d = 0.712408
[11771.9s] resampling h with 1523856 CRPs:
[11773.8s] 	a = 0.0357439, d = 0.79409
[11774.8s] perplexity = 114.388

[11774.8s] iteration 263/300
[11825.0s] resampling h with 1 CRPs:
[11825.0s] 	a = 51.686, d = 0.694154
[11825.0s] resampling h with 17964 CRPs:
[11825.4s] 	a = 2.96233, d = 0.712078
[11825.4s] resampling h with 1523856 CRPs:
[11827.2s] 	a = 0.0356633, d = 0.793791
[11828.2s] perplexity = 114.4

[11828.2s] iteration 264/300
[11880.1s] resampling h with 1 CRPs:
[11880.2s] 	a = 56.6262, d = 0.694648
[11880.2s] resampling h with 17964 CRPs:
[11880.5s] 	a = 2.96372, d = 0.712197
[11880.5s] resampling h with 1523856 CRPs:
[11882.3s] 	a = 0.0353747, d = 0.79401
[11883.4s] perplexity = 114.381

[11883.4s] iteration 265/300
[11934.0s] resampling h with 1 CRPs:
[11934.0s] 	a = 57.2465, d = 0.692261
[11934.0s] resampling h with 17964 CRPs:
[11934.4s] 	a = 2.94475, d = 0.711916
[11934.4s] resampling h with 1523856 CRPs:
[11936.2s] 	a = 0.0355746, d = 0.793878
[11937.3s] perplexity = 114.386

[11937.3s] iteration 266/300
[11987.5s] resampling h with 1 CRPs:
[11987.5s] 	a = 54.3438, d = 0.692358
[11987.5s] resampling h with 17964 CRPs:
[11987.9s] 	a = 2.94513, d = 0.712935
[11987.9s] resampling h with 1523856 CRPs:
[11989.7s] 	a = 0.0352194, d = 0.794152
[11990.8s] perplexity = 114.36

[11990.8s] iteration 267/300
[12041.8s] resampling h with 1 CRPs:
[12041.9s] 	a = 50.2988, d = 0.692311
[12041.9s] resampling h with 17964 CRPs:
[12042.2s] 	a = 2.93845, d = 0.711959
[12042.2s] resampling h with 1523856 CRPs:
[12044.1s] 	a = 0.0351026, d = 0.793876
[12045.1s] perplexity = 114.399

[12045.1s] iteration 268/300
[12096.3s] resampling h with 1 CRPs:
[12096.3s] 	a = 50.8651, d = 0.692098
[12096.3s] resampling h with 17964 CRPs:
[12096.7s] 	a = 2.93326, d = 0.712632
[12096.7s] resampling h with 1523856 CRPs:
[12098.5s] 	a = 0.0352516, d = 0.793707
[12099.5s] perplexity = 114.4

[12099.5s] iteration 269/300
[12151.2s] resampling h with 1 CRPs:
[12151.3s] 	a = 47.3517, d = 0.692566
[12151.3s] resampling h with 17964 CRPs:
[12151.6s] 	a = 2.94421, d = 0.712752
[12151.6s] resampling h with 1523856 CRPs:
[12153.5s] 	a = 0.0351767, d = 0.794032
[12154.5s] perplexity = 114.427

[12154.5s] iteration 270/300
[12205.2s] resampling h with 1 CRPs:
[12205.3s] 	a = 48.9037, d = 0.692457
[12205.3s] resampling h with 17964 CRPs:
[12205.6s] 	a = 2.95062, d = 0.712069
[12205.6s] resampling h with 1523856 CRPs:
[12207.5s] 	a = 0.0351511, d = 0.794111
[12208.5s] perplexity = 114.378

[12208.5s] iteration 271/300
[12259.0s] resampling h with 1 CRPs:
[12259.0s] 	a = 51.655, d = 0.69403
[12259.0s] resampling h with 17964 CRPs:
[12259.4s] 	a = 2.95494, d = 0.711936
[12259.4s] resampling h with 1523856 CRPs:
[12261.2s] 	a = 0.0352761, d = 0.794116
[12262.3s] perplexity = 114.373

[12262.3s] iteration 272/300
[12313.4s] resampling h with 1 CRPs:
[12313.5s] 	a = 50.3332, d = 0.693178
[12313.5s] resampling h with 17964 CRPs:
[12313.8s] 	a = 2.96212, d = 0.711656
[12313.8s] resampling h with 1523856 CRPs:
[12315.6s] 	a = 0.0354204, d = 0.794447
[12316.7s] perplexity = 114.375

[12316.7s] iteration 273/300
[12367.9s] resampling h with 1 CRPs:
[12367.9s] 	a = 51.8726, d = 0.69342
[12367.9s] resampling h with 17964 CRPs:
[12368.3s] 	a = 2.9775, d = 0.711525
[12368.3s] resampling h with 1523856 CRPs:
[12370.1s] 	a = 0.0353523, d = 0.794009
[12371.1s] perplexity = 114.362

[12371.1s] iteration 274/300
[12422.8s] resampling h with 1 CRPs:
[12422.8s] 	a = 48.2448, d = 0.692761
[12422.8s] resampling h with 17964 CRPs:
[12423.2s] 	a = 2.95908, d = 0.71197
[12423.2s] resampling h with 1523856 CRPs:
[12425.0s] 	a = 0.0351721, d = 0.793968
[12426.0s] perplexity = 114.398

[12426.0s] iteration 275/300
[12476.8s] resampling h with 1 CRPs:
[12476.8s] 	a = 45.0521, d = 0.69384
[12476.8s] resampling h with 17964 CRPs:
[12477.2s] 	a = 2.96838, d = 0.712235
[12477.2s] resampling h with 1523856 CRPs:
[12479.0s] 	a = 0.0348415, d = 0.794106
[12480.1s] perplexity = 114.379

[12480.1s] iteration 276/300
[12531.2s] resampling h with 1 CRPs:
[12531.2s] 	a = 45.6751, d = 0.693319
[12531.2s] resampling h with 17964 CRPs:
[12531.6s] 	a = 2.96388, d = 0.71149
[12531.6s] resampling h with 1523856 CRPs:
[12533.4s] 	a = 0.0344374, d = 0.79396
[12534.5s] perplexity = 114.347

[12534.5s] iteration 277/300
[12586.0s] resampling h with 1 CRPs:
[12586.1s] 	a = 55.0127, d = 0.6951
[12586.1s] resampling h with 17964 CRPs:
[12586.4s] 	a = 2.97064, d = 0.711794
[12586.4s] resampling h with 1523856 CRPs:
[12588.3s] 	a = 0.0344835, d = 0.794298
[12589.3s] perplexity = 114.387

[12589.3s] iteration 278/300
[12641.6s] resampling h with 1 CRPs:
[12641.6s] 	a = 52.5478, d = 0.695383
[12641.6s] resampling h with 17964 CRPs:
[12642.0s] 	a = 2.97006, d = 0.711366
[12642.0s] resampling h with 1523856 CRPs:
[12643.8s] 	a = 0.0344943, d = 0.794466
[12644.8s] perplexity = 114.36

[12644.8s] iteration 279/300
[12697.5s] resampling h with 1 CRPs:
[12697.5s] 	a = 54.5646, d = 0.69489
[12697.5s] resampling h with 17964 CRPs:
[12697.9s] 	a = 2.98391, d = 0.711837
[12697.9s] resampling h with 1523856 CRPs:
[12699.7s] 	a = 0.0340129, d = 0.794596
[12700.7s] perplexity = 114.353

[12700.7s] iteration 280/300
[12752.8s] resampling h with 1 CRPs:
[12752.9s] 	a = 50.2959, d = 0.694872
[12752.9s] resampling h with 17964 CRPs:
[12753.2s] 	a = 2.99394, d = 0.712419
[12753.2s] resampling h with 1523856 CRPs:
[12755.0s] 	a = 0.0337569, d = 0.79423
[12756.0s] perplexity = 114.422

[12756.0s] iteration 281/300
[12807.8s] resampling h with 1 CRPs:
[12807.9s] 	a = 49.1559, d = 0.695246
[12807.9s] resampling h with 17964 CRPs:
[12808.2s] 	a = 3.00002, d = 0.712186
[12808.2s] resampling h with 1523856 CRPs:
[12810.1s] 	a = 0.0337203, d = 0.794073
[12811.1s] perplexity = 114.389

[12811.1s] iteration 282/300
[12862.7s] resampling h with 1 CRPs:
[12862.8s] 	a = 51.2233, d = 0.695463
[12862.8s] resampling h with 17964 CRPs:
[12863.1s] 	a = 2.98062, d = 0.71172
[12863.1s] resampling h with 1523856 CRPs:
[12864.9s] 	a = 0.0334202, d = 0.79433
[12866.0s] perplexity = 114.392

[12866.0s] iteration 283/300
[12918.4s] resampling h with 1 CRPs:
[12918.5s] 	a = 47.113, d = 0.694603
[12918.5s] resampling h with 17964 CRPs:
[12918.8s] 	a = 2.98067, d = 0.711666
[12918.8s] resampling h with 1523856 CRPs:
[12920.7s] 	a = 0.0333071, d = 0.794317
[12921.7s] perplexity = 114.364

[12921.7s] iteration 284/300
[12974.7s] resampling h with 1 CRPs:
[12974.7s] 	a = 50.4933, d = 0.69405
[12974.7s] resampling h with 17964 CRPs:
[12975.1s] 	a = 2.9832, d = 0.71205
[12975.1s] resampling h with 1523856 CRPs:
[12976.9s] 	a = 0.0332712, d = 0.794315
[12978.0s] perplexity = 114.395

[12978.0s] iteration 285/300
[13030.1s] resampling h with 1 CRPs:
[13030.1s] 	a = 51.0271, d = 0.694914
[13030.1s] resampling h with 17964 CRPs:
[13030.5s] 	a = 2.98748, d = 0.712043
[13030.5s] resampling h with 1523856 CRPs:
[13032.3s] 	a = 0.0331771, d = 0.794086
[13033.3s] perplexity = 114.394

[13033.3s] iteration 286/300
[13085.7s] resampling h with 1 CRPs:
[13085.7s] 	a = 50.756, d = 0.693218
[13085.7s] resampling h with 17964 CRPs:
[13086.1s] 	a = 2.98236, d = 0.711374
[13086.1s] resampling h with 1523856 CRPs:
[13087.9s] 	a = 0.0328926, d = 0.794031
[13089.0s] perplexity = 114.423

[13089.0s] iteration 287/300
[13140.4s] resampling h with 1 CRPs:
[13140.4s] 	a = 49.3189, d = 0.692671
[13140.4s] resampling h with 17964 CRPs:
[13140.7s] 	a = 2.96943, d = 0.710808
[13140.7s] resampling h with 1523856 CRPs:
[13142.6s] 	a = 0.0326261, d = 0.793979
[13143.6s] perplexity = 114.372

[13143.6s] iteration 288/300
[13195.5s] resampling h with 1 CRPs:
[13195.5s] 	a = 46.2086, d = 0.691999
[13195.5s] resampling h with 17964 CRPs:
[13195.9s] 	a = 2.96505, d = 0.712055
[13195.9s] resampling h with 1523856 CRPs:
[13197.7s] 	a = 0.032463, d = 0.793742
[13198.7s] perplexity = 114.404

[13198.7s] iteration 289/300
[13250.3s] resampling h with 1 CRPs:
[13250.3s] 	a = 48.0313, d = 0.692052
[13250.3s] resampling h with 17964 CRPs:
[13250.7s] 	a = 2.97067, d = 0.711523
[13250.7s] resampling h with 1523856 CRPs:
[13252.5s] 	a = 0.0323313, d = 0.793907
[13253.5s] perplexity = 114.41

[13253.5s] iteration 290/300
[13304.9s] resampling h with 1 CRPs:
[13304.9s] 	a = 49.7874, d = 0.692457
[13304.9s] resampling h with 17964 CRPs:
[13305.3s] 	a = 2.96057, d = 0.711401
[13305.3s] resampling h with 1523856 CRPs:
[13307.1s] 	a = 0.0321523, d = 0.794033
[13308.1s] perplexity = 114.41

[13308.1s] iteration 291/300
[13359.1s] resampling h with 1 CRPs:
[13359.2s] 	a = 54.4529, d = 0.693251
[13359.2s] resampling h with 17964 CRPs:
[13359.5s] 	a = 2.94429, d = 0.711983
[13359.5s] resampling h with 1523856 CRPs:
[13361.4s] 	a = 0.0321737, d = 0.794276
[13362.4s] perplexity = 114.372

[13362.4s] iteration 292/300
[13413.4s] resampling h with 1 CRPs:
[13413.4s] 	a = 48.2566, d = 0.692039
[13413.4s] resampling h with 17964 CRPs:
[13413.8s] 	a = 2.9487, d = 0.712103
[13413.8s] resampling h with 1523856 CRPs:
[13415.6s] 	a = 0.0323646, d = 0.793838
[13416.6s] perplexity = 114.403

[13416.6s] iteration 293/300
[13468.0s] resampling h with 1 CRPs:
[13468.1s] 	a = 49.2319, d = 0.692978
[13468.1s] resampling h with 17964 CRPs:
[13468.4s] 	a = 2.95855, d = 0.711782
[13468.4s] resampling h with 1523856 CRPs:
[13470.2s] 	a = 0.0321939, d = 0.79402
[13471.3s] perplexity = 114.411

[13471.3s] iteration 294/300
[13523.4s] resampling h with 1 CRPs:
[13523.5s] 	a = 48.5431, d = 0.69092
[13523.5s] resampling h with 17964 CRPs:
[13523.8s] 	a = 2.94756, d = 0.711821
[13523.8s] resampling h with 1523856 CRPs:
[13525.6s] 	a = 0.0319897, d = 0.794012
[13526.7s] perplexity = 114.389

[13526.7s] iteration 295/300
[13578.5s] resampling h with 1 CRPs:
[13578.6s] 	a = 46.3678, d = 0.691156
[13578.6s] resampling h with 17964 CRPs:
[13578.9s] 	a = 2.97008, d = 0.711658
[13578.9s] resampling h with 1523856 CRPs:
[13580.8s] 	a = 0.0319542, d = 0.793741
[13581.8s] perplexity = 114.383

[13581.8s] iteration 296/300
[13633.9s] resampling h with 1 CRPs:
[13634.0s] 	a = 47.2658, d = 0.690354
[13634.0s] resampling h with 17964 CRPs:
[13634.3s] 	a = 2.94778, d = 0.711836
[13634.3s] resampling h with 1523856 CRPs:
[13636.2s] 	a = 0.0321562, d = 0.793718
[13637.2s] perplexity = 114.429

[13637.2s] iteration 297/300
[13688.8s] resampling h with 1 CRPs:
[13688.8s] 	a = 47.5787, d = 0.690338
[13688.8s] resampling h with 17964 CRPs:
[13689.2s] 	a = 2.93285, d = 0.711568
[13689.2s] resampling h with 1523856 CRPs:
[13691.0s] 	a = 0.0315084, d = 0.794032
[13692.0s] perplexity = 114.413

[13692.0s] iteration 298/300
[13743.5s] resampling h with 1 CRPs:
[13743.5s] 	a = 47.1891, d = 0.692086
[13743.5s] resampling h with 17964 CRPs:
[13743.9s] 	a = 2.91895, d = 0.711899
[13743.9s] resampling h with 1523856 CRPs:
[13745.8s] 	a = 0.0317023, d = 0.794185
[13746.8s] perplexity = 114.397

[13746.8s] iteration 299/300
[13798.8s] resampling h with 1 CRPs:
[13798.9s] 	a = 48.756, d = 0.690227
[13798.9s] resampling h with 17964 CRPs:
[13799.2s] 	a = 2.92732, d = 0.711938
[13799.2s] resampling h with 1523856 CRPs:
[13801.1s] 	a = 0.0316161, d = 0.794041
[13802.1s] perplexity = 114.377

[13802.1s] iteration 300/300
[13854.4s] resampling h with 1 CRPs:
[13854.4s] 	a = 48.1579, d = 0.692138
[13854.4s] resampling h with 17964 CRPs:
[13854.8s] 	a = 2.94318, d = 0.712191
[13854.8s] resampling h with 1523856 CRPs:
[13856.6s] 	a = 0.0317277, d = 0.794073
[13857.6s] perplexity = 114.379

[13857.6s] finished testing
[13857.6s] final perplexity = 114.336
