14502 (out of 400168) words in dict
360634 training, 39534 testing
136394 restaurants created
204.452kB of test data
ITER   0: d0 = 0.630; d1 = 0.809; d2 = 0.886; PPLX 2^7.48 = 178.2
ITER   1: d0 = 0.667; d1 = 0.782; d2 = 0.895; PPLX 2^7.47 = 177.0
ITER   2: d0 = 0.674; d1 = 0.782; d2 = 0.884; PPLX 2^7.47 = 177.1
ITER   3: d0 = 0.659; d1 = 0.782; d2 = 0.884; PPLX 2^7.47 = 176.9
ITER   4: d0 = 0.661; d1 = 0.818; d2 = 0.906; PPLX 2^7.47 = 177.7
ITER   5: d0 = 0.629; d1 = 0.805; d2 = 0.883; PPLX 2^7.47 = 177.7
ITER   6: d0 = 0.634; d1 = 0.838; d2 = 0.889; PPLX 2^7.48 = 178.7
ITER   7: d0 = 0.750; d1 = 0.840; d2 = 0.895; PPLX 2^7.48 = 178.4
ITER   8: d0 = 0.624; d1 = 0.792; d2 = 0.900; PPLX 2^7.47 = 177.3
ITER   9: d0 = 0.647; d1 = 0.781; d2 = 0.886; PPLX 2^7.46 = 176.4
ITER  10: d0 = 0.674; d1 = 0.784; d2 = 0.889; PPLX 2^7.46 = 176.6
ITER  11: d0 = 0.630; d1 = 0.820; d2 = 0.880; PPLX 2^7.47 = 177.8
ITER  12: d0 = 0.753; d1 = 0.799; d2 = 0.890; PPLX 2^7.47 = 177.1
ITER  13: d0 = 0.627; d1 = 0.794; d2 = 0.904; PPLX 2^7.47 = 176.8
ITER  14: d0 = 0.689; d1 = 0.834; d2 = 0.894; PPLX 2^7.47 = 177.7
ITER  15: d0 = 0.764; d1 = 0.819; d2 = 0.877; PPLX 2^7.47 = 176.8
ITER  16: d0 = 0.650; d1 = 0.800; d2 = 0.909; PPLX 2^7.47 = 177.6
ITER  17: d0 = 0.715; d1 = 0.830; d2 = 0.906; PPLX 2^7.47 = 177.8
ITER  18: d0 = 0.650; d1 = 0.820; d2 = 0.883; PPLX 2^7.47 = 177.5
ITER  19: d0 = 0.702; d1 = 0.835; d2 = 0.899; PPLX 2^7.48 = 178.4
ITER  20: d0 = 0.660; d1 = 0.830; d2 = 0.894; PPLX 2^7.47 = 177.7
ITER  21: d0 = 0.651; d1 = 0.807; d2 = 0.886; PPLX 2^7.47 = 177.0
ITER  22: d0 = 0.637; d1 = 0.833; d2 = 0.890; PPLX 2^7.48 = 178.1
ITER  23: d0 = 0.647; d1 = 0.806; d2 = 0.904; PPLX 2^7.47 = 177.6
ITER  24: d0 = 0.629; d1 = 0.828; d2 = 0.886; PPLX 2^7.48 = 178.0
ITER  25: d0 = 0.718; d1 = 0.795; d2 = 0.885; PPLX 2^7.46 = 176.2
ITER  26: d0 = 0.668; d1 = 0.782; d2 = 0.895; PPLX 2^7.46 = 176.2
ITER  27: d0 = 0.718; d1 = 0.844; d2 = 0.888; PPLX 2^7.48 = 178.4
ITER  28: d0 = 0.752; d1 = 0.790; d2 = 0.883; PPLX 2^7.46 = 176.4
ITER  29: d0 = 0.664; d1 = 0.834; d2 = 0.892; PPLX 2^7.48 = 178.2
ITER  30: d0 = 0.727; d1 = 0.824; d2 = 0.902; PPLX 2^7.47 = 177.5
ITER  31: d0 = 0.641; d1 = 0.829; d2 = 0.900; PPLX 2^7.47 = 177.4
ITER  32: d0 = 0.630; d1 = 0.832; d2 = 0.903; PPLX 2^7.48 = 178.1
ITER  33: d0 = 0.664; d1 = 0.833; d2 = 0.881; PPLX 2^7.47 = 177.9
ITER  34: d0 = 0.629; d1 = 0.801; d2 = 0.895; PPLX 2^7.47 = 176.9
ITER  35: d0 = 0.672; d1 = 0.820; d2 = 0.882; PPLX 2^7.47 = 177.3
ITER  36: d0 = 0.725; d1 = 0.786; d2 = 0.906; PPLX 2^7.46 = 176.3
ITER  37: d0 = 0.715; d1 = 0.809; d2 = 0.904; PPLX 2^7.47 = 176.7
ITER  38: d0 = 0.732; d1 = 0.796; d2 = 0.895; PPLX 2^7.47 = 176.8
ITER  39: d0 = 0.641; d1 = 0.824; d2 = 0.886; PPLX 2^7.48 = 178.0
ITER  40: d0 = 0.664; d1 = 0.823; d2 = 0.889; PPLX 2^7.47 = 177.7
ITER  41: d0 = 0.661; d1 = 0.832; d2 = 0.886; PPLX 2^7.47 = 177.9
ITER  42: d0 = 0.655; d1 = 0.790; d2 = 0.893; PPLX 2^7.46 = 176.6
ITER  43: d0 = 0.663; d1 = 0.800; d2 = 0.889; PPLX 2^7.47 = 177.0
ITER  44: d0 = 0.648; d1 = 0.792; d2 = 0.901; PPLX 2^7.47 = 176.7
ITER  45: d0 = 0.647; d1 = 0.816; d2 = 0.888; PPLX 2^7.47 = 176.9
ITER  46: d0 = 0.630; d1 = 0.795; d2 = 0.902; PPLX 2^7.47 = 177.1
ITER  47: d0 = 0.677; d1 = 0.846; d2 = 0.886; PPLX 2^7.48 = 178.3
ITER  48: d0 = 0.748; d1 = 0.807; d2 = 0.900; PPLX 2^7.47 = 177.0
ITER  49: d0 = 0.762; d1 = 0.835; d2 = 0.888; PPLX 2^7.47 = 177.8
ITER  50: d0 = 0.720; d1 = 0.793; d2 = 0.887; PPLX 2^7.46 = 176.4
ITER  51: d0 = 0.630; d1 = 0.801; d2 = 0.905; PPLX 2^7.47 = 176.8
ITER  52: d0 = 0.730; d1 = 0.789; d2 = 0.904; PPLX 2^7.46 = 176.4
ITER  53: d0 = 0.727; d1 = 0.836; d2 = 0.894; PPLX 2^7.47 = 177.8
ITER  54: d0 = 0.738; d1 = 0.799; d2 = 0.900; PPLX 2^7.47 = 177.0
ITER  55: d0 = 0.733; d1 = 0.785; d2 = 0.878; PPLX 2^7.46 = 176.5
ITER  56: d0 = 0.653; d1 = 0.807; d2 = 0.907; PPLX 2^7.47 = 177.3
ITER  57: d0 = 0.629; d1 = 0.783; d2 = 0.888; PPLX 2^7.46 = 176.5
ITER  58: d0 = 0.766; d1 = 0.806; d2 = 0.893; PPLX 2^7.47 = 176.9
ITER  59: d0 = 0.673; d1 = 0.784; d2 = 0.890; PPLX 2^7.46 = 175.8
ITER  60: d0 = 0.657; d1 = 0.825; d2 = 0.902; PPLX 2^7.47 = 177.7
ITER  61: d0 = 0.690; d1 = 0.842; d2 = 0.887; PPLX 2^7.48 = 177.9
ITER  62: d0 = 0.632; d1 = 0.809; d2 = 0.907; PPLX 2^7.47 = 177.5
ITER  63: d0 = 0.647; d1 = 0.824; d2 = 0.898; PPLX 2^7.48 = 178.0
ITER  64: d0 = 0.651; d1 = 0.824; d2 = 0.897; PPLX 2^7.47 = 177.8
ITER  65: d0 = 0.689; d1 = 0.784; d2 = 0.884; PPLX 2^7.46 = 176.3
ITER  66: d0 = 0.632; d1 = 0.815; d2 = 0.908; PPLX 2^7.47 = 177.1
ITER  67: d0 = 0.753; d1 = 0.811; d2 = 0.890; PPLX 2^7.47 = 176.7
ITER  68: d0 = 0.674; d1 = 0.803; d2 = 0.889; PPLX 2^7.46 = 176.6
ITER  69: d0 = 0.637; d1 = 0.799; d2 = 0.881; PPLX 2^7.46 = 176.5
ITER  70: d0 = 0.741; d1 = 0.794; d2 = 0.880; PPLX 2^7.46 = 176.5
ITER  71: d0 = 0.645; d1 = 0.786; d2 = 0.879; PPLX 2^7.46 = 176.2
ITER  72: d0 = 0.729; d1 = 0.834; d2 = 0.885; PPLX 2^7.47 = 177.6
ITER  73: d0 = 0.742; d1 = 0.816; d2 = 0.881; PPLX 2^7.47 = 177.0
ITER  74: d0 = 0.685; d1 = 0.838; d2 = 0.883; PPLX 2^7.48 = 177.9
ITER  75: d0 = 0.751; d1 = 0.796; d2 = 0.896; PPLX 2^7.46 = 176.4
ITER  76: d0 = 0.662; d1 = 0.810; d2 = 0.889; PPLX 2^7.47 = 176.9
ITER  77: d0 = 0.664; d1 = 0.802; d2 = 0.895; PPLX 2^7.47 = 176.9
ITER  78: d0 = 0.667; d1 = 0.800; d2 = 0.910; PPLX 2^7.46 = 176.7
ITER  79: d0 = 0.665; d1 = 0.849; d2 = 0.905; PPLX 2^7.48 = 178.6
ITER  80: d0 = 0.679; d1 = 0.784; d2 = 0.896; PPLX 2^7.46 = 176.0
ITER  81: d0 = 0.640; d1 = 0.808; d2 = 0.897; PPLX 2^7.47 = 177.7
ITER  82: d0 = 0.661; d1 = 0.838; d2 = 0.900; PPLX 2^7.47 = 177.9
ITER  83: d0 = 0.683; d1 = 0.806; d2 = 0.890; PPLX 2^7.47 = 176.8
ITER  84: d0 = 0.656; d1 = 0.820; d2 = 0.895; PPLX 2^7.47 = 177.2
ITER  85: d0 = 0.665; d1 = 0.816; d2 = 0.887; PPLX 2^7.47 = 177.2
ITER  86: d0 = 0.730; d1 = 0.784; d2 = 0.879; PPLX 2^7.46 = 175.6
ITER  87: d0 = 0.640; d1 = 0.804; d2 = 0.881; PPLX 2^7.47 = 176.7
ITER  88: d0 = 0.713; d1 = 0.832; d2 = 0.883; PPLX 2^7.47 = 177.2
ITER  89: d0 = 0.707; d1 = 0.841; d2 = 0.890; PPLX 2^7.47 = 177.6
ITER  90: d0 = 0.642; d1 = 0.784; d2 = 0.895; PPLX 2^7.46 = 176.2
ITER  91: d0 = 0.704; d1 = 0.800; d2 = 0.881; PPLX 2^7.46 = 176.6
ITER  92: d0 = 0.636; d1 = 0.817; d2 = 0.908; PPLX 2^7.47 = 177.4
ITER  93: d0 = 0.713; d1 = 0.786; d2 = 0.898; PPLX 2^7.46 = 176.5
ITER  94: d0 = 0.663; d1 = 0.810; d2 = 0.903; PPLX 2^7.47 = 177.3
ITER  95: d0 = 0.665; d1 = 0.810; d2 = 0.893; PPLX 2^7.47 = 177.0
ITER  96: d0 = 0.680; d1 = 0.788; d2 = 0.906; PPLX 2^7.47 = 176.8
ITER  97: d0 = 0.652; d1 = 0.790; d2 = 0.888; PPLX 2^7.46 = 176.4
ITER  98: d0 = 0.702; d1 = 0.791; d2 = 0.887; PPLX 2^7.46 = 176.0
ITER  99: d0 = 0.687; d1 = 0.815; d2 = 0.901; PPLX 2^7.47 = 177.4
ITER 100: d0 = 0.666; d1 = 0.787; d2 = 0.905; PPLX 2^7.46 = 176.6
ITER 101: d0 = 0.706; d1 = 0.811; d2 = 0.896; PPLX 2^7.47 = 176.9
ITER 102: d0 = 0.687; d1 = 0.834; d2 = 0.905; PPLX 2^7.47 = 177.8
ITER 103: d0 = 0.686; d1 = 0.838; d2 = 0.902; PPLX 2^7.48 = 178.3
ITER 104: d0 = 0.643; d1 = 0.794; d2 = 0.899; PPLX 2^7.46 = 176.5
ITER 105: d0 = 0.713; d1 = 0.807; d2 = 0.880; PPLX 2^7.46 = 176.6
ITER 106: d0 = 0.653; d1 = 0.784; d2 = 0.879; PPLX 2^7.46 = 176.1
ITER 107: d0 = 0.746; d1 = 0.783; d2 = 0.885; PPLX 2^7.46 = 175.8
ITER 108: d0 = 0.713; d1 = 0.784; d2 = 0.903; PPLX 2^7.46 = 176.2
ITER 109: d0 = 0.692; d1 = 0.795; d2 = 0.902; PPLX 2^7.46 = 176.4
ITER 110: d0 = 0.641; d1 = 0.798; d2 = 0.890; PPLX 2^7.46 = 176.6
ITER 111: d0 = 0.635; d1 = 0.797; d2 = 0.886; PPLX 2^7.46 = 176.5
ITER 112: d0 = 0.762; d1 = 0.814; d2 = 0.878; PPLX 2^7.47 = 177.0
ITER 113: d0 = 0.641; d1 = 0.808; d2 = 0.886; PPLX 2^7.47 = 177.0
ITER 114: d0 = 0.765; d1 = 0.822; d2 = 0.889; PPLX 2^7.47 = 176.8
ITER 115: d0 = 0.691; d1 = 0.847; d2 = 0.887; PPLX 2^7.48 = 178.4
ITER 116: d0 = 0.763; d1 = 0.816; d2 = 0.879; PPLX 2^7.47 = 176.7
ITER 117: d0 = 0.650; d1 = 0.849; d2 = 0.899; PPLX 2^7.48 = 178.3
ITER 118: d0 = 0.650; d1 = 0.833; d2 = 0.884; PPLX 2^7.47 = 177.6
ITER 119: d0 = 0.731; d1 = 0.837; d2 = 0.885; PPLX 2^7.48 = 178.0
ITER 120: d0 = 0.652; d1 = 0.790; d2 = 0.883; PPLX 2^7.46 = 176.6
ITER 121: d0 = 0.657; d1 = 0.812; d2 = 0.904; PPLX 2^7.47 = 177.5
ITER 122: d0 = 0.683; d1 = 0.843; d2 = 0.898; PPLX 2^7.48 = 177.9
ITER 123: d0 = 0.638; d1 = 0.834; d2 = 0.897; PPLX 2^7.47 = 177.9
ITER 124: d0 = 0.761; d1 = 0.789; d2 = 0.905; PPLX 2^7.46 = 176.6
ITER 125: d0 = 0.642; d1 = 0.810; d2 = 0.881; PPLX 2^7.47 = 177.3
ITER 126: d0 = 0.761; d1 = 0.804; d2 = 0.896; PPLX 2^7.46 = 176.7
ITER 127: d0 = 0.748; d1 = 0.801; d2 = 0.878; PPLX 2^7.47 = 176.8
ITER 128: d0 = 0.730; d1 = 0.805; d2 = 0.895; PPLX 2^7.47 = 176.8
ITER 129: d0 = 0.640; d1 = 0.816; d2 = 0.892; PPLX 2^7.47 = 177.1
ITER 130: d0 = 0.696; d1 = 0.820; d2 = 0.904; PPLX 2^7.47 = 177.7
ITER 131: d0 = 0.705; d1 = 0.816; d2 = 0.896; PPLX 2^7.47 = 177.0
ITER 132: d0 = 0.636; d1 = 0.794; d2 = 0.890; PPLX 2^7.46 = 176.4
ITER 133: d0 = 0.654; d1 = 0.805; d2 = 0.884; PPLX 2^7.46 = 176.6
ITER 134: d0 = 0.662; d1 = 0.804; d2 = 0.879; PPLX 2^7.46 = 176.5
ITER 135: d0 = 0.672; d1 = 0.800; d2 = 0.882; PPLX 2^7.46 = 176.2
ITER 136: d0 = 0.648; d1 = 0.785; d2 = 0.880; PPLX 2^7.46 = 176.4
ITER 137: d0 = 0.674; d1 = 0.784; d2 = 0.894; PPLX 2^7.46 = 176.5
ITER 138: d0 = 0.639; d1 = 0.838; d2 = 0.888; PPLX 2^7.47 = 177.8
ITER 139: d0 = 0.635; d1 = 0.846; d2 = 0.902; PPLX 2^7.48 = 178.4
ITER 140: d0 = 0.648; d1 = 0.847; d2 = 0.887; PPLX 2^7.48 = 178.2
ITER 141: d0 = 0.655; d1 = 0.836; d2 = 0.886; PPLX 2^7.47 = 177.6
ITER 142: d0 = 0.690; d1 = 0.802; d2 = 0.888; PPLX 2^7.46 = 176.4
ITER 143: d0 = 0.747; d1 = 0.818; d2 = 0.902; PPLX 2^7.47 = 177.1
ITER 144: d0 = 0.739; d1 = 0.847; d2 = 0.882; PPLX 2^7.47 = 177.9
ITER 145: d0 = 0.645; d1 = 0.831; d2 = 0.904; PPLX 2^7.47 = 177.6
ITER 146: d0 = 0.664; d1 = 0.789; d2 = 0.907; PPLX 2^7.46 = 176.3
ITER 147: d0 = 0.728; d1 = 0.822; d2 = 0.901; PPLX 2^7.47 = 177.0
ITER 148: d0 = 0.704; d1 = 0.806; d2 = 0.883; PPLX 2^7.46 = 176.5
ITER 149: d0 = 0.671; d1 = 0.840; d2 = 0.899; PPLX 2^7.48 = 178.2
ITER 150: d0 = 0.724; d1 = 0.784; d2 = 0.884; PPLX 2^7.46 = 176.0
ITER 151: d0 = 0.726; d1 = 0.815; d2 = 0.888; PPLX 2^7.46 = 176.6
ITER 152: d0 = 0.629; d1 = 0.819; d2 = 0.895; PPLX 2^7.47 = 177.4
ITER 153: d0 = 0.639; d1 = 0.791; d2 = 0.881; PPLX 2^7.46 = 176.0
ITER 154: d0 = 0.696; d1 = 0.839; d2 = 0.900; PPLX 2^7.48 = 177.9
ITER 155: d0 = 0.738; d1 = 0.829; d2 = 0.887; PPLX 2^7.47 = 177.2
ITER 156: d0 = 0.640; d1 = 0.827; d2 = 0.881; PPLX 2^7.47 = 177.3
ITER 157: d0 = 0.735; d1 = 0.808; d2 = 0.900; PPLX 2^7.47 = 177.4
ITER 158: d0 = 0.695; d1 = 0.848; d2 = 0.892; PPLX 2^7.48 = 178.4
ITER 159: d0 = 0.738; d1 = 0.800; d2 = 0.910; PPLX 2^7.47 = 177.2
ITER 160: d0 = 0.771; d1 = 0.791; d2 = 0.886; PPLX 2^7.46 = 176.4
ITER 161: d0 = 0.666; d1 = 0.789; d2 = 0.909; PPLX 2^7.47 = 176.7
ITER 162: d0 = 0.738; d1 = 0.817; d2 = 0.904; PPLX 2^7.47 = 177.4
ITER 163: d0 = 0.732; d1 = 0.844; d2 = 0.894; PPLX 2^7.48 = 178.3
ITER 164: d0 = 0.664; d1 = 0.805; d2 = 0.884; PPLX 2^7.47 = 177.0
ITER 165: d0 = 0.688; d1 = 0.787; d2 = 0.898; PPLX 2^7.46 = 176.5
ITER 166: d0 = 0.651; d1 = 0.793; d2 = 0.894; PPLX 2^7.46 = 176.7
ITER 167: d0 = 0.720; d1 = 0.789; d2 = 0.884; PPLX 2^7.46 = 176.3
ITER 168: d0 = 0.754; d1 = 0.836; d2 = 0.883; PPLX 2^7.47 = 177.8
ITER 169: d0 = 0.661; d1 = 0.802; d2 = 0.900; PPLX 2^7.47 = 176.9
ITER 170: d0 = 0.668; d1 = 0.789; d2 = 0.897; PPLX 2^7.46 = 176.2
ITER 171: d0 = 0.632; d1 = 0.798; d2 = 0.889; PPLX 2^7.47 = 176.7
ITER 172: d0 = 0.707; d1 = 0.802; d2 = 0.903; PPLX 2^7.47 = 176.8
ITER 173: d0 = 0.667; d1 = 0.790; d2 = 0.897; PPLX 2^7.46 = 176.2
ITER 174: d0 = 0.665; d1 = 0.790; d2 = 0.901; PPLX 2^7.46 = 176.6
ITER 175: d0 = 0.680; d1 = 0.833; d2 = 0.881; PPLX 2^7.47 = 177.7
ITER 176: d0 = 0.729; d1 = 0.802; d2 = 0.881; PPLX 2^7.46 = 176.1
ITER 177: d0 = 0.637; d1 = 0.832; d2 = 0.906; PPLX 2^7.48 = 178.2
ITER 178: d0 = 0.674; d1 = 0.803; d2 = 0.909; PPLX 2^7.47 = 177.3
ITER 179: d0 = 0.701; d1 = 0.796; d2 = 0.888; PPLX 2^7.46 = 176.3
ITER 180: d0 = 0.772; d1 = 0.791; d2 = 0.905; PPLX 2^7.46 = 176.1
ITER 181: d0 = 0.652; d1 = 0.838; d2 = 0.879; PPLX 2^7.47 = 177.9
ITER 182: d0 = 0.687; d1 = 0.821; d2 = 0.904; PPLX 2^7.47 = 177.4
ITER 183: d0 = 0.707; d1 = 0.798; d2 = 0.878; PPLX 2^7.46 = 176.2
ITER 184: d0 = 0.672; d1 = 0.829; d2 = 0.880; PPLX 2^7.47 = 177.6
ITER 185: d0 = 0.700; d1 = 0.830; d2 = 0.878; PPLX 2^7.47 = 177.2
ITER 186: d0 = 0.677; d1 = 0.821; d2 = 0.907; PPLX 2^7.47 = 177.2
ITER 187: d0 = 0.764; d1 = 0.842; d2 = 0.907; PPLX 2^7.48 = 178.2
ITER 188: d0 = 0.649; d1 = 0.808; d2 = 0.882; PPLX 2^7.47 = 176.8
ITER 189: d0 = 0.763; d1 = 0.822; d2 = 0.885; PPLX 2^7.47 = 177.2
ITER 190: d0 = 0.720; d1 = 0.809; d2 = 0.898; PPLX 2^7.47 = 176.8
ITER 191: d0 = 0.703; d1 = 0.833; d2 = 0.883; PPLX 2^7.47 = 177.8
ITER 192: d0 = 0.761; d1 = 0.813; d2 = 0.880; PPLX 2^7.47 = 177.2
ITER 193: d0 = 0.637; d1 = 0.786; d2 = 0.880; PPLX 2^7.46 = 176.2
ITER 194: d0 = 0.680; d1 = 0.804; d2 = 0.895; PPLX 2^7.47 = 176.9
ITER 195: d0 = 0.710; d1 = 0.815; d2 = 0.886; PPLX 2^7.47 = 177.0
ITER 196: d0 = 0.650; d1 = 0.821; d2 = 0.886; PPLX 2^7.47 = 177.1
ITER 197: d0 = 0.643; d1 = 0.787; d2 = 0.897; PPLX 2^7.46 = 176.4
ITER 198: d0 = 0.701; d1 = 0.816; d2 = 0.884; PPLX 2^7.47 = 177.1
ITER 199: d0 = 0.647; d1 = 0.827; d2 = 0.892; PPLX 2^7.47 = 177.8
ITER 200: d0 = 0.703; d1 = 0.820; d2 = 0.896; PPLX 2^7.47 = 177.3
ITER 201: d0 = 0.669; d1 = 0.813; d2 = 0.888; PPLX 2^7.47 = 177.1
ITER 202: d0 = 0.660; d1 = 0.789; d2 = 0.885; PPLX 2^7.46 = 176.4
ITER 203: d0 = 0.658; d1 = 0.803; d2 = 0.903; PPLX 2^7.47 = 176.9
ITER 204: d0 = 0.681; d1 = 0.822; d2 = 0.901; PPLX 2^7.47 = 177.6
ITER 205: d0 = 0.751; d1 = 0.828; d2 = 0.896; PPLX 2^7.47 = 177.8
ITER 206: d0 = 0.635; d1 = 0.804; d2 = 0.895; PPLX 2^7.47 = 176.9
ITER 207: d0 = 0.712; d1 = 0.813; d2 = 0.892; PPLX 2^7.47 = 176.9
ITER 208: d0 = 0.683; d1 = 0.813; d2 = 0.883; PPLX 2^7.47 = 176.9
ITER 209: d0 = 0.646; d1 = 0.848; d2 = 0.901; PPLX 2^7.48 = 178.4
ITER 210: d0 = 0.745; d1 = 0.823; d2 = 0.901; PPLX 2^7.47 = 177.3
ITER 211: d0 = 0.637; d1 = 0.838; d2 = 0.903; PPLX 2^7.48 = 178.1
ITER 212: d0 = 0.638; d1 = 0.819; d2 = 0.890; PPLX 2^7.47 = 177.3
ITER 213: d0 = 0.752; d1 = 0.787; d2 = 0.902; PPLX 2^7.46 = 175.9
ITER 214: d0 = 0.767; d1 = 0.811; d2 = 0.882; PPLX 2^7.46 = 176.6
ITER 215: d0 = 0.655; d1 = 0.827; d2 = 0.877; PPLX 2^7.47 = 177.2
ITER 216: d0 = 0.684; d1 = 0.831; d2 = 0.885; PPLX 2^7.47 = 177.2
ITER 217: d0 = 0.704; d1 = 0.849; d2 = 0.897; PPLX 2^7.48 = 178.4
ITER 218: d0 = 0.682; d1 = 0.804; d2 = 0.903; PPLX 2^7.47 = 177.2
ITER 219: d0 = 0.742; d1 = 0.795; d2 = 0.881; PPLX 2^7.46 = 176.4
ITER 220: d0 = 0.769; d1 = 0.848; d2 = 0.883; PPLX 2^7.48 = 178.3
ITER 221: d0 = 0.664; d1 = 0.813; d2 = 0.899; PPLX 2^7.47 = 177.4
ITER 222: d0 = 0.717; d1 = 0.812; d2 = 0.906; PPLX 2^7.47 = 177.0
ITER 223: d0 = 0.745; d1 = 0.783; d2 = 0.888; PPLX 2^7.46 = 176.1
ITER 224: d0 = 0.654; d1 = 0.791; d2 = 0.880; PPLX 2^7.46 = 176.5
ITER 225: d0 = 0.638; d1 = 0.824; d2 = 0.894; PPLX 2^7.47 = 177.4
ITER 226: d0 = 0.683; d1 = 0.808; d2 = 0.888; PPLX 2^7.46 = 176.3
ITER 227: d0 = 0.727; d1 = 0.805; d2 = 0.908; PPLX 2^7.46 = 176.4
ITER 228: d0 = 0.726; d1 = 0.803; d2 = 0.896; PPLX 2^7.46 = 176.2
ITER 229: d0 = 0.655; d1 = 0.785; d2 = 0.901; PPLX 2^7.46 = 176.1
ITER 230: d0 = 0.656; d1 = 0.785; d2 = 0.900; PPLX 2^7.46 = 176.4
ITER 231: d0 = 0.765; d1 = 0.784; d2 = 0.882; PPLX 2^7.46 = 175.9
ITER 232: d0 = 0.652; d1 = 0.809; d2 = 0.882; PPLX 2^7.47 = 176.9
ITER 233: d0 = 0.655; d1 = 0.826; d2 = 0.897; PPLX 2^7.48 = 178.0
ITER 234: d0 = 0.694; d1 = 0.787; d2 = 0.904; PPLX 2^7.46 = 176.2
ITER 235: d0 = 0.762; d1 = 0.833; d2 = 0.881; PPLX 2^7.47 = 177.1
ITER 236: d0 = 0.750; d1 = 0.821; d2 = 0.911; PPLX 2^7.47 = 177.5
ITER 237: d0 = 0.677; d1 = 0.792; d2 = 0.891; PPLX 2^7.46 = 176.6
ITER 238: d0 = 0.680; d1 = 0.789; d2 = 0.886; PPLX 2^7.46 = 176.1
ITER 239: d0 = 0.652; d1 = 0.784; d2 = 0.885; PPLX 2^7.46 = 176.0
ITER 240: d0 = 0.635; d1 = 0.816; d2 = 0.887; PPLX 2^7.47 = 177.1
ITER 241: d0 = 0.670; d1 = 0.809; d2 = 0.896; PPLX 2^7.47 = 176.7
ITER 242: d0 = 0.719; d1 = 0.820; d2 = 0.893; PPLX 2^7.47 = 177.1
ITER 243: d0 = 0.763; d1 = 0.808; d2 = 0.891; PPLX 2^7.47 = 176.8
ITER 244: d0 = 0.740; d1 = 0.799; d2 = 0.893; PPLX 2^7.46 = 176.6
ITER 245: d0 = 0.750; d1 = 0.791; d2 = 0.893; PPLX 2^7.46 = 176.0
ITER 246: d0 = 0.667; d1 = 0.823; d2 = 0.891; PPLX 2^7.47 = 177.3
ITER 247: d0 = 0.667; d1 = 0.808; d2 = 0.896; PPLX 2^7.46 = 176.4
ITER 248: d0 = 0.668; d1 = 0.844; d2 = 0.887; PPLX 2^7.48 = 178.0
ITER 249: d0 = 0.746; d1 = 0.784; d2 = 0.887; PPLX 2^7.46 = 176.2
ITER 250: d0 = 0.705; d1 = 0.824; d2 = 0.885; PPLX 2^7.47 = 177.6
ITER 251: d0 = 0.663; d1 = 0.797; d2 = 0.893; PPLX 2^7.47 = 176.9
ITER 252: d0 = 0.639; d1 = 0.841; d2 = 0.906; PPLX 2^7.48 = 178.5
ITER 253: d0 = 0.698; d1 = 0.808; d2 = 0.894; PPLX 2^7.46 = 176.6
ITER 254: d0 = 0.707; d1 = 0.818; d2 = 0.879; PPLX 2^7.47 = 177.0
ITER 255: d0 = 0.716; d1 = 0.787; d2 = 0.885; PPLX 2^7.46 = 176.1
ITER 256: d0 = 0.691; d1 = 0.787; d2 = 0.889; PPLX 2^7.46 = 176.5
ITER 257: d0 = 0.668; d1 = 0.834; d2 = 0.888; PPLX 2^7.48 = 178.1
ITER 258: d0 = 0.689; d1 = 0.806; d2 = 0.891; PPLX 2^7.47 = 176.8
ITER 259: d0 = 0.660; d1 = 0.805; d2 = 0.908; PPLX 2^7.47 = 176.9
ITER 260: d0 = 0.725; d1 = 0.816; d2 = 0.893; PPLX 2^7.47 = 177.2
ITER 261: d0 = 0.692; d1 = 0.840; d2 = 0.880; PPLX 2^7.47 = 177.7
ITER 262: d0 = 0.666; d1 = 0.841; d2 = 0.883; PPLX 2^7.48 = 178.2
ITER 263: d0 = 0.700; d1 = 0.786; d2 = 0.904; PPLX 2^7.47 = 176.9
ITER 264: d0 = 0.710; d1 = 0.804; d2 = 0.897; PPLX 2^7.47 = 176.8
ITER 265: d0 = 0.726; d1 = 0.797; d2 = 0.888; PPLX 2^7.46 = 176.3
ITER 266: d0 = 0.691; d1 = 0.825; d2 = 0.880; PPLX 2^7.47 = 177.0
ITER 267: d0 = 0.708; d1 = 0.785; d2 = 0.907; PPLX 2^7.46 = 176.1
ITER 268: d0 = 0.647; d1 = 0.819; d2 = 0.903; PPLX 2^7.47 = 177.4
ITER 269: d0 = 0.709; d1 = 0.831; d2 = 0.889; PPLX 2^7.48 = 177.9
ITER 270: d0 = 0.766; d1 = 0.796; d2 = 0.892; PPLX 2^7.46 = 176.3
ITER 271: d0 = 0.648; d1 = 0.798; d2 = 0.891; PPLX 2^7.46 = 176.4
ITER 272: d0 = 0.688; d1 = 0.794; d2 = 0.889; PPLX 2^7.47 = 176.7
ITER 273: d0 = 0.766; d1 = 0.794; d2 = 0.908; PPLX 2^7.46 = 176.4
ITER 274: d0 = 0.730; d1 = 0.812; d2 = 0.887; PPLX 2^7.47 = 177.2
ITER 275: d0 = 0.696; d1 = 0.811; d2 = 0.883; PPLX 2^7.47 = 177.0
ITER 276: d0 = 0.716; d1 = 0.791; d2 = 0.904; PPLX 2^7.46 = 176.6
ITER 277: d0 = 0.735; d1 = 0.787; d2 = 0.880; PPLX 2^7.46 = 176.1
ITER 278: d0 = 0.679; d1 = 0.843; d2 = 0.881; PPLX 2^7.48 = 178.2
ITER 279: d0 = 0.701; d1 = 0.819; d2 = 0.885; PPLX 2^7.47 = 177.0
ITER 280: d0 = 0.718; d1 = 0.850; d2 = 0.909; PPLX 2^7.48 = 178.4
ITER 281: d0 = 0.693; d1 = 0.799; d2 = 0.887; PPLX 2^7.46 = 176.2
ITER 282: d0 = 0.674; d1 = 0.789; d2 = 0.879; PPLX 2^7.46 = 176.2
ITER 283: d0 = 0.716; d1 = 0.816; d2 = 0.889; PPLX 2^7.47 = 177.3
ITER 284: d0 = 0.700; d1 = 0.784; d2 = 0.889; PPLX 2^7.46 = 176.5
ITER 285: d0 = 0.710; d1 = 0.842; d2 = 0.887; PPLX 2^7.47 = 177.8
ITER 286: d0 = 0.724; d1 = 0.796; d2 = 0.896; PPLX 2^7.47 = 176.8
ITER 287: d0 = 0.691; d1 = 0.825; d2 = 0.910; PPLX 2^7.48 = 178.0
ITER 288: d0 = 0.666; d1 = 0.812; d2 = 0.890; PPLX 2^7.47 = 177.3
ITER 289: d0 = 0.680; d1 = 0.831; d2 = 0.908; PPLX 2^7.47 = 177.7
ITER 290: d0 = 0.668; d1 = 0.797; d2 = 0.884; PPLX 2^7.46 = 176.5
ITER 291: d0 = 0.735; d1 = 0.787; d2 = 0.891; PPLX 2^7.46 = 175.8
ITER 292: d0 = 0.690; d1 = 0.790; d2 = 0.881; PPLX 2^7.46 = 176.0
ITER 293: d0 = 0.677; d1 = 0.795; d2 = 0.887; PPLX 2^7.46 = 176.3
ITER 294: d0 = 0.678; d1 = 0.798; d2 = 0.881; PPLX 2^7.46 = 176.2
ITER 295: d0 = 0.643; d1 = 0.782; d2 = 0.906; PPLX 2^7.46 = 176.2
ITER 296: d0 = 0.663; d1 = 0.799; d2 = 0.888; PPLX 2^7.46 = 176.5
ITER 297: d0 = 0.675; d1 = 0.820; d2 = 0.902; PPLX 2^7.47 = 177.6
ITER 298: d0 = 0.765; d1 = 0.792; d2 = 0.899; PPLX 2^7.46 = 176.6
ITER 299: d0 = 0.643; d1 = 0.788; d2 = 0.881; PPLX 2^7.46 = 175.9

SUMMARY
Compression ratio: 1.442145 bits/char (18.026808%)
Perplexity: 2^7.458121 = 175.840180

SAMPLE TEXT
... found them all of all our people who will duty Which meaning spreading dependency of welfare system strike of cooperation of the private over together system and inconsistencies is administrative for these first priority Education 93d are for ourselves the good slashes agricultural programs to expand dependent economic progress for high - a - looking more harshly competition and discipline program , will help bring these basic level of last thing . First , has also that caused supported by weapons , and the one that we must give to the people of our trade jump tonight Indian . Together , we shall be us through ever Arabia role , not to the Soviets - now construction tax rates and by developing that people from Concerning developments beyond our own strengthen , and truly the greatest hope to ensure that of . I couldn ' t perpetuate . North Korean War comes brigades family found consideration of what we can also , our . Our foreign policy goal , I repeat law . more investment citizens have brought here as a whole or collective bargaining this country ) and close to aid to education - Istanbul , the same more than health each . I with controls , 000 basis as long as about the United States Congress in to , which will be to the overwhelming majority bear their burdens - to hostile to which seeks to the world must be waged to give by the terror training and ...
RANGE approx 0.4067456312725531 + 2^-1854.425499
